INFO [06-23|09:54:36.605] Starting pprof server                    addr=http://0.0.0.0:9545/debug/pprof
INFO [06-23|09:54:36.605] Enabling metrics collection 
INFO [06-23|09:54:36.605] Running with private transaction manager disabled - quorum private transactions will not be supported 
INFO [06-23|09:54:36.859] Loaded most recent local header          number=0 hash=736d99..5e9f20 td=1 age=2y11mo2w
INFO [06-23|09:54:36.861] Generated state snapshot                 accounts=11 slots=0 storage=544.00B elapsed=1.515ms
INFO [06-23|09:54:36.862] BFT: Initialising snap with extradata    validators="[0x93917cADBace5dFCE132B991732c6Cda9bcC5B8a 0x27A97C9AaF04f18f3014c32e036dD0Ac76Da5f18 0xcE412f988377e31F4d0fF12d74df73B51C42d0cA 0x98C1334496614aED49d2E81526D089f7264fED9C]"
INFO [06-23|09:54:36.918] IPC endpoint opened                      url=/data/geth.ipc isMultitenant=false
WARN [06-23|09:54:37.043] full p2p peer                            id=2a2fe7f9e880372cfd2bda0cce412f988377e31f4d0ff12d74df73b51c42d0ca ethPeer="Peer 2a2fe7f9e880372c 172.16.239.13:30303"
WARN [06-23|09:54:37.129] full p2p peer                            id=c8f776c1d83d4fddd02782c698c1334496614aed49d2e81526d089f7264fed9c ethPeer="Peer c8f776c1d83d4fdd 172.16.239.14:30303"
INFO [06-23|09:54:38.135] Imported new chain segment               blocks=1 txs=0 mgas=0.000 elapsed="953.5µs" mgasps=0.000 number=1 hash=88360b..2d4645 dirty=0.00B
INFO [06-23|09:54:38.887] Unlocked account                         address=0xC9C913c8c3C1Cd416d80A0abF475db2062F161f6
WARN [06-23|09:54:38.887] permission-config.json file is missing. Smart-contract-based permission service will be disabled error="stat /data/permission-config.json: no such file or directory"
INFO [06-23|09:54:38.887] Transaction pool price threshold not updated as gasPrice is not enabled 
INFO [06-23|09:54:38.887] Transaction pool price threshold not updated as gasPrice is not enabled 
INFO [06-23|09:54:38.887] start QBFT 
INFO [06-23|09:54:38.887] BFT: activate QBFT 
INFO [06-23|09:54:38.887] QBFT: start                              address=0xDF8b560be949C229C821731554C33EAD5E3888A4
INFO [06-23|09:54:38.887] QBFT: initialize new round               address=0xDF8b560be949C229C821731554C33EAD5E3888A4 old.round=-1 old.seq=0 target.round=0 lastProposal.number=1 lastProposal.hash=88360b..2d4645
INFO [06-23|09:54:38.887] QBFT: start new round                    address=0xDF8b560be949C229C821731554C33EAD5E3888A4 old.round=-1 old.seq=0 next.round=0 next.seq=2 next.proposer=0x93917cADBace5dFCE132B991732c6Cda9bcC5B8a next.valSet="[0x27A97C9AaF04f18f3014c32e036dD0Ac76Da5f18 0x93917cADBace5dFCE132B991732c6Cda9bcC5B8a 0x98C1334496614aED49d2E81526D089f7264fED9C 0xcE412f988377e31F4d0fF12d74df73B51C42d0cA]" next.size=4 next.IsProposer=false
INFO [06-23|09:54:38.888] Commit new mining work                   number=2 sealhash=7604f4..39aba7 uncles=0 txs=0 gas=0 fees=0 elapsed="235.7µs"
WARN [06-23|09:54:38.888] Block sealing failed                     err=unauthorized
INFO [06-23|09:54:40.022] Imported new chain segment               blocks=1 txs=0 mgas=0.000 elapsed="633.7µs" mgasps=0.000 number=2 hash=2b2c89..460200 dirty=0.00B
INFO [06-23|09:54:40.023] Commit new mining work                   number=3 sealhash=054ead..6b6e11 uncles=0 txs=0 gas=0 fees=0 elapsed="198.8µs"
WARN [06-23|09:54:40.023] Block sealing failed                     err=unauthorized
INFO [06-23|09:54:40.023] QBFT: handle final committed             address=0xDF8b560be949C229C821731554C33EAD5E3888A4 current.round=0 current.sequence=2 state="Accept request"
INFO [06-23|09:54:40.023] QBFT: initialize new round               address=0xDF8b560be949C229C821731554C33EAD5E3888A4 current.round=0 current.sequence=2 target.round=0 lastProposal.number=2 lastProposal.hash=2b2c89..460200
INFO [06-23|09:54:40.023] QBFT: start new round                    address=0xDF8b560be949C229C821731554C33EAD5E3888A4 old.round=0  old.sequence=2 old.state="Accept request" old.proposer=0x93917cADBace5dFCE132B991732c6Cda9bcC5B8a next.round=0 next.seq=3 next.proposer=0x98C1334496614aED49d2E81526D089f7264fED9C next.valSet="[0x27A97C9AaF04f18f3014c32e036dD0Ac76Da5f18 0x93917cADBace5dFCE132B991732c6Cda9bcC5B8a 0x98C1334496614aED49d2E81526D089f7264fED9C 0xcE412f988377e31F4d0fF12d74df73B51C42d0cA]" next.size=4 next.IsProposer=false
INFO [06-23|09:54:48.015] QBFT: start new round                    address=0xDF8b560be949C229C821731554C33EAD5E3888A4 old.round=0  old.sequence=4 old.state="Accept request" old.proposer=0xcE412f988377e31F4d0fF12d74df73B51C42d0cA next.round=0 next.seq=5 next.proposer=0x93917cADBace5dFCE132B991732c6Cda9bcC5B8a next.valSet="[0x27A97C9AaF04f18f3014c32e036dD0Ac76Da5f18 0x93917cADBace5dFCE132B991732c6Cda9bcC5B8a 0x98C1334496614aED49d2E81526D089f7264fED9C 0xcE412f988377e31F4d0fF12d74df73B51C42d0cA]" next.size=4 next.IsProposer=false
INFO [06-23|09:54:48.015] Commit new mining work                   number=5 sealhash=e786bd..735305 uncles=0 txs=0 gas=0 fees=0 elapsed="659.5µs"
WARN [06-23|09:54:48.015] Block sealing failed                     err=unauthorized
INFO [06-23|09:54:48.523] Imported new chain segment               blocks=1 txs=0 mgas=0.000 elapsed="847.2µs" mgasps=0.000 number=5 hash=c2c2b7..e9de1d dirty=0.00B
INFO [06-23|09:54:48.523] QBFT: handle final committed             address=0xDF8b560be949C229C821731554C33EAD5E3888A4 current.round=0 current.sequence=5 state="Accept request"
INFO [06-23|09:54:48.523] QBFT: initialize new round               address=0xDF8b560be949C229C821731554C33EAD5E3888A4 current.round=0 current.sequence=5 target.round=0 lastProposal.number=5 lastProposal.hash=c2c2b7..e9de1d
INFO [06-23|09:54:48.523] QBFT: start new round                    address=0xDF8b560be949C229C821731554C33EAD5E3888A4 old.round=0  old.sequence=5 old.state="Accept request" old.proposer=0x93917cADBace5dFCE132B991732c6Cda9bcC5B8a next.round=0 next.seq=6 next.proposer=0x98C1334496614aED49d2E81526D089f7264fED9C next.valSet="[0x27A97C9AaF04f18f3014c32e036dD0Ac76Da5f18 0x93917cADBace5dFCE132B991732c6Cda9bcC5B8a 0x98C1334496614aED49d2E81526D089f7264fED9C 0xcE412f988377e31F4d0fF12d74df73B51C42d0cA]" next.size=4 next.IsProposer=false
INFO [06-23|09:54:48.524] Commit new mining work                   number=6 sealhash=c97be9..984961 uncles=0 txs=0 gas=0 fees=0 elapsed="441.3µs"
WARN [06-23|09:54:48.524] Block sealing failed                     err=unauthorized
INFO [06-23|09:54:50.006] Imported new chain segment               blocks=1 txs=0 mgas=0.000 elapsed="617.4µs" mgasps=0.000 number=6 hash=4fd4c7..9b65a9 dirty=0.00B
INFO [06-23|09:54:50.006] QBFT: initialize new round               address=0xDF8b560be949C229C821731554C33EAD5E3888A4 current.round=0 current.sequence=6 target.round=0 lastProposal.number=6 lastProposal.hash=4fd4c7..9b65a9
WARN [06-23|09:54:50.006] Block sealing failed                     err=unauthorized
INFO [06-23|09:54:50.006] QBFT: start new round                    address=0xDF8b560be949C229C821731554C33EAD5E3888A4 old.round=0  old.sequence=6 old.state="Accept request" old.proposer=0x98C1334496614aED49d2E81526D089f7264fED9C next.round=0 next.seq=7 next.proposer=0xcE412f988377e31F4d0fF12d74df73B51C42d0cA next.valSet="[0x27A97C9AaF04f18f3014c32e036dD0Ac76Da5f18 0x93917cADBace5dFCE132B991732c6Cda9bcC5B8a 0x98C1334496614aED49d2E81526D089f7264fED9C 0xcE412f988377e31F4d0fF12d74df73B51C42d0cA]" next.size=4 next.IsProposer=false
WARN [06-23|09:54:52.527] full p2p peer                            id=77e699b8a5282fa3837e39b3e090a28b8a9d0a69ec259cb745036d5d1030e3ea ethPeer="Peer 77e699b8a5282fa3 172.16.239.17:53124"
INFO [06-23|09:54:56.012] Imported new chain segment               blocks=1 txs=0 mgas=0.000 elapsed="836.4µs" mgasps=0.000 number=7 hash=3ec221..f9ac26 dirty=0.00B
INFO [06-23|09:54:56.012] QBFT: handle final committed             address=0xDF8b560be949C229C821731554C33EAD5E3888A4 current.round=0 current.sequence=7 state="Accept request"
INFO [06-23|09:54:56.012] QBFT: initialize new round               address=0xDF8b560be949C229C821731554C33EAD5E3888A4 current.round=0 current.sequence=7 target.round=0 lastProposal.number=7 lastProposal.hash=3ec221..f9ac26
INFO [06-23|09:54:56.013] Commit new mining work                   number=8 sealhash=0835da..5569b7 uncles=0 txs=0 gas=0 fees=0 elapsed="300.7µs"
INFO [06-23|09:54:56.019] QBFT: handle final committed             address=0xDF8b560be949C229C821731554C33EAD5E3888A4 current.round=0 current.sequence=8 state="Accept request"
INFO [06-23|09:54:58.006] QBFT: handle final committed             address=0xDF8b560be949C229C821731554C33EAD5E3888A4 current.round=0 current.sequence=9 state="Accept request"
INFO [06-23|09:54:58.006] QBFT: initialize new round               address=0xDF8b560be949C229C821731554C33EAD5E3888A4 current.round=0 current.sequence=9 target.round=0 lastProposal.number=9 lastProposal.hash=00ec90..fff477
INFO [06-23|09:55:04.012] QBFT: handle final committed             address=0xDF8b560be949C229C821731554C33EAD5E3888A4 current.round=0 current.sequence=10 state="Accept request"
INFO [06-23|09:55:04.012] QBFT: initialize new round               address=0xDF8b560be949C229C821731554C33EAD5E3888A4 current.round=0 current.sequence=10 target.round=0 lastProposal.number=10 lastProposal.hash=b82467..95ee6f
INFO [06-23|09:55:04.012] QBFT: start new round                    address=0xDF8b560be949C229C821731554C33EAD5E3888A4 old.round=0  old.sequence=10 old.state="Accept request" old.proposer=0xcE412f988377e31F4d0fF12d74df73B51C42d0cA next.round=0 next.seq=11 next.proposer=0x93917cADBace5dFCE132B991732c6Cda9bcC5B8a next.valSet="[0x27A97C9AaF04f18f3014c32e036dD0Ac76Da5f18 0x93917cADBace5dFCE132B991732c6Cda9bcC5B8a 0x98C1334496614aED49d2E81526D089f7264fED9C 0xcE412f988377e31F4d0fF12d74df73B51C42d0cA]" next.size=4 next.IsProposer=false
INFO [06-23|09:55:04.012] Commit new mining work                   number=11 sealhash=d01c5d..f0d9c5 uncles=0 txs=0 gas=0 fees=0 elapsed="218.1µs"
WARN [06-23|09:55:04.012] Block sealing failed                     err=unauthorized
INFO [06-23|09:55:06.006] Commit new mining work                   number=13 sealhash=3b3b4b..878ed7 uncles=0 txs=0 gas=0 fees=0 elapsed="205.4µs"
WARN [06-23|09:55:06.006] Block sealing failed                     err=unauthorized
INFO [06-23|09:55:06.006] QBFT: handle final committed             address=0xDF8b560be949C229C821731554C33EAD5E3888A4 current.round=0 current.sequence=12 state="Accept request"
INFO [06-23|09:55:06.006] QBFT: initialize new round               address=0xDF8b560be949C229C821731554C33EAD5E3888A4 current.round=0 current.sequence=12 target.round=0 lastProposal.number=12 lastProposal.hash=3288ee..2dd309
INFO [06-23|09:55:06.006] QBFT: start new round                    address=0xDF8b560be949C229C821731554C33EAD5E3888A4 old.round=0  old.sequence=12 old.state="Accept request" old.proposer=0x98C1334496614aED49d2E81526D089f7264fED9C next.round=0 next.seq=13 next.proposer=0xcE412f988377e31F4d0fF12d74df73B51C42d0cA next.valSet="[0x27A97C9AaF04f18f3014c32e036dD0Ac76Da5f18 0x93917cADBace5dFCE132B991732c6Cda9bcC5B8a 0x98C1334496614aED49d2E81526D089f7264fED9C 0xcE412f988377e31F4d0fF12d74df73B51C42d0cA]" next.size=4 next.IsProposer=false
WARN [06-23|09:55:12.011] Block sealing failed                     err=unauthorized
INFO [06-23|09:55:12.011] QBFT: handle final committed             address=0xDF8b560be949C229C821731554C33EAD5E3888A4 current.round=0 current.sequence=13 state="Accept request"
INFO [06-23|09:55:12.011] QBFT: initialize new round               address=0xDF8b560be949C229C821731554C33EAD5E3888A4 current.round=0 current.sequence=13 target.round=0 lastProposal.number=13 lastProposal.hash=36853b..b225d3
INFO [06-23|09:55:12.011] QBFT: start new round                    address=0xDF8b560be949C229C821731554C33EAD5E3888A4 old.round=0  old.sequence=13 old.state="Accept request" old.proposer=0xcE412f988377e31F4d0fF12d74df73B51C42d0cA next.round=0 next.seq=14 next.proposer=0x93917cADBace5dFCE132B991732c6Cda9bcC5B8a next.valSet="[0x27A97C9AaF04f18f3014c32e036dD0Ac76Da5f18 0x93917cADBace5dFCE132B991732c6Cda9bcC5B8a 0x98C1334496614aED49d2E81526D089f7264fED9C 0xcE412f988377e31F4d0fF12d74df73B51C42d0cA]" next.size=4 next.IsProposer=false
INFO [06-23|09:55:12.015] Imported new chain segment               blocks=1 txs=0 mgas=0.000 elapsed="608.7µs" mgasps=0.000 number=14 hash=4355c5..b0779f dirty=0.00B
INFO [06-23|09:55:12.016] Commit new mining work                   number=15 sealhash=ddb059..afe37a uncles=0 txs=0 gas=0 fees=0 elapsed="192.9µs"
WARN [06-23|09:55:12.016] Block sealing failed                     err=unauthorized
INFO [06-23|09:55:12.016] QBFT: handle final committed             address=0xDF8b560be949C229C821731554C33EAD5E3888A4 current.round=0 current.sequence=14 state="Accept request"
INFO [06-23|09:55:12.016] QBFT: initialize new round               address=0xDF8b560be949C229C821731554C33EAD5E3888A4 current.round=0 current.sequence=14 target.round=0 lastProposal.number=14 lastProposal.hash=4355c5..b0779f
INFO [06-23|09:55:12.016] QBFT: start new round                    address=0xDF8b560be949C229C821731554C33EAD5E3888A4 old.round=0  old.sequence=14 old.state="Accept request" old.proposer=0x93917cADBace5dFCE132B991732c6Cda9bcC5B8a next.round=0 next.seq=15 next.proposer=0x98C1334496614aED49d2E81526D089f7264fED9C next.valSet="[0x27A97C9AaF04f18f3014c32e036dD0Ac76Da5f18 0x93917cADBace5dFCE132B991732c6Cda9bcC5B8a 0x98C1334496614aED49d2E81526D089f7264fED9C 0xcE412f988377e31F4d0fF12d74df73B51C42d0cA]" next.size=4 next.IsProposer=false
INFO [06-23|09:55:14.007] Imported new chain segment               blocks=1 txs=0 mgas=0.000 elapsed="709.9µs" mgasps=0.000 number=15 hash=40671d..508287 dirty=0.00B
INFO [06-23|09:55:16.006] Imported new chain segment               blocks=1 txs=0 mgas=0.000 elapsed="607.5µs" mgasps=0.000 number=16 hash=9c54ba..45185e dirty=0.00B
INFO [06-23|09:55:16.006] Commit new mining work                   number=17 sealhash=8b520f..de67f9 uncles=0 txs=0 gas=0 fees=0 elapsed="150.9µs"
INFO [06-23|09:55:16.006] QBFT: handle final committed             address=0xDF8b560be949C229C821731554C33EAD5E3888A4 current.round=0 current.sequence=16 state="Accept request"
WARN [06-23|09:55:16.006] Block sealing failed                     err=unauthorized
INFO [06-23|09:55:18.006] Imported new chain segment               blocks=1 txs=0 mgas=0.000 elapsed=1.344ms   mgasps=0.000 number=17 hash=9af988..3b8134 dirty=0.00B
INFO [06-23|09:55:18.007] QBFT: handle final committed             address=0xDF8b560be949C229C821731554C33EAD5E3888A4 current.round=0 current.sequence=17 state="Accept request"
INFO [06-23|09:55:18.007] QBFT: initialize new round               address=0xDF8b560be949C229C821731554C33EAD5E3888A4 current.round=0 current.sequence=17 target.round=0 lastProposal.number=17 lastProposal.hash=9af988..3b8134
INFO [06-23|09:55:18.007] QBFT: start new round                    address=0xDF8b560be949C229C821731554C33EAD5E3888A4 old.round=0  old.sequence=17 old.state="Accept request" old.proposer=0x27A97C9AaF04f18f3014c32e036dD0Ac76Da5f18 next.round=0 next.seq=18 next.proposer=0x93917cADBace5dFCE132B991732c6Cda9bcC5B8a next.valSet="[0x27A97C9AaF04f18f3014c32e036dD0Ac76Da5f18 0x93917cADBace5dFCE132B991732c6Cda9bcC5B8a 0x98C1334496614aED49d2E81526D089f7264fED9C 0xcE412f988377e31F4d0fF12d74df73B51C42d0cA]" next.size=4 next.IsProposer=false
INFO [06-23|09:55:18.007] Commit new mining work                   number=18 sealhash=39e927..797302 uncles=0 txs=0 gas=0 fees=0 elapsed="405.9µs"
WARN [06-23|09:55:18.007] Block sealing failed                     err=unauthorized
INFO [06-23|09:55:20.008] Imported new chain segment               blocks=1 txs=0 mgas=0.000 elapsed="642.3µs" mgasps=0.000 number=18 hash=2c8c15..cab0c7 dirty=0.00B
INFO [06-23|09:55:22.006] Imported new chain segment               blocks=1 txs=0 mgas=0.000 elapsed="593.7µs" mgasps=0.000 number=19 hash=d1882c..490d2b dirty=0.00B
INFO [06-23|09:55:22.006] Commit new mining work                   number=20 sealhash=f68ff6..c8838f uncles=0 txs=0 gas=0 fees=0 elapsed="189.3µs"
WARN [06-23|09:55:22.006] Block sealing failed                     err=unauthorized
INFO [06-23|09:55:22.006] QBFT: handle final committed             address=0xDF8b560be949C229C821731554C33EAD5E3888A4 current.round=0 current.sequence=19 state="Accept request"
INFO [06-23|09:55:22.006] QBFT: initialize new round               address=0xDF8b560be949C229C821731554C33EAD5E3888A4 current.round=0 current.sequence=19 target.round=0 lastProposal.number=19 lastProposal.hash=d1882c..490d2b
INFO [06-23|09:55:24.021] QBFT: initialize new round               address=0xDF8b560be949C229C821731554C33EAD5E3888A4 current.round=0 current.sequence=20 target.round=0 lastProposal.number=20 lastProposal.hash=0c9b4d..c9ced7
INFO [06-23|09:55:26.007] Imported new chain segment               blocks=1 txs=0 mgas=0.000 elapsed="505.1µs" mgasps=0.000 number=21 hash=8177a7..323a8a dirty=0.00B
INFO [06-23|09:55:26.007] QBFT: handle final committed             address=0xDF8b560be949C229C821731554C33EAD5E3888A4 current.round=0 current.sequence=21 state="Accept request"
INFO [06-23|09:55:26.008] QBFT: start new round                    address=0xDF8b560be949C229C821731554C33EAD5E3888A4 old.round=0  old.sequence=21 old.state="Accept request" old.proposer=0x27A97C9AaF04f18f3014c32e036dD0Ac76Da5f18 next.round=0 next.seq=22 next.proposer=0x93917cADBace5dFCE132B991732c6Cda9bcC5B8a next.valSet="[0x27A97C9AaF04f18f3014c32e036dD0Ac76Da5f18 0x93917cADBace5dFCE132B991732c6Cda9bcC5B8a 0x98C1334496614aED49d2E81526D089f7264fED9C 0xcE412f988377e31F4d0fF12d74df73B51C42d0cA]" next.size=4 next.IsProposer=false
INFO [06-23|09:55:28.005] Imported new chain segment               blocks=1 txs=0 mgas=0.000 elapsed="638.4µs" mgasps=0.000 number=22 hash=2832a7..40ec6e dirty=0.00B
INFO [06-23|09:55:28.006] Commit new mining work                   number=23 sealhash=4c9b3f..7d716a uncles=0 txs=0 gas=0 fees=0 elapsed="192.8µs"
WARN [06-23|09:55:28.006] Block sealing failed                     err=unauthorized
INFO [06-23|09:55:28.006] QBFT: handle final committed             address=0xDF8b560be949C229C821731554C33EAD5E3888A4 current.round=0 current.sequence=22 state="Accept request"
INFO [06-23|09:55:28.006] QBFT: initialize new round               address=0xDF8b560be949C229C821731554C33EAD5E3888A4 current.round=0 current.sequence=22 target.round=0 lastProposal.number=22 lastProposal.hash=2832a7..40ec6e
INFO [06-23|09:55:28.006] QBFT: start new round                    address=0xDF8b560be949C229C821731554C33EAD5E3888A4 old.round=0  old.sequence=22 old.state="Accept request" old.proposer=0x93917cADBace5dFCE132B991732c6Cda9bcC5B8a next.round=0 next.seq=23 next.proposer=0x98C1334496614aED49d2E81526D089f7264fED9C next.valSet="[0x27A97C9AaF04f18f3014c32e036dD0Ac76Da5f18 0x93917cADBace5dFCE132B991732c6Cda9bcC5B8a 0x98C1334496614aED49d2E81526D089f7264fED9C 0xcE412f988377e31F4d0fF12d74df73B51C42d0cA]" next.size=4 next.IsProposer=false
INFO [06-23|09:55:30.010] Imported new chain segment               blocks=1 txs=0 mgas=0.000 elapsed=1.175ms   mgasps=0.000 number=23 hash=23e744..bb7936 dirty=0.00B
INFO [06-23|09:55:30.011] QBFT: initialize new round               address=0xDF8b560be949C229C821731554C33EAD5E3888A4 current.round=0 current.sequence=23 target.round=0 lastProposal.number=23 lastProposal.hash=23e744..bb7936
INFO [06-23|09:55:30.011] QBFT: start new round                    address=0xDF8b560be949C229C821731554C33EAD5E3888A4 old.round=0  old.sequence=23 old.state="Accept request" old.proposer=0x98C1334496614aED49d2E81526D089f7264fED9C next.round=0 next.seq=24 next.proposer=0xcE412f988377e31F4d0fF12d74df73B51C42d0cA next.valSet="[0x27A97C9AaF04f18f3014c32e036dD0Ac76Da5f18 0x93917cADBace5dFCE132B991732c6Cda9bcC5B8a 0x98C1334496614aED49d2E81526D089f7264fED9C 0xcE412f988377e31F4d0fF12d74df73B51C42d0cA]" next.size=4 next.IsProposer=false
WARN [06-23|09:55:30.011] Block sealing failed                     err=unauthorized
INFO [06-23|09:55:32.507] Imported new chain segment               blocks=1 txs=0 mgas=0.000 elapsed="526.3µs" mgasps=0.000 number=24 hash=3d2604..070200 dirty=0.00B
INFO [06-23|09:55:32.507] QBFT: handle final committed             address=0xDF8b560be949C229C821731554C33EAD5E3888A4 current.round=0 current.sequence=24 state="Accept request"
INFO [06-23|09:55:32.507] QBFT: initialize new round               address=0xDF8b560be949C229C821731554C33EAD5E3888A4 current.round=0 current.sequence=24 target.round=0 lastProposal.number=24 lastProposal.hash=3d2604..070200
INFO [06-23|09:55:32.508] QBFT: start new round                    address=0xDF8b560be949C229C821731554C33EAD5E3888A4 old.round=0  old.sequence=24 old.state="Accept request" old.proposer=0xcE412f988377e31F4d0fF12d74df73B51C42d0cA next.round=0 next.seq=25 next.proposer=0x27A97C9AaF04f18f3014c32e036dD0Ac76Da5f18 next.valSet="[0x27A97C9AaF04f18f3014c32e036dD0Ac76Da5f18 0x93917cADBace5dFCE132B991732c6Cda9bcC5B8a 0x98C1334496614aED49d2E81526D089f7264fED9C 0xcE412f988377e31F4d0fF12d74df73B51C42d0cA]" next.size=4 next.IsProposer=false
INFO [06-23|09:55:34.006] Imported new chain segment               blocks=1 txs=0 mgas=0.000 elapsed="625.3µs" mgasps=0.000 number=25 hash=a8b77c..9e7917 dirty=0.00B
INFO [06-23|09:55:34.007] QBFT: start new round                    address=0xDF8b560be949C229C821731554C33EAD5E3888A4 old.round=0  old.sequence=25 old.state="Accept request" old.proposer=0x27A97C9AaF04f18f3014c32e036dD0Ac76Da5f18 next.round=0 next.seq=26 next.proposer=0x93917cADBace5dFCE132B991732c6Cda9bcC5B8a next.valSet="[0x27A97C9AaF04f18f3014c32e036dD0Ac76Da5f18 0x93917cADBace5dFCE132B991732c6Cda9bcC5B8a 0x98C1334496614aED49d2E81526D089f7264fED9C 0xcE412f988377e31F4d0fF12d74df73B51C42d0cA]" next.size=4 next.IsProposer=false
INFO [06-23|09:55:36.007] Commit new mining work                   number=27 sealhash=1e51df..76bdbc uncles=0 txs=0 gas=0 fees=0 elapsed="272.5µs"
INFO [06-23|09:55:38.010] QBFT: handle final committed             address=0xDF8b560be949C229C821731554C33EAD5E3888A4 current.round=0 current.sequence=27 state="Accept request"
INFO [06-23|09:55:38.010] Commit new mining work                   number=28 sealhash=52302a..6186bd uncles=0 txs=0 gas=0 fees=0 elapsed="274.7µs"
INFO [06-23|09:55:38.010] QBFT: initialize new round               address=0xDF8b560be949C229C821731554C33EAD5E3888A4 current.round=0 current.sequence=27 target.round=0 lastProposal.number=27 lastProposal.hash=771771..548ea5
INFO [06-23|09:55:38.010] QBFT: start new round                    address=0xDF8b560be949C229C821731554C33EAD5E3888A4 old.round=0  old.sequence=27 old.state="Accept request" old.proposer=0x98C1334496614aED49d2E81526D089f7264fED9C next.round=0 next.seq=28 next.proposer=0xcE412f988377e31F4d0fF12d74df73B51C42d0cA next.valSet="[0x27A97C9AaF04f18f3014c32e036dD0Ac76Da5f18 0x93917cADBace5dFCE132B991732c6Cda9bcC5B8a 0x98C1334496614aED49d2E81526D089f7264fED9C 0xcE412f988377e31F4d0fF12d74df73B51C42d0cA]" next.size=4 next.IsProposer=false
WARN [06-23|09:55:38.010] Block sealing failed                     err=unauthorized
INFO [06-23|09:55:40.006] QBFT: handle final committed             address=0xDF8b560be949C229C821731554C33EAD5E3888A4 current.round=0 current.sequence=28 state="Accept request"
INFO [06-23|09:55:40.006] QBFT: initialize new round               address=0xDF8b560be949C229C821731554C33EAD5E3888A4 current.round=0 current.sequence=28 target.round=0 lastProposal.number=28 lastProposal.hash=e73f8c..03c2f3
INFO [06-23|09:55:40.006] QBFT: start new round                    address=0xDF8b560be949C229C821731554C33EAD5E3888A4 old.round=0  old.sequence=28 old.state="Accept request" old.proposer=0xcE412f988377e31F4d0fF12d74df73B51C42d0cA next.round=0 next.seq=29 next.proposer=0x27A97C9AaF04f18f3014c32e036dD0Ac76Da5f18 next.valSet="[0x27A97C9AaF04f18f3014c32e036dD0Ac76Da5f18 0x93917cADBace5dFCE132B991732c6Cda9bcC5B8a 0x98C1334496614aED49d2E81526D089f7264fED9C 0xcE412f988377e31F4d0fF12d74df73B51C42d0cA]" next.size=4 next.IsProposer=false
INFO [06-23|09:55:40.006] Commit new mining work                   number=29 sealhash=b0b849..687275 uncles=0 txs=0 gas=0 fees=0 elapsed="226.8µs"
WARN [06-23|09:55:40.006] Block sealing failed                     err=unauthorized
INFO [06-23|09:55:42.006] Commit new mining work                   number=30 sealhash=79e72f..294ef0 uncles=0 txs=0 gas=0 fees=0 elapsed="206.6µs"
INFO [06-23|09:55:42.007] QBFT: start new round                    address=0xDF8b560be949C229C821731554C33EAD5E3888A4 old.round=0  old.sequence=29 old.state="Accept request" old.proposer=0x27A97C9AaF04f18f3014c32e036dD0Ac76Da5f18 next.round=0 next.seq=30 next.proposer=0x93917cADBace5dFCE132B991732c6Cda9bcC5B8a next.valSet="[0x27A97C9AaF04f18f3014c32e036dD0Ac76Da5f18 0x93917cADBace5dFCE132B991732c6Cda9bcC5B8a 0x98C1334496614aED49d2E81526D089f7264fED9C 0xcE412f988377e31F4d0fF12d74df73B51C42d0cA]" next.size=4 next.IsProposer=false
INFO [06-23|09:55:44.007] Imported new chain segment               blocks=1 txs=0 mgas=0.000 elapsed="557µs"   mgasps=0.000 number=30 hash=097ca1..720188 dirty=0.00B
INFO [06-23|09:55:44.007] Commit new mining work                   number=31 sealhash=3b8a4f..c7cda3 uncles=0 txs=0 gas=0 fees=0 elapsed="180.1µs"
INFO [06-23|09:55:44.008] QBFT: start new round                    address=0xDF8b560be949C229C821731554C33EAD5E3888A4 old.round=0  old.sequence=30 old.state="Accept request" old.proposer=0x93917cADBace5dFCE132B991732c6Cda9bcC5B8a next.round=0 next.seq=31 next.proposer=0x98C1334496614aED49d2E81526D089f7264fED9C next.valSet="[0x27A97C9AaF04f18f3014c32e036dD0Ac76Da5f18 0x93917cADBace5dFCE132B991732c6Cda9bcC5B8a 0x98C1334496614aED49d2E81526D089f7264fED9C 0xcE412f988377e31F4d0fF12d74df73B51C42d0cA]" next.size=4 next.IsProposer=false
INFO [06-23|09:55:46.007] Imported new chain segment               blocks=1 txs=0 mgas=0.000 elapsed="614.3µs" mgasps=0.000 number=31 hash=63ede2..9f456c dirty=0.00B
INFO [06-23|09:55:46.008] QBFT: handle final committed             address=0xDF8b560be949C229C821731554C33EAD5E3888A4 current.round=0 current.sequence=31 state="Accept request"
INFO [06-23|09:55:46.008] QBFT: start new round                    address=0xDF8b560be949C229C821731554C33EAD5E3888A4 old.round=0  old.sequence=31 old.state="Accept request" old.proposer=0x98C1334496614aED49d2E81526D089f7264fED9C next.round=0 next.seq=32 next.proposer=0xcE412f988377e31F4d0fF12d74df73B51C42d0cA next.valSet="[0x27A97C9AaF04f18f3014c32e036dD0Ac76Da5f18 0x93917cADBace5dFCE132B991732c6Cda9bcC5B8a 0x98C1334496614aED49d2E81526D089f7264fED9C 0xcE412f988377e31F4d0fF12d74df73B51C42d0cA]" next.size=4 next.IsProposer=false
INFO [06-23|09:55:46.008] Commit new mining work                   number=32 sealhash=df3288..87ed03 uncles=0 txs=0 gas=0 fees=0 elapsed="231.9µs"
WARN [06-23|09:55:46.008] Block sealing failed                     err=unauthorized
INFO [06-23|09:55:50.007] Imported new chain segment               blocks=1 txs=0 mgas=0.000 elapsed="626.4µs" mgasps=0.000 number=33 hash=df3684..18f13c dirty=0.00B
INFO [06-23|09:55:50.007] Commit new mining work                   number=34 sealhash=d38e75..5e50c2 uncles=0 txs=0 gas=0 fees=0 elapsed="263µs"
WARN [06-23|09:55:50.008] Block sealing failed                     err=unauthorized
INFO [06-23|09:55:52.007] QBFT: start new round                    address=0xDF8b560be949C229C821731554C33EAD5E3888A4 old.round=0  old.sequence=34 old.state="Accept request" old.proposer=0x93917cADBace5dFCE132B991732c6Cda9bcC5B8a next.round=0 next.seq=35 next.proposer=0x98C1334496614aED49d2E81526D089f7264fED9C next.valSet="[0x27A97C9AaF04f18f3014c32e036dD0Ac76Da5f18 0x93917cADBace5dFCE132B991732c6Cda9bcC5B8a 0x98C1334496614aED49d2E81526D089f7264fED9C 0xcE412f988377e31F4d0fF12d74df73B51C42d0cA]" next.size=4 next.IsProposer=false
INFO [06-23|09:55:54.008] Commit new mining work                   number=36 sealhash=a7cb08..0c8d62 uncles=0 txs=0 gas=0 fees=0 elapsed="213.9µs"
INFO [06-23|09:55:54.009] QBFT: handle final committed             address=0xDF8b560be949C229C821731554C33EAD5E3888A4 current.round=0 current.sequence=35 state="Accept request"
INFO [06-23|09:55:54.009] QBFT: initialize new round               address=0xDF8b560be949C229C821731554C33EAD5E3888A4 current.round=0 current.sequence=35 target.round=0 lastProposal.number=35 lastProposal.hash=3c3d38..e8a38a
INFO [06-23|09:55:54.009] QBFT: start new round                    address=0xDF8b560be949C229C821731554C33EAD5E3888A4 old.round=0  old.sequence=35 old.state="Accept request" old.proposer=0x98C1334496614aED49d2E81526D089f7264fED9C next.round=0 next.seq=36 next.proposer=0xcE412f988377e31F4d0fF12d74df73B51C42d0cA next.valSet="[0x27A97C9AaF04f18f3014c32e036dD0Ac76Da5f18 0x93917cADBace5dFCE132B991732c6Cda9bcC5B8a 0x98C1334496614aED49d2E81526D089f7264fED9C 0xcE412f988377e31F4d0fF12d74df73B51C42d0cA]" next.size=4 next.IsProposer=false
INFO [06-23|09:55:56.007] Imported new chain segment               blocks=1 txs=0 mgas=0.000 elapsed="680.5µs" mgasps=0.000 number=36 hash=ba329d..470cfb dirty=0.00B
INFO [06-23|09:55:56.008] Commit new mining work                   number=37 sealhash=a035e7..db3120 uncles=0 txs=0 gas=0 fees=0 elapsed="199.5µs"
WARN [06-23|09:55:56.008] Block sealing failed                     err=unauthorized
INFO [06-23|09:55:56.008] QBFT: handle final committed             address=0xDF8b560be949C229C821731554C33EAD5E3888A4 current.round=0 current.sequence=36 state="Accept request"
INFO [06-23|09:55:56.008] QBFT: initialize new round               address=0xDF8b560be949C229C821731554C33EAD5E3888A4 current.round=0 current.sequence=36 target.round=0 lastProposal.number=36 lastProposal.hash=ba329d..470cfb
INFO [06-23|09:55:56.008] QBFT: start new round                    address=0xDF8b560be949C229C821731554C33EAD5E3888A4 old.round=0  old.sequence=36 old.state="Accept request" old.proposer=0xcE412f988377e31F4d0fF12d74df73B51C42d0cA next.round=0 next.seq=37 next.proposer=0x27A97C9AaF04f18f3014c32e036dD0Ac76Da5f18 next.valSet="[0x27A97C9AaF04f18f3014c32e036dD0Ac76Da5f18 0x93917cADBace5dFCE132B991732c6Cda9bcC5B8a 0x98C1334496614aED49d2E81526D089f7264fED9C 0xcE412f988377e31F4d0fF12d74df73B51C42d0cA]" next.size=4 next.IsProposer=false
WARN [06-23|09:55:58.010] Block sealing failed                     err=unauthorized
INFO [06-23|09:56:00.008] Imported new chain segment               blocks=1 txs=1 mgas=0.000 elapsed=1.310ms   mgasps=0.000 number=38 hash=44d419..c31296 dirty=1.04KiB
INFO [06-23|09:56:00.008] Commit new mining work                   number=39 sealhash=1504db..961003 uncles=0 txs=0 gas=0 fees=0 elapsed="219.6µs"
INFO [06-23|09:56:00.008] QBFT: handle final committed             address=0xDF8b560be949C229C821731554C33EAD5E3888A4 current.round=0 current.sequence=38 state="Accept request"
INFO [06-23|09:56:00.008] QBFT: start new round                    address=0xDF8b560be949C229C821731554C33EAD5E3888A4 old.round=0  old.sequence=38 old.state="Accept request" old.proposer=0x93917cADBace5dFCE132B991732c6Cda9bcC5B8a next.round=0 next.seq=39 next.proposer=0x98C1334496614aED49d2E81526D089f7264fED9C next.valSet="[0x27A97C9AaF04f18f3014c32e036dD0Ac76Da5f18 0x93917cADBace5dFCE132B991732c6Cda9bcC5B8a 0x98C1334496614aED49d2E81526D089f7264fED9C 0xcE412f988377e31F4d0fF12d74df73B51C42d0cA]" next.size=4 next.IsProposer=false
INFO [06-23|09:56:02.008] Imported new chain segment               blocks=1 txs=0 mgas=0.000 elapsed=2.351ms   mgasps=0.000 number=39 hash=70c570..414e29 dirty=1.04KiB
INFO [06-23|09:56:02.008] Commit new mining work                   number=40 sealhash=efe7c3..ced2e7 uncles=0 txs=0 gas=0 fees=0 elapsed="209.6µs"
INFO [06-23|09:56:04.009] Imported new chain segment               blocks=1 txs=0 mgas=0.000 elapsed="690.1µs" mgasps=0.000 number=40 hash=858be8..1999cd dirty=1.04KiB
INFO [06-23|09:56:04.009] QBFT: start new round                    address=0xDF8b560be949C229C821731554C33EAD5E3888A4 old.round=0  old.sequence=40 old.state="Accept request" old.proposer=0xcE412f988377e31F4d0fF12d74df73B51C42d0cA next.round=0 next.seq=41 next.proposer=0x27A97C9AaF04f18f3014c32e036dD0Ac76Da5f18 next.valSet="[0x27A97C9AaF04f18f3014c32e036dD0Ac76Da5f18 0x93917cADBace5dFCE132B991732c6Cda9bcC5B8a 0x98C1334496614aED49d2E81526D089f7264fED9C 0xcE412f988377e31F4d0fF12d74df73B51C42d0cA]" next.size=4 next.IsProposer=false
INFO [06-23|09:56:04.010] Commit new mining work                   number=41 sealhash=7cb050..77e63e uncles=0 txs=0 gas=0 fees=0 elapsed="585µs"
INFO [06-23|09:56:06.007] Imported new chain segment               blocks=1 txs=0 mgas=0.000 elapsed="599.3µs" mgasps=0.000 number=41 hash=be64cb..528558 dirty=1.04KiB
INFO [06-23|09:56:06.008] QBFT: handle final committed             address=0xDF8b560be949C229C821731554C33EAD5E3888A4 current.round=0 current.sequence=41 state="Accept request"
WARN [06-23|09:56:06.008] Block sealing failed                     err=unauthorized
INFO [06-23|09:56:08.007] Imported new chain segment               blocks=1 txs=0 mgas=0.000 elapsed="686.4µs" mgasps=0.000 number=42 hash=f31a7f..923d0e dirty=1.04KiB
INFO [06-23|09:56:08.007] QBFT: handle final committed             address=0xDF8b560be949C229C821731554C33EAD5E3888A4 current.round=0 current.sequence=42 state="Accept request"
INFO [06-23|09:56:08.007] QBFT: initialize new round               address=0xDF8b560be949C229C821731554C33EAD5E3888A4 current.round=0 current.sequence=42 target.round=0 lastProposal.number=42 lastProposal.hash=f31a7f..923d0e
INFO [06-23|09:56:08.007] Commit new mining work                   number=43 sealhash=7a71eb..29f53d uncles=0 txs=0 gas=0 fees=0 elapsed="204.2µs"
INFO [06-23|09:56:08.007] QBFT: start new round                    address=0xDF8b560be949C229C821731554C33EAD5E3888A4 old.round=0  old.sequence=42 old.state="Accept request" old.proposer=0x93917cADBace5dFCE132B991732c6Cda9bcC5B8a next.round=0 next.seq=43 next.proposer=0x98C1334496614aED49d2E81526D089f7264fED9C next.valSet="[0x27A97C9AaF04f18f3014c32e036dD0Ac76Da5f18 0x93917cADBace5dFCE132B991732c6Cda9bcC5B8a 0x98C1334496614aED49d2E81526D089f7264fED9C 0xcE412f988377e31F4d0fF12d74df73B51C42d0cA]" next.size=4 next.IsProposer=false
WARN [06-23|09:56:08.007] Block sealing failed                     err=unauthorized
INFO [06-23|09:56:10.007] Imported new chain segment               blocks=1 txs=0 mgas=0.000 elapsed="668µs"   mgasps=0.000 number=43 hash=934906..a696af dirty=1.04KiB
INFO [06-23|09:56:10.009] QBFT: handle final committed             address=0xDF8b560be949C229C821731554C33EAD5E3888A4 current.round=0 current.sequence=43 state="Accept request"
INFO [06-23|09:56:10.009] QBFT: initialize new round               address=0xDF8b560be949C229C821731554C33EAD5E3888A4 current.round=0 current.sequence=43 target.round=0 lastProposal.number=43 lastProposal.hash=934906..a696af
INFO [06-23|09:56:10.010] QBFT: start new round                    address=0xDF8b560be949C229C821731554C33EAD5E3888A4 old.round=0  old.sequence=43 old.state="Accept request" old.proposer=0x98C1334496614aED49d2E81526D089f7264fED9C next.round=0 next.seq=44 next.proposer=0xcE412f988377e31F4d0fF12d74df73B51C42d0cA next.valSet="[0x27A97C9AaF04f18f3014c32e036dD0Ac76Da5f18 0x93917cADBace5dFCE132B991732c6Cda9bcC5B8a 0x98C1334496614aED49d2E81526D089f7264fED9C 0xcE412f988377e31F4d0fF12d74df73B51C42d0cA]" next.size=4 next.IsProposer=false
INFO [06-23|09:56:10.010] Commit new mining work                   number=44 sealhash=d206b0..f3311a uncles=0 txs=0 gas=0 fees=0 elapsed="271.5µs"
WARN [06-23|09:56:10.010] Block sealing failed                     err=unauthorized
INFO [06-23|09:56:12.008] Imported new chain segment               blocks=1 txs=0 mgas=0.000 elapsed="721.5µs" mgasps=0.000 number=44 hash=898aec..2a2dc3 dirty=1.04KiB
INFO [06-23|09:56:14.006] Imported new chain segment               blocks=1 txs=1 mgas=0.000 elapsed="957.4µs" mgasps=0.000 number=45 hash=ec6486..9999da dirty=2.09KiB
INFO [06-23|09:56:14.006] Commit new mining work                   number=46 sealhash=2ee667..7640c0 uncles=0 txs=0 gas=0 fees=0 elapsed="222.1µs"
INFO [06-23|09:56:14.007] QBFT: handle final committed             address=0xDF8b560be949C229C821731554C33EAD5E3888A4 current.round=0 current.sequence=45 state="Accept request"
INFO [06-23|09:56:14.007] QBFT: initialize new round               address=0xDF8b560be949C229C821731554C33EAD5E3888A4 current.round=0 current.sequence=45 target.round=0 lastProposal.number=45 lastProposal.hash=ec6486..9999da
INFO [06-23|09:56:14.007] QBFT: start new round                    address=0xDF8b560be949C229C821731554C33EAD5E3888A4 old.round=0  old.sequence=45 old.state="Accept request" old.proposer=0x27A97C9AaF04f18f3014c32e036dD0Ac76Da5f18 next.round=0 next.seq=46 next.proposer=0x93917cADBace5dFCE132B991732c6Cda9bcC5B8a next.valSet="[0x27A97C9AaF04f18f3014c32e036dD0Ac76Da5f18 0x93917cADBace5dFCE132B991732c6Cda9bcC5B8a 0x98C1334496614aED49d2E81526D089f7264fED9C 0xcE412f988377e31F4d0fF12d74df73B51C42d0cA]" next.size=4 next.IsProposer=false
WARN [06-23|09:56:14.007] Block sealing failed                     err=unauthorized
INFO [06-23|09:56:14.007] Commit new mining work                   number=46 sealhash=2ee667..7640c0 uncles=0 txs=0 gas=0 fees=0 elapsed="668.5µs"
INFO [06-23|09:56:16.006] QBFT: start new round                    address=0xDF8b560be949C229C821731554C33EAD5E3888A4 old.round=0  old.sequence=46 old.state="Accept request" old.proposer=0x93917cADBace5dFCE132B991732c6Cda9bcC5B8a next.round=0 next.seq=47 next.proposer=0x98C1334496614aED49d2E81526D089f7264fED9C next.valSet="[0x27A97C9AaF04f18f3014c32e036dD0Ac76Da5f18 0x93917cADBace5dFCE132B991732c6Cda9bcC5B8a 0x98C1334496614aED49d2E81526D089f7264fED9C 0xcE412f988377e31F4d0fF12d74df73B51C42d0cA]" next.size=4 next.IsProposer=false
INFO [06-23|09:56:18.009] Imported new chain segment               blocks=1 txs=0 mgas=0.000 elapsed="523.6µs" mgasps=0.000 number=47 hash=459787..8a0d2b dirty=2.09KiB
WARN [06-23|09:56:18.009] Block sealing failed                     err=unauthorized
INFO [06-23|09:56:20.006] Imported new chain segment               blocks=1 txs=0 mgas=0.000 elapsed="584.5µs" mgasps=0.000 number=48 hash=59ba3d..41b2be dirty=2.09KiB
INFO [06-23|09:56:20.006] QBFT: handle final committed             address=0xDF8b560be949C229C821731554C33EAD5E3888A4 current.round=0 current.sequence=48 state="Accept request"
INFO [06-23|09:56:20.007] QBFT: initialize new round               address=0xDF8b560be949C229C821731554C33EAD5E3888A4 current.round=0 current.sequence=48 target.round=0 lastProposal.number=48 lastProposal.hash=59ba3d..41b2be
INFO [06-23|09:56:20.007] QBFT: start new round                    address=0xDF8b560be949C229C821731554C33EAD5E3888A4 old.round=0  old.sequence=48 old.state="Accept request" old.proposer=0xcE412f988377e31F4d0fF12d74df73B51C42d0cA next.round=0 next.seq=49 next.proposer=0x27A97C9AaF04f18f3014c32e036dD0Ac76Da5f18 next.valSet="[0x27A97C9AaF04f18f3014c32e036dD0Ac76Da5f18 0x93917cADBace5dFCE132B991732c6Cda9bcC5B8a 0x98C1334496614aED49d2E81526D089f7264fED9C 0xcE412f988377e31F4d0fF12d74df73B51C42d0cA]" next.size=4 next.IsProposer=false
INFO [06-23|09:56:20.007] Commit new mining work                   number=49 sealhash=3cbeb6..786595 uncles=0 txs=0 gas=0 fees=0 elapsed="156.8µs"
INFO [06-23|09:56:22.006] Imported new chain segment               blocks=1 txs=0 mgas=0.000 elapsed="592.6µs" mgasps=0.000 number=49 hash=00ab4d..77df0e dirty=2.09KiB
INFO [06-23|09:56:24.008] Imported new chain segment               blocks=1 txs=0 mgas=0.000 elapsed="621.6µs" mgasps=0.000 number=50 hash=8de39c..3c02bb dirty=2.09KiB
INFO [06-23|09:56:24.009] Commit new mining work                   number=51 sealhash=281fb9..0e1ee7 uncles=0 txs=0 gas=0 fees=0 elapsed="201µs"
INFO [06-23|09:56:24.009] QBFT: handle final committed             address=0xDF8b560be949C229C821731554C33EAD5E3888A4 current.round=0 current.sequence=50 state="Accept request"
INFO [06-23|09:56:26.010] QBFT: handle final committed             address=0xDF8b560be949C229C821731554C33EAD5E3888A4 current.round=0 current.sequence=51 state="Accept request"
INFO [06-23|09:56:26.010] QBFT: initialize new round               address=0xDF8b560be949C229C821731554C33EAD5E3888A4 current.round=0 current.sequence=51 target.round=0 lastProposal.number=51 lastProposal.hash=2fb331..c67fbc
INFO [06-23|09:56:26.010] QBFT: start new round                    address=0xDF8b560be949C229C821731554C33EAD5E3888A4 old.round=0  old.sequence=51 old.state="Accept request" old.proposer=0x98C1334496614aED49d2E81526D089f7264fED9C next.round=0 next.seq=52 next.proposer=0xcE412f988377e31F4d0fF12d74df73B51C42d0cA next.valSet="[0x27A97C9AaF04f18f3014c32e036dD0Ac76Da5f18 0x93917cADBace5dFCE132B991732c6Cda9bcC5B8a 0x98C1334496614aED49d2E81526D089f7264fED9C 0xcE412f988377e31F4d0fF12d74df73B51C42d0cA]" next.size=4 next.IsProposer=false
INFO [06-23|09:56:28.006] Imported new chain segment               blocks=1 txs=0 mgas=0.000 elapsed="604.1µs" mgasps=0.000 number=52 hash=d95a96..ce22c5 dirty=2.09KiB
INFO [06-23|09:56:28.006] QBFT: handle final committed             address=0xDF8b560be949C229C821731554C33EAD5E3888A4 current.round=0 current.sequence=52 state="Accept request"
INFO [06-23|09:56:28.006] QBFT: start new round                    address=0xDF8b560be949C229C821731554C33EAD5E3888A4 old.round=0  old.sequence=52 old.state="Accept request" old.proposer=0xcE412f988377e31F4d0fF12d74df73B51C42d0cA next.round=0 next.seq=53 next.proposer=0x27A97C9AaF04f18f3014c32e036dD0Ac76Da5f18 next.valSet="[0x27A97C9AaF04f18f3014c32e036dD0Ac76Da5f18 0x93917cADBace5dFCE132B991732c6Cda9bcC5B8a 0x98C1334496614aED49d2E81526D089f7264fED9C 0xcE412f988377e31F4d0fF12d74df73B51C42d0cA]" next.size=4 next.IsProposer=false
INFO [06-23|09:56:30.009] Imported new chain segment               blocks=1 txs=0 mgas=0.000 elapsed="616.4µs" mgasps=0.000 number=53 hash=44f834..82ac46 dirty=2.09KiB
INFO [06-23|09:56:30.010] QBFT: start new round                    address=0xDF8b560be949C229C821731554C33EAD5E3888A4 old.round=0  old.sequence=53 old.state="Accept request" old.proposer=0x27A97C9AaF04f18f3014c32e036dD0Ac76Da5f18 next.round=0 next.seq=54 next.proposer=0x93917cADBace5dFCE132B991732c6Cda9bcC5B8a next.valSet="[0x27A97C9AaF04f18f3014c32e036dD0Ac76Da5f18 0x93917cADBace5dFCE132B991732c6Cda9bcC5B8a 0x98C1334496614aED49d2E81526D089f7264fED9C 0xcE412f988377e31F4d0fF12d74df73B51C42d0cA]" next.size=4 next.IsProposer=false
INFO [06-23|09:56:32.006] Imported new chain segment               blocks=1 txs=0 mgas=0.000 elapsed="596.2µs" mgasps=0.000 number=54 hash=129d5d..c770e3 dirty=2.09KiB
INFO [06-23|09:56:32.006] QBFT: start new round                    address=0xDF8b560be949C229C821731554C33EAD5E3888A4 old.round=0  old.sequence=54 old.state="Accept request" old.proposer=0x93917cADBace5dFCE132B991732c6Cda9bcC5B8a next.round=0 next.seq=55 next.proposer=0x98C1334496614aED49d2E81526D089f7264fED9C next.valSet="[0x27A97C9AaF04f18f3014c32e036dD0Ac76Da5f18 0x93917cADBace5dFCE132B991732c6Cda9bcC5B8a 0x98C1334496614aED49d2E81526D089f7264fED9C 0xcE412f988377e31F4d0fF12d74df73B51C42d0cA]" next.size=4 next.IsProposer=false
INFO [06-23|09:56:32.006] Commit new mining work                   number=55 sealhash=8ef278..357173 uncles=0 txs=0 gas=0 fees=0 elapsed="195.7µs"
WARN [06-23|09:56:32.006] Block sealing failed                     err=unauthorized
INFO [06-23|09:56:34.007] Imported new chain segment               blocks=1 txs=0 mgas=0.000 elapsed="592.1µs" mgasps=0.000 number=55 hash=360c8f..f57c75 dirty=2.09KiB
INFO [06-23|09:56:34.007] QBFT: handle final committed             address=0xDF8b560be949C229C821731554C33EAD5E3888A4 current.round=0 current.sequence=55 state="Accept request"
INFO [06-23|09:56:34.007] QBFT: start new round                    address=0xDF8b560be949C229C821731554C33EAD5E3888A4 old.round=0  old.sequence=55 old.state="Accept request" old.proposer=0x98C1334496614aED49d2E81526D089f7264fED9C next.round=0 next.seq=56 next.proposer=0xcE412f988377e31F4d0fF12d74df73B51C42d0cA next.valSet="[0x27A97C9AaF04f18f3014c32e036dD0Ac76Da5f18 0x93917cADBace5dFCE132B991732c6Cda9bcC5B8a 0x98C1334496614aED49d2E81526D089f7264fED9C 0xcE412f988377e31F4d0fF12d74df73B51C42d0cA]" next.size=4 next.IsProposer=false
WARN [06-23|09:56:34.007] Block sealing failed                     err=unauthorized
INFO [06-23|09:56:36.006] Imported new chain segment               blocks=1 txs=0 mgas=0.000 elapsed=1.204ms   mgasps=0.000 number=56 hash=4cf87a..4d5f7b dirty=2.09KiB
INFO [06-23|09:56:36.006] QBFT: handle final committed             address=0xDF8b560be949C229C821731554C33EAD5E3888A4 current.round=0 current.sequence=56 state="Accept request"
INFO [06-23|09:56:36.007] Commit new mining work                   number=57 sealhash=cc7c08..877ee7 uncles=0 txs=0 gas=0 fees=0 elapsed="260.6µs"
INFO [06-23|09:56:38.006] Imported new chain segment               blocks=1 txs=0 mgas=0.000 elapsed="640.6µs" mgasps=0.000 number=57 hash=6436f3..b7663b dirty=2.09KiB
INFO [06-23|09:56:38.006] QBFT: handle final committed             address=0xDF8b560be949C229C821731554C33EAD5E3888A4 current.round=0 current.sequence=57 state="Accept request"
INFO [06-23|09:56:38.006] QBFT: start new round                    address=0xDF8b560be949C229C821731554C33EAD5E3888A4 old.round=0  old.sequence=57 old.state="Accept request" old.proposer=0x27A97C9AaF04f18f3014c32e036dD0Ac76Da5f18 next.round=0 next.seq=58 next.proposer=0x93917cADBace5dFCE132B991732c6Cda9bcC5B8a next.valSet="[0x27A97C9AaF04f18f3014c32e036dD0Ac76Da5f18 0x93917cADBace5dFCE132B991732c6Cda9bcC5B8a 0x98C1334496614aED49d2E81526D089f7264fED9C 0xcE412f988377e31F4d0fF12d74df73B51C42d0cA]" next.size=4 next.IsProposer=false
WARN [06-23|09:56:38.006] Block sealing failed                     err=unauthorized
INFO [06-23|09:56:40.006] Imported new chain segment               blocks=1 txs=0 mgas=0.000 elapsed="706.2µs" mgasps=0.000 number=58 hash=affa19..7fde48 dirty=2.09KiB
INFO [06-23|09:56:40.006] Commit new mining work                   number=59 sealhash=79a594..06230a uncles=0 txs=0 gas=0 fees=0 elapsed="168.2µs"
INFO [06-23|09:56:40.006] QBFT: start new round                    address=0xDF8b560be949C229C821731554C33EAD5E3888A4 old.round=0  old.sequence=58 old.state="Accept request" old.proposer=0x93917cADBace5dFCE132B991732c6Cda9bcC5B8a next.round=0 next.seq=59 next.proposer=0x98C1334496614aED49d2E81526D089f7264fED9C next.valSet="[0x27A97C9AaF04f18f3014c32e036dD0Ac76Da5f18 0x93917cADBace5dFCE132B991732c6Cda9bcC5B8a 0x98C1334496614aED49d2E81526D089f7264fED9C 0xcE412f988377e31F4d0fF12d74df73B51C42d0cA]" next.size=4 next.IsProposer=false
WARN [06-23|09:56:40.006] Block sealing failed                     err=unauthorized
INFO [06-23|09:56:42.009] Imported new chain segment               blocks=1 txs=0 mgas=0.000 elapsed="518.8µs" mgasps=0.000 number=59 hash=4819d4..e9f2d8 dirty=2.09KiB
INFO [06-23|09:56:42.010] QBFT: start new round                    address=0xDF8b560be949C229C821731554C33EAD5E3888A4 old.round=0  old.sequence=59 old.state="Accept request" old.proposer=0x98C1334496614aED49d2E81526D089f7264fED9C next.round=0 next.seq=60 next.proposer=0xcE412f988377e31F4d0fF12d74df73B51C42d0cA next.valSet="[0x27A97C9AaF04f18f3014c32e036dD0Ac76Da5f18 0x93917cADBace5dFCE132B991732c6Cda9bcC5B8a 0x98C1334496614aED49d2E81526D089f7264fED9C 0xcE412f988377e31F4d0fF12d74df73B51C42d0cA]" next.size=4 next.IsProposer=false
WARN [06-23|09:56:42.010] Block sealing failed                     err=unauthorized
INFO [06-23|09:56:44.005] Imported new chain segment               blocks=1 txs=0 mgas=0.000 elapsed="596µs"   mgasps=0.000 number=60 hash=1d8d27..9f04b9 dirty=2.09KiB
INFO [06-23|09:56:44.006] Commit new mining work                   number=61 sealhash=7f543d..24bed8 uncles=0 txs=0 gas=0 fees=0 elapsed="201.3µs"
WARN [06-23|09:56:44.006] Block sealing failed                     err=unauthorized
INFO [06-23|09:56:44.006] QBFT: handle final committed             address=0xDF8b560be949C229C821731554C33EAD5E3888A4 current.round=0 current.sequence=60 state="Accept request"
INFO [06-23|09:56:44.006] QBFT: initialize new round               address=0xDF8b560be949C229C821731554C33EAD5E3888A4 current.round=0 current.sequence=60 target.round=0 lastProposal.number=60 lastProposal.hash=1d8d27..9f04b9
INFO [06-23|09:56:44.006] QBFT: start new round                    address=0xDF8b560be949C229C821731554C33EAD5E3888A4 old.round=0  old.sequence=60 old.state="Accept request" old.proposer=0xcE412f988377e31F4d0fF12d74df73B51C42d0cA next.round=0 next.seq=61 next.proposer=0x27A97C9AaF04f18f3014c32e036dD0Ac76Da5f18 next.valSet="[0x27A97C9AaF04f18f3014c32e036dD0Ac76Da5f18 0x93917cADBace5dFCE132B991732c6Cda9bcC5B8a 0x98C1334496614aED49d2E81526D089f7264fED9C 0xcE412f988377e31F4d0fF12d74df73B51C42d0cA]" next.size=4 next.IsProposer=false
INFO [06-23|09:56:46.007] Imported new chain segment               blocks=1 txs=0 mgas=0.000 elapsed="659.9µs" mgasps=0.000 number=61 hash=4b6b04..2920da dirty=2.09KiB
INFO [06-23|09:56:46.007] QBFT: initialize new round               address=0xDF8b560be949C229C821731554C33EAD5E3888A4 current.round=0 current.sequence=61 target.round=0 lastProposal.number=61 lastProposal.hash=4b6b04..2920da
INFO [06-23|09:56:46.007] QBFT: start new round                    address=0xDF8b560be949C229C821731554C33EAD5E3888A4 old.round=0  old.sequence=61 old.state="Accept request" old.proposer=0x27A97C9AaF04f18f3014c32e036dD0Ac76Da5f18 next.round=0 next.seq=62 next.proposer=0x93917cADBace5dFCE132B991732c6Cda9bcC5B8a next.valSet="[0x27A97C9AaF04f18f3014c32e036dD0Ac76Da5f18 0x93917cADBace5dFCE132B991732c6Cda9bcC5B8a 0x98C1334496614aED49d2E81526D089f7264fED9C 0xcE412f988377e31F4d0fF12d74df73B51C42d0cA]" next.size=4 next.IsProposer=false
INFO [06-23|09:56:46.007] Commit new mining work                   number=62 sealhash=04989c..6b9bcd uncles=0 txs=0 gas=0 fees=0 elapsed="256.8µs"
INFO [06-23|09:56:48.007] QBFT: start new round                    address=0xDF8b560be949C229C821731554C33EAD5E3888A4 old.round=0  old.sequence=62 old.state="Accept request" old.proposer=0x93917cADBace5dFCE132B991732c6Cda9bcC5B8a next.round=0 next.seq=63 next.proposer=0x98C1334496614aED49d2E81526D089f7264fED9C next.valSet="[0x27A97C9AaF04f18f3014c32e036dD0Ac76Da5f18 0x93917cADBace5dFCE132B991732c6Cda9bcC5B8a 0x98C1334496614aED49d2E81526D089f7264fED9C 0xcE412f988377e31F4d0fF12d74df73B51C42d0cA]" next.size=4 next.IsProposer=false
INFO [06-23|09:56:50.005] Imported new chain segment               blocks=1 txs=0 mgas=0.000 elapsed="625.9µs" mgasps=0.000 number=63 hash=933407..9617c6 dirty=2.09KiB
INFO [06-23|09:56:50.005] Commit new mining work                   number=64 sealhash=437ba4..00a6ef uncles=0 txs=0 gas=0 fees=0 elapsed="193µs"
INFO [06-23|09:56:50.005] QBFT: handle final committed             address=0xDF8b560be949C229C821731554C33EAD5E3888A4 current.round=0 current.sequence=63 state="Accept request"
WARN [06-23|09:56:50.005] Block sealing failed                     err=unauthorized
INFO [06-23|09:56:50.005] QBFT: initialize new round               address=0xDF8b560be949C229C821731554C33EAD5E3888A4 current.round=0 current.sequence=63 target.round=0 lastProposal.number=63 lastProposal.hash=933407..9617c6
INFO [06-23|09:56:50.005] QBFT: start new round                    address=0xDF8b560be949C229C821731554C33EAD5E3888A4 old.round=0  old.sequence=63 old.state="Accept request" old.proposer=0x98C1334496614aED49d2E81526D089f7264fED9C next.round=0 next.seq=64 next.proposer=0xcE412f988377e31F4d0fF12d74df73B51C42d0cA next.valSet="[0x27A97C9AaF04f18f3014c32e036dD0Ac76Da5f18 0x93917cADBace5dFCE132B991732c6Cda9bcC5B8a 0x98C1334496614aED49d2E81526D089f7264fED9C 0xcE412f988377e31F4d0fF12d74df73B51C42d0cA]" next.size=4 next.IsProposer=false
INFO [06-23|09:56:52.006] QBFT: start new round                    address=0xDF8b560be949C229C821731554C33EAD5E3888A4 old.round=0  old.sequence=64 old.state="Accept request" old.proposer=0xcE412f988377e31F4d0fF12d74df73B51C42d0cA next.round=0 next.seq=65 next.proposer=0x27A97C9AaF04f18f3014c32e036dD0Ac76Da5f18 next.valSet="[0x27A97C9AaF04f18f3014c32e036dD0Ac76Da5f18 0x93917cADBace5dFCE132B991732c6Cda9bcC5B8a 0x98C1334496614aED49d2E81526D089f7264fED9C 0xcE412f988377e31F4d0fF12d74df73B51C42d0cA]" next.size=4 next.IsProposer=false
INFO [06-23|09:56:56.007] QBFT: start new round                    address=0xDF8b560be949C229C821731554C33EAD5E3888A4 old.round=0  old.sequence=66 old.state="Accept request" old.proposer=0x93917cADBace5dFCE132B991732c6Cda9bcC5B8a next.round=0 next.seq=67 next.proposer=0x98C1334496614aED49d2E81526D089f7264fED9C next.valSet="[0x27A97C9AaF04f18f3014c32e036dD0Ac76Da5f18 0x93917cADBace5dFCE132B991732c6Cda9bcC5B8a 0x98C1334496614aED49d2E81526D089f7264fED9C 0xcE412f988377e31F4d0fF12d74df73B51C42d0cA]" next.size=4 next.IsProposer=false
INFO [06-23|09:56:58.006] Imported new chain segment               blocks=1 txs=0 mgas=0.000 elapsed="616.7µs" mgasps=0.000 number=67 hash=0d271e..a0308e dirty=2.09KiB
INFO [06-23|09:56:58.007] QBFT: handle final committed             address=0xDF8b560be949C229C821731554C33EAD5E3888A4 current.round=0 current.sequence=67 state="Accept request"
INFO [06-23|09:56:58.007] QBFT: initialize new round               address=0xDF8b560be949C229C821731554C33EAD5E3888A4 current.round=0 current.sequence=67 target.round=0 lastProposal.number=67 lastProposal.hash=0d271e..a0308e
INFO [06-23|09:56:58.007] Commit new mining work                   number=68 sealhash=a7402a..64c57c uncles=0 txs=0 gas=0 fees=0 elapsed="215.8µs"
INFO [06-23|09:56:58.007] QBFT: start new round                    address=0xDF8b560be949C229C821731554C33EAD5E3888A4 old.round=0  old.sequence=67 old.state="Accept request" old.proposer=0x98C1334496614aED49d2E81526D089f7264fED9C next.round=0 next.seq=68 next.proposer=0xcE412f988377e31F4d0fF12d74df73B51C42d0cA next.valSet="[0x27A97C9AaF04f18f3014c32e036dD0Ac76Da5f18 0x93917cADBace5dFCE132B991732c6Cda9bcC5B8a 0x98C1334496614aED49d2E81526D089f7264fED9C 0xcE412f988377e31F4d0fF12d74df73B51C42d0cA]" next.size=4 next.IsProposer=false
WARN [06-23|09:56:58.007] Block sealing failed                     err=unauthorized
INFO [06-23|09:57:00.006] Imported new chain segment               blocks=1 txs=0 mgas=0.000 elapsed="662.2µs" mgasps=0.000 number=68 hash=29ee09..efbf8f dirty=2.09KiB
INFO [06-23|09:57:00.006] QBFT: handle final committed             address=0xDF8b560be949C229C821731554C33EAD5E3888A4 current.round=0 current.sequence=68 state="Accept request"
INFO [06-23|09:57:00.006] QBFT: initialize new round               address=0xDF8b560be949C229C821731554C33EAD5E3888A4 current.round=0 current.sequence=68 target.round=0 lastProposal.number=68 lastProposal.hash=29ee09..efbf8f
INFO [06-23|09:57:00.006] QBFT: start new round                    address=0xDF8b560be949C229C821731554C33EAD5E3888A4 old.round=0  old.sequence=68 old.state="Accept request" old.proposer=0xcE412f988377e31F4d0fF12d74df73B51C42d0cA next.round=0 next.seq=69 next.proposer=0x27A97C9AaF04f18f3014c32e036dD0Ac76Da5f18 next.valSet="[0x27A97C9AaF04f18f3014c32e036dD0Ac76Da5f18 0x93917cADBace5dFCE132B991732c6Cda9bcC5B8a 0x98C1334496614aED49d2E81526D089f7264fED9C 0xcE412f988377e31F4d0fF12d74df73B51C42d0cA]" next.size=4 next.IsProposer=false
INFO [06-23|09:57:00.006] Commit new mining work                   number=69 sealhash=14d45d..de2998 uncles=0 txs=0 gas=0 fees=0 elapsed="199.8µs"
WARN [06-23|09:57:00.006] Block sealing failed                     err=unauthorized
INFO [06-23|09:57:02.006] Commit new mining work                   number=70 sealhash=267b73..f3e03b uncles=0 txs=0 gas=0 fees=0 elapsed="204.7µs"
WARN [06-23|09:57:02.006] Block sealing failed                     err=unauthorized
INFO [06-23|09:57:02.006] QBFT: handle final committed             address=0xDF8b560be949C229C821731554C33EAD5E3888A4 current.round=0 current.sequence=69 state="Accept request"
INFO [06-23|09:57:02.006] QBFT: initialize new round               address=0xDF8b560be949C229C821731554C33EAD5E3888A4 current.round=0 current.sequence=69 target.round=0 lastProposal.number=69 lastProposal.hash=1e543b..08f5a6
INFO [06-23|09:57:04.006] Imported new chain segment               blocks=1 txs=0 mgas=0.000 elapsed="640.2µs" mgasps=0.000 number=70 hash=234942..9813b3 dirty=2.09KiB
INFO [06-23|09:57:04.007] Commit new mining work                   number=71 sealhash=5cbc9f..282a26 uncles=0 txs=0 gas=0 fees=0 elapsed="230.9µs"
WARN [06-23|09:57:04.007] Block sealing failed                     err=unauthorized
INFO [06-23|09:57:04.007] QBFT: handle final committed             address=0xDF8b560be949C229C821731554C33EAD5E3888A4 current.round=0 current.sequence=70 state="Accept request"
INFO [06-23|09:57:04.007] QBFT: initialize new round               address=0xDF8b560be949C229C821731554C33EAD5E3888A4 current.round=0 current.sequence=70 target.round=0 lastProposal.number=70 lastProposal.hash=234942..9813b3
INFO [06-23|09:57:04.007] QBFT: start new round                    address=0xDF8b560be949C229C821731554C33EAD5E3888A4 old.round=0  old.sequence=70 old.state="Accept request" old.proposer=0x93917cADBace5dFCE132B991732c6Cda9bcC5B8a next.round=0 next.seq=71 next.proposer=0x98C1334496614aED49d2E81526D089f7264fED9C next.valSet="[0x27A97C9AaF04f18f3014c32e036dD0Ac76Da5f18 0x93917cADBace5dFCE132B991732c6Cda9bcC5B8a 0x98C1334496614aED49d2E81526D089f7264fED9C 0xcE412f988377e31F4d0fF12d74df73B51C42d0cA]" next.size=4 next.IsProposer=false
INFO [06-23|09:57:06.007] Imported new chain segment               blocks=1 txs=0 mgas=0.000 elapsed="594µs"   mgasps=0.000 number=71 hash=a00024..9df825 dirty=2.09KiB
INFO [06-23|09:57:06.008] QBFT: start new round                    address=0xDF8b560be949C229C821731554C33EAD5E3888A4 old.round=0  old.sequence=71 old.state="Accept request" old.proposer=0x98C1334496614aED49d2E81526D089f7264fED9C next.round=0 next.seq=72 next.proposer=0xcE412f988377e31F4d0fF12d74df73B51C42d0cA next.valSet="[0x27A97C9AaF04f18f3014c32e036dD0Ac76Da5f18 0x93917cADBace5dFCE132B991732c6Cda9bcC5B8a 0x98C1334496614aED49d2E81526D089f7264fED9C 0xcE412f988377e31F4d0fF12d74df73B51C42d0cA]" next.size=4 next.IsProposer=false
INFO [06-23|09:57:06.008] Commit new mining work                   number=72 sealhash=0c2b05..78cd0a uncles=0 txs=0 gas=0 fees=0 elapsed="252.3µs"
INFO [06-23|09:57:08.006] QBFT: handle final committed             address=0xDF8b560be949C229C821731554C33EAD5E3888A4 current.round=0 current.sequence=72 state="Accept request"
INFO [06-23|09:57:08.006] QBFT: start new round                    address=0xDF8b560be949C229C821731554C33EAD5E3888A4 old.round=0  old.sequence=72 old.state="Accept request" old.proposer=0xcE412f988377e31F4d0fF12d74df73B51C42d0cA next.round=0 next.seq=73 next.proposer=0x27A97C9AaF04f18f3014c32e036dD0Ac76Da5f18 next.valSet="[0x27A97C9AaF04f18f3014c32e036dD0Ac76Da5f18 0x93917cADBace5dFCE132B991732c6Cda9bcC5B8a 0x98C1334496614aED49d2E81526D089f7264fED9C 0xcE412f988377e31F4d0fF12d74df73B51C42d0cA]" next.size=4 next.IsProposer=false
INFO [06-23|09:57:08.006] Commit new mining work                   number=73 sealhash=6caac8..72e091 uncles=0 txs=0 gas=0 fees=0 elapsed="239.6µs"
WARN [06-23|09:57:08.006] Block sealing failed                     err=unauthorized
INFO [06-23|09:57:10.006] Imported new chain segment               blocks=1 txs=0 mgas=0.000 elapsed="652.3µs" mgasps=0.000 number=73 hash=ae4f45..8fe37c dirty=2.09KiB
INFO [06-23|09:57:10.007] QBFT: start new round                    address=0xDF8b560be949C229C821731554C33EAD5E3888A4 old.round=0  old.sequence=73 old.state="Accept request" old.proposer=0x27A97C9AaF04f18f3014c32e036dD0Ac76Da5f18 next.round=0 next.seq=74 next.proposer=0x93917cADBace5dFCE132B991732c6Cda9bcC5B8a next.valSet="[0x27A97C9AaF04f18f3014c32e036dD0Ac76Da5f18 0x93917cADBace5dFCE132B991732c6Cda9bcC5B8a 0x98C1334496614aED49d2E81526D089f7264fED9C 0xcE412f988377e31F4d0fF12d74df73B51C42d0cA]" next.size=4 next.IsProposer=false
WARN [06-23|09:57:10.007] Block sealing failed                     err=unauthorized
INFO [06-23|09:57:12.006] Imported new chain segment               blocks=1 txs=0 mgas=0.000 elapsed="655.2µs" mgasps=0.000 number=74 hash=965f6b..1e7d4b dirty=2.09KiB
INFO [06-23|09:57:12.006] Commit new mining work                   number=75 sealhash=a8306d..99f979 uncles=0 txs=0 gas=0 fees=0 elapsed="201.2µs"
WARN [06-23|09:57:12.007] Block sealing failed                     err=unauthorized
INFO [06-23|09:57:16.507] Imported new chain segment               blocks=1 txs=0 mgas=0.000 elapsed="558.1µs" mgasps=0.000 number=76 hash=da795b..3c2dc8 dirty=2.09KiB
INFO [06-23|09:57:16.507] QBFT: handle final committed             address=0xDF8b560be949C229C821731554C33EAD5E3888A4 current.round=0 current.sequence=76 state="Accept request"
INFO [06-23|09:57:16.507] QBFT: initialize new round               address=0xDF8b560be949C229C821731554C33EAD5E3888A4 current.round=0 current.sequence=76 target.round=0 lastProposal.number=76 lastProposal.hash=da795b..3c2dc8
WARN [06-23|09:57:16.507] Block sealing failed                     err=unauthorized
INFO [06-23|09:57:18.006] Imported new chain segment               blocks=1 txs=0 mgas=0.000 elapsed="588.9µs" mgasps=0.000 number=77 hash=90529c..7dec11 dirty=2.09KiB
INFO [06-23|09:57:18.006] Commit new mining work                   number=78 sealhash=576935..2a3fea uncles=0 txs=0 gas=0 fees=0 elapsed="135.7µs"
INFO [06-23|09:57:18.007] QBFT: handle final committed             address=0xDF8b560be949C229C821731554C33EAD5E3888A4 current.round=0 current.sequence=77 state="Accept request"
INFO [06-23|09:57:18.007] QBFT: initialize new round               address=0xDF8b560be949C229C821731554C33EAD5E3888A4 current.round=0 current.sequence=77 target.round=0 lastProposal.number=77 lastProposal.hash=90529c..7dec11
INFO [06-23|09:57:20.008] Imported new chain segment               blocks=1 txs=0 mgas=0.000 elapsed="490.3µs" mgasps=0.000 number=78 hash=99b409..5a7df1 dirty=2.09KiB
INFO [06-23|09:57:20.008] QBFT: handle final committed             address=0xDF8b560be949C229C821731554C33EAD5E3888A4 current.round=0 current.sequence=78 state="Accept request"
INFO [06-23|09:57:20.008] QBFT: initialize new round               address=0xDF8b560be949C229C821731554C33EAD5E3888A4 current.round=0 current.sequence=78 target.round=0 lastProposal.number=78 lastProposal.hash=99b409..5a7df1
INFO [06-23|09:57:20.008] QBFT: start new round                    address=0xDF8b560be949C229C821731554C33EAD5E3888A4 old.round=0  old.sequence=78 old.state="Accept request" old.proposer=0x93917cADBace5dFCE132B991732c6Cda9bcC5B8a next.round=0 next.seq=79 next.proposer=0x98C1334496614aED49d2E81526D089f7264fED9C next.valSet="[0x27A97C9AaF04f18f3014c32e036dD0Ac76Da5f18 0x93917cADBace5dFCE132B991732c6Cda9bcC5B8a 0x98C1334496614aED49d2E81526D089f7264fED9C 0xcE412f988377e31F4d0fF12d74df73B51C42d0cA]" next.size=4 next.IsProposer=false
WARN [06-23|09:57:20.008] Block sealing failed                     err=unauthorized
INFO [06-23|09:57:22.007] Imported new chain segment               blocks=1 txs=0 mgas=0.000 elapsed="664.4µs" mgasps=0.000 number=79 hash=4305a0..61d0ba dirty=2.09KiB
INFO [06-23|09:57:22.007] QBFT: handle final committed             address=0xDF8b560be949C229C821731554C33EAD5E3888A4 current.round=0 current.sequence=79 state="Accept request"
INFO [06-23|09:57:22.007] QBFT: initialize new round               address=0xDF8b560be949C229C821731554C33EAD5E3888A4 current.round=0 current.sequence=79 target.round=0 lastProposal.number=79 lastProposal.hash=4305a0..61d0ba
INFO [06-23|09:57:22.007] QBFT: start new round                    address=0xDF8b560be949C229C821731554C33EAD5E3888A4 old.round=0  old.sequence=79 old.state="Accept request" old.proposer=0x98C1334496614aED49d2E81526D089f7264fED9C next.round=0 next.seq=80 next.proposer=0xcE412f988377e31F4d0fF12d74df73B51C42d0cA next.valSet="[0x27A97C9AaF04f18f3014c32e036dD0Ac76Da5f18 0x93917cADBace5dFCE132B991732c6Cda9bcC5B8a 0x98C1334496614aED49d2E81526D089f7264fED9C 0xcE412f988377e31F4d0fF12d74df73B51C42d0cA]" next.size=4 next.IsProposer=false
INFO [06-23|09:57:24.005] Imported new chain segment               blocks=1 txs=0 mgas=0.000 elapsed="501.1µs" mgasps=0.000 number=80 hash=c807f3..a6bb3b dirty=2.09KiB
INFO [06-23|09:57:24.006] Commit new mining work                   number=81 sealhash=e69cad..8a5ad3 uncles=0 txs=0 gas=0 fees=0 elapsed="193.5µs"
WARN [06-23|09:57:24.006] Block sealing failed                     err=unauthorized
INFO [06-23|09:57:24.006] QBFT: handle final committed             address=0xDF8b560be949C229C821731554C33EAD5E3888A4 current.round=0 current.sequence=80 state="Accept request"
INFO [06-23|09:57:26.007] QBFT: handle final committed             address=0xDF8b560be949C229C821731554C33EAD5E3888A4 current.round=0 current.sequence=81 state="Accept request"
INFO [06-23|09:57:26.007] QBFT: initialize new round               address=0xDF8b560be949C229C821731554C33EAD5E3888A4 current.round=0 current.sequence=81 target.round=0 lastProposal.number=81 lastProposal.hash=3b0928..0bf8ed
INFO [06-23|09:57:26.007] QBFT: start new round                    address=0xDF8b560be949C229C821731554C33EAD5E3888A4 old.round=0  old.sequence=81 old.state="Accept request" old.proposer=0x27A97C9AaF04f18f3014c32e036dD0Ac76Da5f18 next.round=0 next.seq=82 next.proposer=0x93917cADBace5dFCE132B991732c6Cda9bcC5B8a next.valSet="[0x27A97C9AaF04f18f3014c32e036dD0Ac76Da5f18 0x93917cADBace5dFCE132B991732c6Cda9bcC5B8a 0x98C1334496614aED49d2E81526D089f7264fED9C 0xcE412f988377e31F4d0fF12d74df73B51C42d0cA]" next.size=4 next.IsProposer=false
INFO [06-23|09:57:28.005] Imported new chain segment               blocks=1 txs=0 mgas=0.000 elapsed="532µs"   mgasps=0.000 number=82 hash=1459fd..fafef1 dirty=2.09KiB
INFO [06-23|09:57:28.006] QBFT: handle final committed             address=0xDF8b560be949C229C821731554C33EAD5E3888A4 current.round=0 current.sequence=82 state="Accept request"
INFO [06-23|09:57:28.006] QBFT: initialize new round               address=0xDF8b560be949C229C821731554C33EAD5E3888A4 current.round=0 current.sequence=82 target.round=0 lastProposal.number=82 lastProposal.hash=1459fd..fafef1
INFO [06-23|09:57:28.006] QBFT: start new round                    address=0xDF8b560be949C229C821731554C33EAD5E3888A4 old.round=0  old.sequence=82 old.state="Accept request" old.proposer=0x93917cADBace5dFCE132B991732c6Cda9bcC5B8a next.round=0 next.seq=83 next.proposer=0x98C1334496614aED49d2E81526D089f7264fED9C next.valSet="[0x27A97C9AaF04f18f3014c32e036dD0Ac76Da5f18 0x93917cADBace5dFCE132B991732c6Cda9bcC5B8a 0x98C1334496614aED49d2E81526D089f7264fED9C 0xcE412f988377e31F4d0fF12d74df73B51C42d0cA]" next.size=4 next.IsProposer=false
INFO [06-23|09:57:28.006] Commit new mining work                   number=83 sealhash=ffe280..d5a817 uncles=0 txs=0 gas=0 fees=0 elapsed="182.2µs"
WARN [06-23|09:57:28.006] Block sealing failed                     err=unauthorized
INFO [06-23|09:57:30.006] Imported new chain segment               blocks=1 txs=0 mgas=0.000 elapsed="566.6µs" mgasps=0.000 number=83 hash=a891b2..782bd7 dirty=2.09KiB
INFO [06-23|09:57:30.006] QBFT: handle final committed             address=0xDF8b560be949C229C821731554C33EAD5E3888A4 current.round=0 current.sequence=83 state="Accept request"
INFO [06-23|09:57:30.006] QBFT: initialize new round               address=0xDF8b560be949C229C821731554C33EAD5E3888A4 current.round=0 current.sequence=83 target.round=0 lastProposal.number=83 lastProposal.hash=a891b2..782bd7
INFO [06-23|09:57:30.006] QBFT: start new round                    address=0xDF8b560be949C229C821731554C33EAD5E3888A4 old.round=0  old.sequence=83 old.state="Accept request" old.proposer=0x98C1334496614aED49d2E81526D089f7264fED9C next.round=0 next.seq=84 next.proposer=0xcE412f988377e31F4d0fF12d74df73B51C42d0cA next.valSet="[0x27A97C9AaF04f18f3014c32e036dD0Ac76Da5f18 0x93917cADBace5dFCE132B991732c6Cda9bcC5B8a 0x98C1334496614aED49d2E81526D089f7264fED9C 0xcE412f988377e31F4d0fF12d74df73B51C42d0cA]" next.size=4 next.IsProposer=false
INFO [06-23|09:57:30.006] Commit new mining work                   number=84 sealhash=0b9ad3..13aa3e uncles=0 txs=0 gas=0 fees=0 elapsed="201.1µs"
WARN [06-23|09:57:30.006] Block sealing failed                     err=unauthorized
INFO [06-23|09:57:33.132] HTTP server stopped                      endpoint=[::]:8545
INFO [06-23|09:57:33.133] HTTP server stopped                      endpoint=[::]:8546
INFO [06-23|09:57:33.133] IPC endpoint closed                      url=/data/geth.ipc
INFO [06-23|09:57:33.133] BFT: deactivate 
INFO [06-23|09:57:33.134] Writing cached state to disk             block=83 hash=a891b2..782bd7 root=438469..faad5b
INFO [06-23|09:57:33.134] Persisted trie from memory database      nodes=4 size=686.00B time="124.2µs" gcnodes=0 gcsize=0.00B gctime=0s livenodes=5 livesize=686.00B
INFO [06-23|09:57:33.134] Persisted trie from memory database      nodes=0 size=0.00B   time="1.5µs"   gcnodes=0 gcsize=0.00B gctime=0s livenodes=5 livesize=686.00B
INFO [06-23|09:57:33.134] Writing clean trie cache to disk         path=/data/geth/triecache threads=12
INFO [06-23|09:57:33.135] Persisted the clean trie cache           path=/data/geth/triecache elapsed="946.9µs"
