INFO [06-23|09:54:52.362] Starting pprof server                    addr=http://0.0.0.0:9545/debug/pprof
INFO [06-23|09:54:52.362] Connecting to private tx manager using HTTP 
INFO [06-23|09:54:52.401] Tessera API version: 5.0 
INFO [06-23|09:54:52.403] Maximum peer count                       ETH=50 LES=0 total=50
INFO [06-23|09:54:52.403] Smartcard socket not found, disabling    err="stat /run/pcscd/pcscd.comm: no such file or directory"
INFO [06-23|09:54:52.424] Tessera API version: 5.0 
INFO [06-23|09:54:52.424] Target Private Tx Manager                name=Tessera distributionVersion=22.10.1
INFO [06-23|09:54:52.501] Initialised chain configuration          config="{ChainID: 1337 Homestead: 0 DAO: <nil> DAOSupport: false EIP150: 0 EIP155: 0 EIP158: 0 Byzantium: 0 IsQuorum: true Constantinople: 0 TransactionSizeLimit: 64 MaxCodeSize: 0 Petersburg: 0 Istanbul: 0, Muir Glacier: <nil>, Berlin: <nil>  Catalyst: <nil> YOLO v3: <nil> PrivacyEnhancements: <nil> PrivacyPrecompile: <nil> EnableGasPriceBlock: <nil> Engine: unknown}"
INFO [06-23|09:54:52.504] Initialising Ethereum protocol           network=1337 dbversion=<nil>
INFO [06-23|09:54:52.504] Initialising Quorum consensus protocol   name=istanbul versions="[100 99 64]" network=1337 dbversion=<nil>
INFO [06-23|09:54:52.504] Using SegregatedCacheProvider. 
INFO [06-23|09:54:52.505] Loaded most recent local header          number=0 hash=736d99..5e9f20 td=1 age=2y11mo2w
WARN [06-23|09:54:52.505] Failed to load snapshot, regenerating    err="missing or corrupted snapshot"
INFO [06-23|09:54:52.506] Resuming state snapshot generation       root=d7d9af..f2e575 accounts=0 slots=0 storage=0.00B elapsed="300.4µs"
INFO [06-23|09:54:52.506] BFT: Initialising snap with extradata    validators="[0x93917cADBace5dFCE132B991732c6Cda9bcC5B8a 0x27A97C9AaF04f18f3014c32e036dD0Ac76Da5f18 0xcE412f988377e31F4d0fF12d74df73B51C42d0cA 0x98C1334496614aED49d2E81526D089f7264fED9C]"
WARN [06-23|09:54:52.506] Error reading unclean shutdown markers   error="leveldb: not found"
INFO [06-23|09:54:52.521] New local node record                    seq=1 id=77e699b8a5282fa3 ip=127.0.0.1 udp=0 tcp=30303
INFO [06-23|09:54:52.524] Security: TLS not enabled                endpoint=0.0.0.0:8545 reason="no TLSConfigurationSource found"
INFO [06-23|09:54:52.525] Security: TLS not enabled                endpoint=0.0.0.0:8546 reason="no TLSConfigurationSource found"
WARN [06-23|09:54:52.526] full p2p peer                            id=c8f776c1d83d4fddd02782c698c1334496614aed49d2e81526d089f7264fed9c ethPeer="Peer c8f776c1d83d4fdd 172.16.239.14:30303"
WARN [06-23|09:54:52.526] full p2p peer                            id=27059b2392ab7830b38b2f4d27a97c9aaf04f18f3014c32e036dd0ac76da5f18 ethPeer="Peer 27059b2392ab7830 172.16.239.12:30303"
WARN [06-23|09:54:52.526] full p2p peer                            id=58e94810eeee14c28613b47e93917cadbace5dfce132b991732c6cda9bcc5b8a ethPeer="Peer 58e94810eeee14c2 172.16.239.11:30303"
WARN [06-23|09:54:52.527] full p2p peer                            id=2a2fe7f9e880372cfd2bda0cce412f988377e31f4d0ff12d74df73b51c42d0ca ethPeer="Peer 2a2fe7f9e880372c 172.16.239.13:30303"
INFO [06-23|09:54:52.535] Block synchronisation started 
INFO [06-23|09:54:52.543] Downloader queue stats                   receiptTasks=0 blockTasks=0 itemSize=408.11B throttle=8192
WARN [06-23|09:54:53.186] full p2p peer                            id=7bdd9cf0154c19f388ab92cf401bdfcd9221cd790e7cd66eece303ed4d4b53b1 ethPeer="Peer 7bdd9cf0154c19f3 172.16.239.18:40092"
INFO [06-23|09:54:53.349] Unlocked account                         address=0xcA843569e3427144cEad5e4d5999a3D0cCF92B8e
INFO [06-23|09:54:53.350] Transaction pool price threshold not updated as gasPrice is not enabled 
INFO [06-23|09:54:53.350] start QBFT 
INFO [06-23|09:54:53.350] BFT: activate QBFT 
INFO [06-23|09:54:53.350] QBFT: initialize new round               address=0xe090A28b8a9D0a69EC259CB745036d5D1030e3Ea old.round=-1 old.seq=0 target.round=0 lastProposal.number=6 lastProposal.hash=4fd4c7..9b65a9
INFO [06-23|09:54:53.350] Commit new mining work                   number=7 sealhash=5e1f41..788264 uncles=0 txs=0 gas=0 fees=0 elapsed="144.5µs"
WARN [06-23|09:54:53.767] full p2p peer                            id=a1f75939c4a4d5c1c5241a1913a52aab892e1322e8b52506276363d4754c122e ethPeer="Peer a1f75939c4a4d5c1 172.16.239.16:55032"
INFO [06-23|09:54:56.011] Imported new chain segment               blocks=1 txs=0 mgas=0.000 elapsed="604.2µs" mgasps=0.000 number=7 hash=3ec221..f9ac26 dirty=0.00B
INFO [06-23|09:54:56.012] QBFT: initialize new round               address=0xe090A28b8a9D0a69EC259CB745036d5D1030e3Ea current.round=0 current.sequence=7 target.round=0 lastProposal.number=7 lastProposal.hash=3ec221..f9ac26
WARN [06-23|09:54:56.012] Block sealing failed                     err=unauthorized
INFO [06-23|09:54:56.019] Imported new chain segment               blocks=1 txs=0 mgas=0.000 elapsed="607.1µs" mgasps=0.000 number=8 hash=995aa3..72ad28 dirty=0.00B
INFO [06-23|09:54:56.020] Commit new mining work                   number=9 sealhash=411b04..5cc830 uncles=0 txs=0 gas=0 fees=0 elapsed="216.7µs"
INFO [06-23|09:54:56.020] QBFT: handle final committed             address=0xe090A28b8a9D0a69EC259CB745036d5D1030e3Ea current.round=0 current.sequence=8 state="Accept request"
INFO [06-23|09:54:58.005] Imported new chain segment               blocks=1 txs=0 mgas=0.000 elapsed="648µs"   mgasps=0.000 number=9 hash=00ec90..fff477 dirty=0.00B
INFO [06-23|09:54:58.006] Commit new mining work                   number=10 sealhash=6cb73c..6041f2 uncles=0 txs=0 gas=0 fees=0 elapsed="215µs"
INFO [06-23|09:54:58.006] QBFT: handle final committed             address=0xe090A28b8a9D0a69EC259CB745036d5D1030e3Ea current.round=0 current.sequence=9 state="Accept request"
INFO [06-23|09:54:58.006] QBFT: initialize new round               address=0xe090A28b8a9D0a69EC259CB745036d5D1030e3Ea current.round=0 current.sequence=9 target.round=0 lastProposal.number=9 lastProposal.hash=00ec90..fff477
INFO [06-23|09:54:58.006] QBFT: start new round                    address=0xe090A28b8a9D0a69EC259CB745036d5D1030e3Ea old.round=0  old.sequence=9 old.state="Accept request" old.proposer=0x98C1334496614aED49d2E81526D089f7264fED9C next.round=0 next.seq=10 next.proposer=0xcE412f988377e31F4d0fF12d74df73B51C42d0cA next.valSet="[0x27A97C9AaF04f18f3014c32e036dD0Ac76Da5f18 0x93917cADBace5dFCE132B991732c6Cda9bcC5B8a 0x98C1334496614aED49d2E81526D089f7264fED9C 0xcE412f988377e31F4d0fF12d74df73B51C42d0cA]" next.size=4 next.IsProposer=false
WARN [06-23|09:54:58.006] Block sealing failed                     err=unauthorized
INFO [06-23|09:55:04.008] Imported new chain segment               blocks=1 txs=0 mgas=0.000 elapsed="570.7µs" mgasps=0.000 number=10 hash=b82467..95ee6f dirty=0.00B
INFO [06-23|09:55:04.009] QBFT: handle final committed             address=0xe090A28b8a9D0a69EC259CB745036d5D1030e3Ea current.round=0 current.sequence=10 state="Accept request"
INFO [06-23|09:55:04.009] QBFT: start new round                    address=0xe090A28b8a9D0a69EC259CB745036d5D1030e3Ea old.round=0  old.sequence=10 old.state="Accept request" old.proposer=0xcE412f988377e31F4d0fF12d74df73B51C42d0cA next.round=0 next.seq=11 next.proposer=0x93917cADBace5dFCE132B991732c6Cda9bcC5B8a next.valSet="[0x27A97C9AaF04f18f3014c32e036dD0Ac76Da5f18 0x93917cADBace5dFCE132B991732c6Cda9bcC5B8a 0x98C1334496614aED49d2E81526D089f7264fED9C 0xcE412f988377e31F4d0fF12d74df73B51C42d0cA]" next.size=4 next.IsProposer=false
INFO [06-23|09:55:04.015] QBFT: handle final committed             address=0xe090A28b8a9D0a69EC259CB745036d5D1030e3Ea current.round=0 current.sequence=11 state="Accept request"
INFO [06-23|09:55:04.015] QBFT: initialize new round               address=0xe090A28b8a9D0a69EC259CB745036d5D1030e3Ea current.round=0 current.sequence=11 target.round=0 lastProposal.number=11 lastProposal.hash=100971..a372e0
INFO [06-23|09:55:04.015] QBFT: start new round                    address=0xe090A28b8a9D0a69EC259CB745036d5D1030e3Ea old.round=0  old.sequence=11 old.state="Accept request" old.proposer=0x93917cADBace5dFCE132B991732c6Cda9bcC5B8a next.round=0 next.seq=12 next.proposer=0x98C1334496614aED49d2E81526D089f7264fED9C next.valSet="[0x27A97C9AaF04f18f3014c32e036dD0Ac76Da5f18 0x93917cADBace5dFCE132B991732c6Cda9bcC5B8a 0x98C1334496614aED49d2E81526D089f7264fED9C 0xcE412f988377e31F4d0fF12d74df73B51C42d0cA]" next.size=4 next.IsProposer=false
INFO [06-23|09:55:04.015] Commit new mining work                   number=12 sealhash=e379a1..0911f3 uncles=0 txs=0 gas=0 fees=0 elapsed="184.6µs"
WARN [06-23|09:55:04.016] Block sealing failed                     err=unauthorized
INFO [06-23|09:55:06.006] Imported new chain segment               blocks=1 txs=0 mgas=0.000 elapsed="601.2µs" mgasps=0.000 number=12 hash=3288ee..2dd309 dirty=0.00B
INFO [06-23|09:55:06.006] Commit new mining work                   number=13 sealhash=d25a26..995957 uncles=0 txs=0 gas=0 fees=0 elapsed="168µs"
INFO [06-23|09:55:06.006] QBFT: handle final committed             address=0xe090A28b8a9D0a69EC259CB745036d5D1030e3Ea current.round=0 current.sequence=12 state="Accept request"
INFO [06-23|09:55:06.006] QBFT: initialize new round               address=0xe090A28b8a9D0a69EC259CB745036d5D1030e3Ea current.round=0 current.sequence=12 target.round=0 lastProposal.number=12 lastProposal.hash=3288ee..2dd309
WARN [06-23|09:55:06.006] Block sealing failed                     err=unauthorized
INFO [06-23|09:55:06.006] QBFT: start new round                    address=0xe090A28b8a9D0a69EC259CB745036d5D1030e3Ea old.round=0  old.sequence=12 old.state="Accept request" old.proposer=0x98C1334496614aED49d2E81526D089f7264fED9C next.round=0 next.seq=13 next.proposer=0xcE412f988377e31F4d0fF12d74df73B51C42d0cA next.valSet="[0x27A97C9AaF04f18f3014c32e036dD0Ac76Da5f18 0x93917cADBace5dFCE132B991732c6Cda9bcC5B8a 0x98C1334496614aED49d2E81526D089f7264fED9C 0xcE412f988377e31F4d0fF12d74df73B51C42d0cA]" next.size=4 next.IsProposer=false
INFO [06-23|09:55:12.008] Imported new chain segment               blocks=1 txs=0 mgas=0.000 elapsed="608.3µs" mgasps=0.000 number=13 hash=36853b..b225d3 dirty=0.00B
INFO [06-23|09:55:12.009] QBFT: start new round                    address=0xe090A28b8a9D0a69EC259CB745036d5D1030e3Ea old.round=0  old.sequence=13 old.state="Accept request" old.proposer=0xcE412f988377e31F4d0fF12d74df73B51C42d0cA next.round=0 next.seq=14 next.proposer=0x93917cADBace5dFCE132B991732c6Cda9bcC5B8a next.valSet="[0x27A97C9AaF04f18f3014c32e036dD0Ac76Da5f18 0x93917cADBace5dFCE132B991732c6Cda9bcC5B8a 0x98C1334496614aED49d2E81526D089f7264fED9C 0xcE412f988377e31F4d0fF12d74df73B51C42d0cA]" next.size=4 next.IsProposer=false
WARN [06-23|09:55:12.009] Block sealing failed                     err=unauthorized
INFO [06-23|09:55:12.017] QBFT: handle final committed             address=0xe090A28b8a9D0a69EC259CB745036d5D1030e3Ea current.round=0 current.sequence=14 state="Accept request"
INFO [06-23|09:55:12.017] QBFT: initialize new round               address=0xe090A28b8a9D0a69EC259CB745036d5D1030e3Ea current.round=0 current.sequence=14 target.round=0 lastProposal.number=14 lastProposal.hash=4355c5..b0779f
INFO [06-23|09:55:12.017] QBFT: start new round                    address=0xe090A28b8a9D0a69EC259CB745036d5D1030e3Ea old.round=0  old.sequence=14 old.state="Accept request" old.proposer=0x93917cADBace5dFCE132B991732c6Cda9bcC5B8a next.round=0 next.seq=15 next.proposer=0x98C1334496614aED49d2E81526D089f7264fED9C next.valSet="[0x27A97C9AaF04f18f3014c32e036dD0Ac76Da5f18 0x93917cADBace5dFCE132B991732c6Cda9bcC5B8a 0x98C1334496614aED49d2E81526D089f7264fED9C 0xcE412f988377e31F4d0fF12d74df73B51C42d0cA]" next.size=4 next.IsProposer=false
INFO [06-23|09:55:12.017] Commit new mining work                   number=15 sealhash=f406e7..5fe9a6 uncles=0 txs=0 gas=0 fees=0 elapsed="540.6µs"
WARN [06-23|09:55:12.017] Block sealing failed                     err=unauthorized
INFO [06-23|09:55:16.006] QBFT: start new round                    address=0xe090A28b8a9D0a69EC259CB745036d5D1030e3Ea old.round=0  old.sequence=16 old.state="Accept request" old.proposer=0xcE412f988377e31F4d0fF12d74df73B51C42d0cA next.round=0 next.seq=17 next.proposer=0x27A97C9AaF04f18f3014c32e036dD0Ac76Da5f18 next.valSet="[0x27A97C9AaF04f18f3014c32e036dD0Ac76Da5f18 0x93917cADBace5dFCE132B991732c6Cda9bcC5B8a 0x98C1334496614aED49d2E81526D089f7264fED9C 0xcE412f988377e31F4d0fF12d74df73B51C42d0cA]" next.size=4 next.IsProposer=false
WARN [06-23|09:55:16.006] Block sealing failed                     err=unauthorized
INFO [06-23|09:55:18.007] Imported new chain segment               blocks=1 txs=0 mgas=0.000 elapsed="685.5µs" mgasps=0.000 number=17 hash=9af988..3b8134 dirty=0.00B
INFO [06-23|09:55:18.008] QBFT: handle final committed             address=0xe090A28b8a9D0a69EC259CB745036d5D1030e3Ea current.round=0 current.sequence=17 state="Accept request"
INFO [06-23|09:55:18.008] Commit new mining work                   number=18 sealhash=5e36d9..72d018 uncles=0 txs=0 gas=0 fees=0 elapsed="260.1µs"
WARN [06-23|09:55:18.008] Block sealing failed                     err=unauthorized
INFO [06-23|09:55:20.009] Imported new chain segment               blocks=1 txs=0 mgas=0.000 elapsed="595.7µs" mgasps=0.000 number=18 hash=2c8c15..cab0c7 dirty=0.00B
INFO [06-23|09:55:20.009] QBFT: initialize new round               address=0xe090A28b8a9D0a69EC259CB745036d5D1030e3Ea current.round=0 current.sequence=18 target.round=0 lastProposal.number=18 lastProposal.hash=2c8c15..cab0c7
INFO [06-23|09:55:22.006] Imported new chain segment               blocks=1 txs=0 mgas=0.000 elapsed="652.1µs" mgasps=0.000 number=19 hash=d1882c..490d2b dirty=0.00B
INFO [06-23|09:55:22.006] Commit new mining work                   number=20 sealhash=20f013..be1ef4 uncles=0 txs=0 gas=0 fees=0 elapsed="246.9µs"
INFO [06-23|09:55:22.006] QBFT: handle final committed             address=0xe090A28b8a9D0a69EC259CB745036d5D1030e3Ea current.round=0 current.sequence=19 state="Accept request"
INFO [06-23|09:55:22.006] QBFT: initialize new round               address=0xe090A28b8a9D0a69EC259CB745036d5D1030e3Ea current.round=0 current.sequence=19 target.round=0 lastProposal.number=19 lastProposal.hash=d1882c..490d2b
WARN [06-23|09:55:22.006] Block sealing failed                     err=unauthorized
INFO [06-23|09:55:22.006] QBFT: start new round                    address=0xe090A28b8a9D0a69EC259CB745036d5D1030e3Ea old.round=0  old.sequence=19 old.state="Accept request" old.proposer=0x98C1334496614aED49d2E81526D089f7264fED9C next.round=0 next.seq=20 next.proposer=0xcE412f988377e31F4d0fF12d74df73B51C42d0cA next.valSet="[0x27A97C9AaF04f18f3014c32e036dD0Ac76Da5f18 0x93917cADBace5dFCE132B991732c6Cda9bcC5B8a 0x98C1334496614aED49d2E81526D089f7264fED9C 0xcE412f988377e31F4d0fF12d74df73B51C42d0cA]" next.size=4 next.IsProposer=false
INFO [06-23|09:55:24.506] Imported new chain segment               blocks=1 txs=0 mgas=0.000 elapsed="453.9µs" mgasps=0.000 number=20 hash=0c9b4d..c9ced7 dirty=0.00B
INFO [06-23|09:55:24.506] QBFT: handle final committed             address=0xe090A28b8a9D0a69EC259CB745036d5D1030e3Ea current.round=0 current.sequence=20 state="Accept request"
INFO [06-23|09:55:24.507] QBFT: initialize new round               address=0xe090A28b8a9D0a69EC259CB745036d5D1030e3Ea current.round=0 current.sequence=20 target.round=0 lastProposal.number=20 lastProposal.hash=0c9b4d..c9ced7
INFO [06-23|09:55:26.007] QBFT: handle final committed             address=0xe090A28b8a9D0a69EC259CB745036d5D1030e3Ea current.round=0 current.sequence=21 state="Accept request"
INFO [06-23|09:55:26.007] QBFT: initialize new round               address=0xe090A28b8a9D0a69EC259CB745036d5D1030e3Ea current.round=0 current.sequence=21 target.round=0 lastProposal.number=21 lastProposal.hash=8177a7..323a8a
INFO [06-23|09:55:26.007] Commit new mining work                   number=22 sealhash=781a3b..66c5f4 uncles=0 txs=0 gas=0 fees=0 elapsed="204.5µs"
WARN [06-23|09:55:26.007] Block sealing failed                     err=unauthorized
INFO [06-23|09:55:28.007] Commit new mining work                   number=23 sealhash=b44f82..7fab00 uncles=0 txs=0 gas=0 fees=0 elapsed="319.1µs"
WARN [06-23|09:55:28.007] Block sealing failed                     err=unauthorized
INFO [06-23|09:55:28.007] QBFT: handle final committed             address=0xe090A28b8a9D0a69EC259CB745036d5D1030e3Ea current.round=0 current.sequence=22 state="Accept request"
INFO [06-23|09:55:28.007] QBFT: initialize new round               address=0xe090A28b8a9D0a69EC259CB745036d5D1030e3Ea current.round=0 current.sequence=22 target.round=0 lastProposal.number=22 lastProposal.hash=2832a7..40ec6e
INFO [06-23|09:55:28.007] QBFT: start new round                    address=0xe090A28b8a9D0a69EC259CB745036d5D1030e3Ea old.round=0  old.sequence=22 old.state="Accept request" old.proposer=0x93917cADBace5dFCE132B991732c6Cda9bcC5B8a next.round=0 next.seq=23 next.proposer=0x98C1334496614aED49d2E81526D089f7264fED9C next.valSet="[0x27A97C9AaF04f18f3014c32e036dD0Ac76Da5f18 0x93917cADBace5dFCE132B991732c6Cda9bcC5B8a 0x98C1334496614aED49d2E81526D089f7264fED9C 0xcE412f988377e31F4d0fF12d74df73B51C42d0cA]" next.size=4 next.IsProposer=false
INFO [06-23|09:55:30.009] Commit new mining work                   number=24 sealhash=ef991f..d34e75 uncles=0 txs=0 gas=0 fees=0 elapsed="211µs"
WARN [06-23|09:55:30.009] Block sealing failed                     err=unauthorized
INFO [06-23|09:55:30.009] QBFT: handle final committed             address=0xe090A28b8a9D0a69EC259CB745036d5D1030e3Ea current.round=0 current.sequence=23 state="Accept request"
INFO [06-23|09:55:30.009] QBFT: initialize new round               address=0xe090A28b8a9D0a69EC259CB745036d5D1030e3Ea current.round=0 current.sequence=23 target.round=0 lastProposal.number=23 lastProposal.hash=23e744..bb7936
INFO [06-23|09:55:30.009] QBFT: start new round                    address=0xe090A28b8a9D0a69EC259CB745036d5D1030e3Ea old.round=0  old.sequence=23 old.state="Accept request" old.proposer=0x98C1334496614aED49d2E81526D089f7264fED9C next.round=0 next.seq=24 next.proposer=0xcE412f988377e31F4d0fF12d74df73B51C42d0cA next.valSet="[0x27A97C9AaF04f18f3014c32e036dD0Ac76Da5f18 0x93917cADBace5dFCE132B991732c6Cda9bcC5B8a 0x98C1334496614aED49d2E81526D089f7264fED9C 0xcE412f988377e31F4d0fF12d74df73B51C42d0cA]" next.size=4 next.IsProposer=false
INFO [06-23|09:55:32.007] Imported new chain segment               blocks=1 txs=0 mgas=0.000 elapsed="730µs"   mgasps=0.000 number=24 hash=3d2604..070200 dirty=0.00B
INFO [06-23|09:55:32.007] QBFT: handle final committed             address=0xe090A28b8a9D0a69EC259CB745036d5D1030e3Ea current.round=0 current.sequence=24 state="Accept request"
INFO [06-23|09:55:32.007] QBFT: initialize new round               address=0xe090A28b8a9D0a69EC259CB745036d5D1030e3Ea current.round=0 current.sequence=24 target.round=0 lastProposal.number=24 lastProposal.hash=3d2604..070200
INFO [06-23|09:55:32.007] QBFT: start new round                    address=0xe090A28b8a9D0a69EC259CB745036d5D1030e3Ea old.round=0  old.sequence=24 old.state="Accept request" old.proposer=0xcE412f988377e31F4d0fF12d74df73B51C42d0cA next.round=0 next.seq=25 next.proposer=0x27A97C9AaF04f18f3014c32e036dD0Ac76Da5f18 next.valSet="[0x27A97C9AaF04f18f3014c32e036dD0Ac76Da5f18 0x93917cADBace5dFCE132B991732c6Cda9bcC5B8a 0x98C1334496614aED49d2E81526D089f7264fED9C 0xcE412f988377e31F4d0fF12d74df73B51C42d0cA]" next.size=4 next.IsProposer=false
INFO [06-23|09:55:32.007] Commit new mining work                   number=25 sealhash=d41bae..3ce662 uncles=0 txs=0 gas=0 fees=0 elapsed="255.6µs"
WARN [06-23|09:55:32.007] Block sealing failed                     err=unauthorized
INFO [06-23|09:55:34.006] Imported new chain segment               blocks=1 txs=0 mgas=0.000 elapsed=1.065ms   mgasps=0.000 number=25 hash=a8b77c..9e7917 dirty=0.00B
INFO [06-23|09:55:36.008] Imported new chain segment               blocks=1 txs=0 mgas=0.000 elapsed="491.6µs" mgasps=0.000 number=26 hash=b56ec1..7dc431 dirty=0.00B
INFO [06-23|09:55:36.008] QBFT: handle final committed             address=0xe090A28b8a9D0a69EC259CB745036d5D1030e3Ea current.round=0 current.sequence=26 state="Accept request"
INFO [06-23|09:55:36.008] QBFT: initialize new round               address=0xe090A28b8a9D0a69EC259CB745036d5D1030e3Ea current.round=0 current.sequence=26 target.round=0 lastProposal.number=26 lastProposal.hash=b56ec1..7dc431
INFO [06-23|09:55:36.008] QBFT: start new round                    address=0xe090A28b8a9D0a69EC259CB745036d5D1030e3Ea old.round=0  old.sequence=26 old.state="Accept request" old.proposer=0x93917cADBace5dFCE132B991732c6Cda9bcC5B8a next.round=0 next.seq=27 next.proposer=0x98C1334496614aED49d2E81526D089f7264fED9C next.valSet="[0x27A97C9AaF04f18f3014c32e036dD0Ac76Da5f18 0x93917cADBace5dFCE132B991732c6Cda9bcC5B8a 0x98C1334496614aED49d2E81526D089f7264fED9C 0xcE412f988377e31F4d0fF12d74df73B51C42d0cA]" next.size=4 next.IsProposer=false
INFO [06-23|09:55:38.009] Imported new chain segment               blocks=1 txs=0 mgas=0.000 elapsed="716µs"   mgasps=0.000 number=27 hash=771771..548ea5 dirty=0.00B
INFO [06-23|09:55:38.010] Commit new mining work                   number=28 sealhash=0d8d04..ff2550 uncles=0 txs=0 gas=0 fees=0 elapsed="186.7µs"
WARN [06-23|09:55:38.010] Block sealing failed                     err=unauthorized
INFO [06-23|09:55:38.010] QBFT: handle final committed             address=0xe090A28b8a9D0a69EC259CB745036d5D1030e3Ea current.round=0 current.sequence=27 state="Accept request"
INFO [06-23|09:55:38.010] QBFT: initialize new round               address=0xe090A28b8a9D0a69EC259CB745036d5D1030e3Ea current.round=0 current.sequence=27 target.round=0 lastProposal.number=27 lastProposal.hash=771771..548ea5
INFO [06-23|09:55:38.010] QBFT: start new round                    address=0xe090A28b8a9D0a69EC259CB745036d5D1030e3Ea old.round=0  old.sequence=27 old.state="Accept request" old.proposer=0x98C1334496614aED49d2E81526D089f7264fED9C next.round=0 next.seq=28 next.proposer=0xcE412f988377e31F4d0fF12d74df73B51C42d0cA next.valSet="[0x27A97C9AaF04f18f3014c32e036dD0Ac76Da5f18 0x93917cADBace5dFCE132B991732c6Cda9bcC5B8a 0x98C1334496614aED49d2E81526D089f7264fED9C 0xcE412f988377e31F4d0fF12d74df73B51C42d0cA]" next.size=4 next.IsProposer=false
INFO [06-23|09:55:40.006] QBFT: handle final committed             address=0xe090A28b8a9D0a69EC259CB745036d5D1030e3Ea current.round=0 current.sequence=28 state="Accept request"
INFO [06-23|09:55:40.006] QBFT: initialize new round               address=0xe090A28b8a9D0a69EC259CB745036d5D1030e3Ea current.round=0 current.sequence=28 target.round=0 lastProposal.number=28 lastProposal.hash=e73f8c..03c2f3
INFO [06-23|09:55:42.005] Imported new chain segment               blocks=1 txs=0 mgas=0.000 elapsed="583.8µs" mgasps=0.000 number=29 hash=067459..2529e2 dirty=0.00B
INFO [06-23|09:55:42.005] Commit new mining work                   number=30 sealhash=b3bb37..f61649 uncles=0 txs=0 gas=0 fees=0 elapsed="173.4µs"
WARN [06-23|09:55:42.005] Block sealing failed                     err=unauthorized
INFO [06-23|09:55:42.006] QBFT: handle final committed             address=0xe090A28b8a9D0a69EC259CB745036d5D1030e3Ea current.round=0 current.sequence=29 state="Accept request"
INFO [06-23|09:55:42.006] QBFT: initialize new round               address=0xe090A28b8a9D0a69EC259CB745036d5D1030e3Ea current.round=0 current.sequence=29 target.round=0 lastProposal.number=29 lastProposal.hash=067459..2529e2
INFO [06-23|09:55:42.006] QBFT: start new round                    address=0xe090A28b8a9D0a69EC259CB745036d5D1030e3Ea old.round=0  old.sequence=29 old.state="Accept request" old.proposer=0x27A97C9AaF04f18f3014c32e036dD0Ac76Da5f18 next.round=0 next.seq=30 next.proposer=0x93917cADBace5dFCE132B991732c6Cda9bcC5B8a next.valSet="[0x27A97C9AaF04f18f3014c32e036dD0Ac76Da5f18 0x93917cADBace5dFCE132B991732c6Cda9bcC5B8a 0x98C1334496614aED49d2E81526D089f7264fED9C 0xcE412f988377e31F4d0fF12d74df73B51C42d0cA]" next.size=4 next.IsProposer=false
INFO [06-23|09:55:44.007] Imported new chain segment               blocks=1 txs=0 mgas=0.000 elapsed="588µs"   mgasps=0.000 number=30 hash=097ca1..720188 dirty=0.00B
INFO [06-23|09:55:44.008] QBFT: start new round                    address=0xe090A28b8a9D0a69EC259CB745036d5D1030e3Ea old.round=0  old.sequence=30 old.state="Accept request" old.proposer=0x93917cADBace5dFCE132B991732c6Cda9bcC5B8a next.round=0 next.seq=31 next.proposer=0x98C1334496614aED49d2E81526D089f7264fED9C next.valSet="[0x27A97C9AaF04f18f3014c32e036dD0Ac76Da5f18 0x93917cADBace5dFCE132B991732c6Cda9bcC5B8a 0x98C1334496614aED49d2E81526D089f7264fED9C 0xcE412f988377e31F4d0fF12d74df73B51C42d0cA]" next.size=4 next.IsProposer=false
WARN [06-23|09:55:44.008] Block sealing failed                     err=unauthorized
INFO [06-23|09:55:46.006] Imported new chain segment               blocks=1 txs=0 mgas=0.000 elapsed="592.6µs" mgasps=0.000 number=31 hash=63ede2..9f456c dirty=0.00B
WARN [06-23|09:55:46.007] Block sealing failed                     err=unauthorized
INFO [06-23|09:55:46.007] QBFT: initialize new round               address=0xe090A28b8a9D0a69EC259CB745036d5D1030e3Ea current.round=0 current.sequence=31 target.round=0 lastProposal.number=31 lastProposal.hash=63ede2..9f456c
INFO [06-23|09:55:46.007] QBFT: start new round                    address=0xe090A28b8a9D0a69EC259CB745036d5D1030e3Ea old.round=0  old.sequence=31 old.state="Accept request" old.proposer=0x98C1334496614aED49d2E81526D089f7264fED9C next.round=0 next.seq=32 next.proposer=0xcE412f988377e31F4d0fF12d74df73B51C42d0cA next.valSet="[0x27A97C9AaF04f18f3014c32e036dD0Ac76Da5f18 0x93917cADBace5dFCE132B991732c6Cda9bcC5B8a 0x98C1334496614aED49d2E81526D089f7264fED9C 0xcE412f988377e31F4d0fF12d74df73B51C42d0cA]" next.size=4 next.IsProposer=false
INFO [06-23|09:55:48.007] Imported new chain segment               blocks=1 txs=0 mgas=0.000 elapsed="676.6µs" mgasps=0.000 number=32 hash=d37702..09e4af dirty=0.00B
INFO [06-23|09:55:50.008] QBFT: initialize new round               address=0xe090A28b8a9D0a69EC259CB745036d5D1030e3Ea current.round=0 current.sequence=33 target.round=0 lastProposal.number=33 lastProposal.hash=df3684..18f13c
INFO [06-23|09:55:50.008] QBFT: start new round                    address=0xe090A28b8a9D0a69EC259CB745036d5D1030e3Ea old.round=0  old.sequence=33 old.state="Accept request" old.proposer=0x27A97C9AaF04f18f3014c32e036dD0Ac76Da5f18 next.round=0 next.seq=34 next.proposer=0x93917cADBace5dFCE132B991732c6Cda9bcC5B8a next.valSet="[0x27A97C9AaF04f18f3014c32e036dD0Ac76Da5f18 0x93917cADBace5dFCE132B991732c6Cda9bcC5B8a 0x98C1334496614aED49d2E81526D089f7264fED9C 0xcE412f988377e31F4d0fF12d74df73B51C42d0cA]" next.size=4 next.IsProposer=false
WARN [06-23|09:55:50.008] Block sealing failed                     err=unauthorized
INFO [06-23|09:55:50.008] Commit new mining work                   number=34 sealhash=64228e..388f6b uncles=0 txs=0 gas=0 fees=0 elapsed="248µs"
INFO [06-23|09:55:52.006] Imported new chain segment               blocks=1 txs=0 mgas=0.000 elapsed="650.9µs" mgasps=0.000 number=34 hash=f9dac1..366e8a dirty=0.00B
INFO [06-23|09:55:52.006] Commit new mining work                   number=35 sealhash=5ae6ee..c4df9f uncles=0 txs=0 gas=0 fees=0 elapsed="251.3µs"
WARN [06-23|09:55:52.006] Block sealing failed                     err=unauthorized
INFO [06-23|09:55:52.007] QBFT: handle final committed             address=0xe090A28b8a9D0a69EC259CB745036d5D1030e3Ea current.round=0 current.sequence=34 state="Accept request"
INFO [06-23|09:55:52.007] QBFT: initialize new round               address=0xe090A28b8a9D0a69EC259CB745036d5D1030e3Ea current.round=0 current.sequence=34 target.round=0 lastProposal.number=34 lastProposal.hash=f9dac1..366e8a
INFO [06-23|09:55:52.007] QBFT: start new round                    address=0xe090A28b8a9D0a69EC259CB745036d5D1030e3Ea old.round=0  old.sequence=34 old.state="Accept request" old.proposer=0x93917cADBace5dFCE132B991732c6Cda9bcC5B8a next.round=0 next.seq=35 next.proposer=0x98C1334496614aED49d2E81526D089f7264fED9C next.valSet="[0x27A97C9AaF04f18f3014c32e036dD0Ac76Da5f18 0x93917cADBace5dFCE132B991732c6Cda9bcC5B8a 0x98C1334496614aED49d2E81526D089f7264fED9C 0xcE412f988377e31F4d0fF12d74df73B51C42d0cA]" next.size=4 next.IsProposer=false
WARN [06-23|09:55:54.009] Block sealing failed                     err=unauthorized
INFO [06-23|09:55:56.008] Imported new chain segment               blocks=1 txs=0 mgas=0.000 elapsed="567.2µs" mgasps=0.000 number=36 hash=ba329d..470cfb dirty=0.00B
INFO [06-23|09:55:56.009] QBFT: handle final committed             address=0xe090A28b8a9D0a69EC259CB745036d5D1030e3Ea current.round=0 current.sequence=36 state="Accept request"
INFO [06-23|09:55:58.011] Imported new chain segment               blocks=1 txs=0 mgas=0.000 elapsed=3.593ms   mgasps=0.000 number=37 hash=0849e0..f128e8 dirty=0.00B
INFO [06-23|09:55:58.011] QBFT: handle final committed             address=0xe090A28b8a9D0a69EC259CB745036d5D1030e3Ea current.round=0 current.sequence=37 state="Accept request"
INFO [06-23|09:55:58.011] QBFT: initialize new round               address=0xe090A28b8a9D0a69EC259CB745036d5D1030e3Ea current.round=0 current.sequence=37 target.round=0 lastProposal.number=37 lastProposal.hash=0849e0..f128e8
INFO [06-23|09:55:58.011] QBFT: start new round                    address=0xe090A28b8a9D0a69EC259CB745036d5D1030e3Ea old.round=0  old.sequence=37 old.state="Accept request" old.proposer=0x27A97C9AaF04f18f3014c32e036dD0Ac76Da5f18 next.round=0 next.seq=38 next.proposer=0x93917cADBace5dFCE132B991732c6Cda9bcC5B8a next.valSet="[0x27A97C9AaF04f18f3014c32e036dD0Ac76Da5f18 0x93917cADBace5dFCE132B991732c6Cda9bcC5B8a 0x98C1334496614aED49d2E81526D089f7264fED9C 0xcE412f988377e31F4d0fF12d74df73B51C42d0cA]" next.size=4 next.IsProposer=false
INFO [06-23|09:55:58.011] Commit new mining work                   number=38 sealhash=e5f50c..0dc8f8 uncles=0 txs=0 gas=0 fees=0 elapsed="208.3µs"
WARN [06-23|09:55:58.011] Block sealing failed                     err=unauthorized
INFO [06-23|09:55:58.085] QUORUM-CHECKPOINT                        name=TX-COMPLETED tx=0x5401eda226603dc6a3e11b5d31fc59dc1e149328f3da82af0c415e3af1d04603 time=74.0458ms
INFO [06-23|09:55:58.085] Commit new mining work                   number=38 sealhash=636714..b83841 uncles=0 txs=1 gas=0 fees=0 elapsed=74.616ms
INFO [06-23|09:56:00.011] Imported new chain segment               blocks=1 txs=1 mgas=0.000 elapsed=5.752ms   mgasps=0.000 number=38 hash=44d419..c31296 dirty=1.04KiB
INFO [06-23|09:56:00.012] Commit new mining work                   number=39 sealhash=ad1618..b3a7ab uncles=0 txs=0 gas=0 fees=0 elapsed="163.4µs"
INFO [06-23|09:56:00.012] QBFT: start new round                    address=0xe090A28b8a9D0a69EC259CB745036d5D1030e3Ea old.round=0  old.sequence=38 old.state="Accept request" old.proposer=0x93917cADBace5dFCE132B991732c6Cda9bcC5B8a next.round=0 next.seq=39 next.proposer=0x98C1334496614aED49d2E81526D089f7264fED9C next.valSet="[0x27A97C9AaF04f18f3014c32e036dD0Ac76Da5f18 0x93917cADBace5dFCE132B991732c6Cda9bcC5B8a 0x98C1334496614aED49d2E81526D089f7264fED9C 0xcE412f988377e31F4d0fF12d74df73B51C42d0cA]" next.size=4 next.IsProposer=false
INFO [06-23|09:56:02.008] Commit new mining work                   number=40 sealhash=808509..ce8628 uncles=0 txs=0 gas=0 fees=0 elapsed="208.4µs"
WARN [06-23|09:56:02.008] Block sealing failed                     err=unauthorized
INFO [06-23|09:56:02.008] QBFT: start new round                    address=0xe090A28b8a9D0a69EC259CB745036d5D1030e3Ea old.round=0  old.sequence=39 old.state="Accept request" old.proposer=0x98C1334496614aED49d2E81526D089f7264fED9C next.round=0 next.seq=40 next.proposer=0xcE412f988377e31F4d0fF12d74df73B51C42d0cA next.valSet="[0x27A97C9AaF04f18f3014c32e036dD0Ac76Da5f18 0x93917cADBace5dFCE132B991732c6Cda9bcC5B8a 0x98C1334496614aED49d2E81526D089f7264fED9C 0xcE412f988377e31F4d0fF12d74df73B51C42d0cA]" next.size=4 next.IsProposer=false
INFO [06-23|09:56:04.006] Imported new chain segment               blocks=1 txs=0 mgas=0.000 elapsed="608.9µs" mgasps=0.000 number=40 hash=858be8..1999cd dirty=1.04KiB
INFO [06-23|09:56:04.006] Commit new mining work                   number=41 sealhash=547623..5577ff uncles=0 txs=0 gas=0 fees=0 elapsed="209.4µs"
WARN [06-23|09:56:04.006] Block sealing failed                     err=unauthorized
INFO [06-23|09:56:04.006] QBFT: handle final committed             address=0xe090A28b8a9D0a69EC259CB745036d5D1030e3Ea current.round=0 current.sequence=40 state="Accept request"
INFO [06-23|09:56:04.006] QBFT: initialize new round               address=0xe090A28b8a9D0a69EC259CB745036d5D1030e3Ea current.round=0 current.sequence=40 target.round=0 lastProposal.number=40 lastProposal.hash=858be8..1999cd
INFO [06-23|09:56:04.006] QBFT: start new round                    address=0xe090A28b8a9D0a69EC259CB745036d5D1030e3Ea old.round=0  old.sequence=40 old.state="Accept request" old.proposer=0xcE412f988377e31F4d0fF12d74df73B51C42d0cA next.round=0 next.seq=41 next.proposer=0x27A97C9AaF04f18f3014c32e036dD0Ac76Da5f18 next.valSet="[0x27A97C9AaF04f18f3014c32e036dD0Ac76Da5f18 0x93917cADBace5dFCE132B991732c6Cda9bcC5B8a 0x98C1334496614aED49d2E81526D089f7264fED9C 0xcE412f988377e31F4d0fF12d74df73B51C42d0cA]" next.size=4 next.IsProposer=false
INFO [06-23|09:56:06.007] QBFT: handle final committed             address=0xe090A28b8a9D0a69EC259CB745036d5D1030e3Ea current.round=0 current.sequence=41 state="Accept request"
INFO [06-23|09:56:06.007] QBFT: initialize new round               address=0xe090A28b8a9D0a69EC259CB745036d5D1030e3Ea current.round=0 current.sequence=41 target.round=0 lastProposal.number=41 lastProposal.hash=be64cb..528558
INFO [06-23|09:56:06.007] Commit new mining work                   number=42 sealhash=90405b..2f5666 uncles=0 txs=0 gas=0 fees=0 elapsed="216.8µs"
INFO [06-23|09:56:08.006] Imported new chain segment               blocks=1 txs=0 mgas=0.000 elapsed="611µs"   mgasps=0.000 number=42 hash=f31a7f..923d0e dirty=1.04KiB
INFO [06-23|09:56:08.007] Commit new mining work                   number=43 sealhash=b913e2..f20160 uncles=0 txs=0 gas=0 fees=0 elapsed="185.2µs"
WARN [06-23|09:56:08.007] Block sealing failed                     err=unauthorized
INFO [06-23|09:56:08.007] QBFT: handle final committed             address=0xe090A28b8a9D0a69EC259CB745036d5D1030e3Ea current.round=0 current.sequence=42 state="Accept request"
INFO [06-23|09:56:08.007] QBFT: initialize new round               address=0xe090A28b8a9D0a69EC259CB745036d5D1030e3Ea current.round=0 current.sequence=42 target.round=0 lastProposal.number=42 lastProposal.hash=f31a7f..923d0e
INFO [06-23|09:56:08.007] QBFT: start new round                    address=0xe090A28b8a9D0a69EC259CB745036d5D1030e3Ea old.round=0  old.sequence=42 old.state="Accept request" old.proposer=0x93917cADBace5dFCE132B991732c6Cda9bcC5B8a next.round=0 next.seq=43 next.proposer=0x98C1334496614aED49d2E81526D089f7264fED9C next.valSet="[0x27A97C9AaF04f18f3014c32e036dD0Ac76Da5f18 0x93917cADBace5dFCE132B991732c6Cda9bcC5B8a 0x98C1334496614aED49d2E81526D089f7264fED9C 0xcE412f988377e31F4d0fF12d74df73B51C42d0cA]" next.size=4 next.IsProposer=false
INFO [06-23|09:56:10.006] Imported new chain segment               blocks=1 txs=0 mgas=0.000 elapsed="752.7µs" mgasps=0.000 number=43 hash=934906..a696af dirty=1.04KiB
INFO [06-23|09:56:10.006] QBFT: initialize new round               address=0xe090A28b8a9D0a69EC259CB745036d5D1030e3Ea current.round=0 current.sequence=43 target.round=0 lastProposal.number=43 lastProposal.hash=934906..a696af
INFO [06-23|09:56:10.006] QBFT: start new round                    address=0xe090A28b8a9D0a69EC259CB745036d5D1030e3Ea old.round=0  old.sequence=43 old.state="Accept request" old.proposer=0x98C1334496614aED49d2E81526D089f7264fED9C next.round=0 next.seq=44 next.proposer=0xcE412f988377e31F4d0fF12d74df73B51C42d0cA next.valSet="[0x27A97C9AaF04f18f3014c32e036dD0Ac76Da5f18 0x93917cADBace5dFCE132B991732c6Cda9bcC5B8a 0x98C1334496614aED49d2E81526D089f7264fED9C 0xcE412f988377e31F4d0fF12d74df73B51C42d0cA]" next.size=4 next.IsProposer=false
INFO [06-23|09:56:12.006] Commit new mining work                   number=45 sealhash=460258..1a584f uncles=0 txs=0 gas=0 fees=0 elapsed="205.2µs"
INFO [06-23|09:56:12.006] QBFT: handle final committed             address=0xe090A28b8a9D0a69EC259CB745036d5D1030e3Ea current.round=0 current.sequence=44 state="Accept request"
INFO [06-23|09:56:12.006] QBFT: initialize new round               address=0xe090A28b8a9D0a69EC259CB745036d5D1030e3Ea current.round=0 current.sequence=44 target.round=0 lastProposal.number=44 lastProposal.hash=898aec..2a2dc3
WARN [06-23|09:56:12.006] Block sealing failed                     err=unauthorized
INFO [06-23|09:56:12.006] QBFT: start new round                    address=0xe090A28b8a9D0a69EC259CB745036d5D1030e3Ea old.round=0  old.sequence=44 old.state="Accept request" old.proposer=0xcE412f988377e31F4d0fF12d74df73B51C42d0cA next.round=0 next.seq=45 next.proposer=0x27A97C9AaF04f18f3014c32e036dD0Ac76Da5f18 next.valSet="[0x27A97C9AaF04f18f3014c32e036dD0Ac76Da5f18 0x93917cADBace5dFCE132B991732c6Cda9bcC5B8a 0x98C1334496614aED49d2E81526D089f7264fED9C 0xcE412f988377e31F4d0fF12d74df73B51C42d0cA]" next.size=4 next.IsProposer=false
INFO [06-23|09:56:14.011] Imported new chain segment               blocks=1 txs=1 mgas=0.000 elapsed=5.581ms   mgasps=0.000 number=45 hash=ec6486..9999da dirty=2.09KiB
INFO [06-23|09:56:14.011] QBFT: start new round                    address=0xe090A28b8a9D0a69EC259CB745036d5D1030e3Ea old.round=0  old.sequence=45 old.state="Accept request" old.proposer=0x27A97C9AaF04f18f3014c32e036dD0Ac76Da5f18 next.round=0 next.seq=46 next.proposer=0x93917cADBace5dFCE132B991732c6Cda9bcC5B8a next.valSet="[0x27A97C9AaF04f18f3014c32e036dD0Ac76Da5f18 0x93917cADBace5dFCE132B991732c6Cda9bcC5B8a 0x98C1334496614aED49d2E81526D089f7264fED9C 0xcE412f988377e31F4d0fF12d74df73B51C42d0cA]" next.size=4 next.IsProposer=false
INFO [06-23|09:56:14.011] Commit new mining work                   number=46 sealhash=f51385..620317 uncles=0 txs=0 gas=0 fees=0 elapsed="249.2µs"
WARN [06-23|09:56:14.011] Block sealing failed                     err=unauthorized
INFO [06-23|09:56:16.006] Imported new chain segment               blocks=1 txs=0 mgas=0.000 elapsed="672.4µs" mgasps=0.000 number=46 hash=84deef..7f77dd dirty=2.09KiB
INFO [06-23|09:56:16.008] QBFT: start new round                    address=0xe090A28b8a9D0a69EC259CB745036d5D1030e3Ea old.round=0  old.sequence=46 old.state="Accept request" old.proposer=0x93917cADBace5dFCE132B991732c6Cda9bcC5B8a next.round=0 next.seq=47 next.proposer=0x98C1334496614aED49d2E81526D089f7264fED9C next.valSet="[0x27A97C9AaF04f18f3014c32e036dD0Ac76Da5f18 0x93917cADBace5dFCE132B991732c6Cda9bcC5B8a 0x98C1334496614aED49d2E81526D089f7264fED9C 0xcE412f988377e31F4d0fF12d74df73B51C42d0cA]" next.size=4 next.IsProposer=false
INFO [06-23|09:56:16.008] Commit new mining work                   number=47 sealhash=5e544d..e3cfa6 uncles=0 txs=0 gas=0 fees=0 elapsed="201.3µs"
INFO [06-23|09:56:18.008] Imported new chain segment               blocks=1 txs=0 mgas=0.000 elapsed="753.5µs" mgasps=0.000 number=47 hash=459787..8a0d2b dirty=2.09KiB
INFO [06-23|09:56:18.008] Commit new mining work                   number=48 sealhash=e07556..67b3cd uncles=0 txs=0 gas=0 fees=0 elapsed="202.1µs"
INFO [06-23|09:56:18.008] QBFT: handle final committed             address=0xe090A28b8a9D0a69EC259CB745036d5D1030e3Ea current.round=0 current.sequence=47 state="Accept request"
INFO [06-23|09:56:18.008] QBFT: initialize new round               address=0xe090A28b8a9D0a69EC259CB745036d5D1030e3Ea current.round=0 current.sequence=47 target.round=0 lastProposal.number=47 lastProposal.hash=459787..8a0d2b
WARN [06-23|09:56:18.008] Block sealing failed                     err=unauthorized
INFO [06-23|09:56:20.006] Imported new chain segment               blocks=1 txs=0 mgas=0.000 elapsed="554.9µs" mgasps=0.000 number=48 hash=59ba3d..41b2be dirty=2.09KiB
INFO [06-23|09:56:20.007] QBFT: handle final committed             address=0xe090A28b8a9D0a69EC259CB745036d5D1030e3Ea current.round=0 current.sequence=48 state="Accept request"
INFO [06-23|09:56:20.007] QBFT: initialize new round               address=0xe090A28b8a9D0a69EC259CB745036d5D1030e3Ea current.round=0 current.sequence=48 target.round=0 lastProposal.number=48 lastProposal.hash=59ba3d..41b2be
INFO [06-23|09:56:20.007] QBFT: start new round                    address=0xe090A28b8a9D0a69EC259CB745036d5D1030e3Ea old.round=0  old.sequence=48 old.state="Accept request" old.proposer=0xcE412f988377e31F4d0fF12d74df73B51C42d0cA next.round=0 next.seq=49 next.proposer=0x27A97C9AaF04f18f3014c32e036dD0Ac76Da5f18 next.valSet="[0x27A97C9AaF04f18f3014c32e036dD0Ac76Da5f18 0x93917cADBace5dFCE132B991732c6Cda9bcC5B8a 0x98C1334496614aED49d2E81526D089f7264fED9C 0xcE412f988377e31F4d0fF12d74df73B51C42d0cA]" next.size=4 next.IsProposer=false
INFO [06-23|09:56:20.007] Commit new mining work                   number=49 sealhash=dcdc93..ef57ee uncles=0 txs=0 gas=0 fees=0 elapsed="204.9µs"
WARN [06-23|09:56:20.007] Block sealing failed                     err=unauthorized
INFO [06-23|09:56:22.006] Imported new chain segment               blocks=1 txs=0 mgas=0.000 elapsed="618.4µs" mgasps=0.000 number=49 hash=00ab4d..77df0e dirty=2.09KiB
INFO [06-23|09:56:22.007] QBFT: handle final committed             address=0xe090A28b8a9D0a69EC259CB745036d5D1030e3Ea current.round=0 current.sequence=49 state="Accept request"
INFO [06-23|09:56:22.007] QBFT: initialize new round               address=0xe090A28b8a9D0a69EC259CB745036d5D1030e3Ea current.round=0 current.sequence=49 target.round=0 lastProposal.number=49 lastProposal.hash=00ab4d..77df0e
INFO [06-23|09:56:22.007] QBFT: start new round                    address=0xe090A28b8a9D0a69EC259CB745036d5D1030e3Ea old.round=0  old.sequence=49 old.state="Accept request" old.proposer=0x27A97C9AaF04f18f3014c32e036dD0Ac76Da5f18 next.round=0 next.seq=50 next.proposer=0x93917cADBace5dFCE132B991732c6Cda9bcC5B8a next.valSet="[0x27A97C9AaF04f18f3014c32e036dD0Ac76Da5f18 0x93917cADBace5dFCE132B991732c6Cda9bcC5B8a 0x98C1334496614aED49d2E81526D089f7264fED9C 0xcE412f988377e31F4d0fF12d74df73B51C42d0cA]" next.size=4 next.IsProposer=false
INFO [06-23|09:56:22.007] Commit new mining work                   number=50 sealhash=6d951a..8097fb uncles=0 txs=0 gas=0 fees=0 elapsed="273.1µs"
WARN [06-23|09:56:22.007] Block sealing failed                     err=unauthorized
INFO [06-23|09:56:24.008] Commit new mining work                   number=51 sealhash=ce9b59..9f0b4d uncles=0 txs=0 gas=0 fees=0 elapsed="169.5µs"
INFO [06-23|09:56:24.008] QBFT: handle final committed             address=0xe090A28b8a9D0a69EC259CB745036d5D1030e3Ea current.round=0 current.sequence=50 state="Accept request"
INFO [06-23|09:56:24.008] QBFT: start new round                    address=0xe090A28b8a9D0a69EC259CB745036d5D1030e3Ea old.round=0  old.sequence=50 old.state="Accept request" old.proposer=0x93917cADBace5dFCE132B991732c6Cda9bcC5B8a next.round=0 next.seq=51 next.proposer=0x98C1334496614aED49d2E81526D089f7264fED9C next.valSet="[0x27A97C9AaF04f18f3014c32e036dD0Ac76Da5f18 0x93917cADBace5dFCE132B991732c6Cda9bcC5B8a 0x98C1334496614aED49d2E81526D089f7264fED9C 0xcE412f988377e31F4d0fF12d74df73B51C42d0cA]" next.size=4 next.IsProposer=false
WARN [06-23|09:56:24.008] Block sealing failed                     err=unauthorized
INFO [06-23|09:56:26.007] Imported new chain segment               blocks=1 txs=0 mgas=0.000 elapsed="607µs"   mgasps=0.000 number=51 hash=2fb331..c67fbc dirty=2.09KiB
INFO [06-23|09:56:26.008] Commit new mining work                   number=52 sealhash=55d0e9..110ffb uncles=0 txs=0 gas=0 fees=0 elapsed="118.8µs"
INFO [06-23|09:56:26.008] QBFT: handle final committed             address=0xe090A28b8a9D0a69EC259CB745036d5D1030e3Ea current.round=0 current.sequence=51 state="Accept request"
INFO [06-23|09:56:28.006] QBFT: initialize new round               address=0xe090A28b8a9D0a69EC259CB745036d5D1030e3Ea current.round=0 current.sequence=52 target.round=0 lastProposal.number=52 lastProposal.hash=d95a96..ce22c5
INFO [06-23|09:56:30.009] QBFT: handle final committed             address=0xe090A28b8a9D0a69EC259CB745036d5D1030e3Ea current.round=0 current.sequence=53 state="Accept request"
INFO [06-23|09:56:30.009] QBFT: initialize new round               address=0xe090A28b8a9D0a69EC259CB745036d5D1030e3Ea current.round=0 current.sequence=53 target.round=0 lastProposal.number=53 lastProposal.hash=44f834..82ac46
INFO [06-23|09:56:30.009] QBFT: start new round                    address=0xe090A28b8a9D0a69EC259CB745036d5D1030e3Ea old.round=0  old.sequence=53 old.state="Accept request" old.proposer=0x27A97C9AaF04f18f3014c32e036dD0Ac76Da5f18 next.round=0 next.seq=54 next.proposer=0x93917cADBace5dFCE132B991732c6Cda9bcC5B8a next.valSet="[0x27A97C9AaF04f18f3014c32e036dD0Ac76Da5f18 0x93917cADBace5dFCE132B991732c6Cda9bcC5B8a 0x98C1334496614aED49d2E81526D089f7264fED9C 0xcE412f988377e31F4d0fF12d74df73B51C42d0cA]" next.size=4 next.IsProposer=false
INFO [06-23|09:56:32.007] Imported new chain segment               blocks=1 txs=0 mgas=0.000 elapsed="626.3µs" mgasps=0.000 number=54 hash=129d5d..c770e3 dirty=2.09KiB
WARN [06-23|09:56:32.007] Block sealing failed                     err=unauthorized
INFO [06-23|09:56:34.006] Imported new chain segment               blocks=1 txs=0 mgas=0.000 elapsed="541.3µs" mgasps=0.000 number=55 hash=360c8f..f57c75 dirty=2.09KiB
INFO [06-23|09:56:34.006] Commit new mining work                   number=56 sealhash=4c9f13..930d0b uncles=0 txs=0 gas=0 fees=0 elapsed="189.3µs"
WARN [06-23|09:56:34.006] Block sealing failed                     err=unauthorized
INFO [06-23|09:56:34.006] QBFT: handle final committed             address=0xe090A28b8a9D0a69EC259CB745036d5D1030e3Ea current.round=0 current.sequence=55 state="Accept request"
INFO [06-23|09:56:34.006] QBFT: initialize new round               address=0xe090A28b8a9D0a69EC259CB745036d5D1030e3Ea current.round=0 current.sequence=55 target.round=0 lastProposal.number=55 lastProposal.hash=360c8f..f57c75
INFO [06-23|09:56:34.006] QBFT: start new round                    address=0xe090A28b8a9D0a69EC259CB745036d5D1030e3Ea old.round=0  old.sequence=55 old.state="Accept request" old.proposer=0x98C1334496614aED49d2E81526D089f7264fED9C next.round=0 next.seq=56 next.proposer=0xcE412f988377e31F4d0fF12d74df73B51C42d0cA next.valSet="[0x27A97C9AaF04f18f3014c32e036dD0Ac76Da5f18 0x93917cADBace5dFCE132B991732c6Cda9bcC5B8a 0x98C1334496614aED49d2E81526D089f7264fED9C 0xcE412f988377e31F4d0fF12d74df73B51C42d0cA]" next.size=4 next.IsProposer=false
INFO [06-23|09:56:36.006] QBFT: start new round                    address=0xe090A28b8a9D0a69EC259CB745036d5D1030e3Ea old.round=0  old.sequence=56 old.state="Accept request" old.proposer=0xcE412f988377e31F4d0fF12d74df73B51C42d0cA next.round=0 next.seq=57 next.proposer=0x27A97C9AaF04f18f3014c32e036dD0Ac76Da5f18 next.valSet="[0x27A97C9AaF04f18f3014c32e036dD0Ac76Da5f18 0x93917cADBace5dFCE132B991732c6Cda9bcC5B8a 0x98C1334496614aED49d2E81526D089f7264fED9C 0xcE412f988377e31F4d0fF12d74df73B51C42d0cA]" next.size=4 next.IsProposer=false
WARN [06-23|09:56:36.007] Block sealing failed                     err=unauthorized
INFO [06-23|09:56:38.507] Imported new chain segment               blocks=1 txs=0 mgas=0.000 elapsed="623.5µs" mgasps=0.000 number=57 hash=6436f3..b7663b dirty=2.09KiB
WARN [06-23|09:56:38.508] Block sealing failed                     err=unauthorized
INFO [06-23|09:56:40.005] Imported new chain segment               blocks=1 txs=0 mgas=0.000 elapsed="627.1µs" mgasps=0.000 number=58 hash=affa19..7fde48 dirty=2.09KiB
INFO [06-23|09:56:40.007] QBFT: start new round                    address=0xe090A28b8a9D0a69EC259CB745036d5D1030e3Ea old.round=0  old.sequence=58 old.state="Accept request" old.proposer=0x93917cADBace5dFCE132B991732c6Cda9bcC5B8a next.round=0 next.seq=59 next.proposer=0x98C1334496614aED49d2E81526D089f7264fED9C next.valSet="[0x27A97C9AaF04f18f3014c32e036dD0Ac76Da5f18 0x93917cADBace5dFCE132B991732c6Cda9bcC5B8a 0x98C1334496614aED49d2E81526D089f7264fED9C 0xcE412f988377e31F4d0fF12d74df73B51C42d0cA]" next.size=4 next.IsProposer=false
INFO [06-23|09:56:42.008] Imported new chain segment               blocks=1 txs=0 mgas=0.000 elapsed="686.9µs" mgasps=0.000 number=59 hash=4819d4..e9f2d8 dirty=2.09KiB
INFO [06-23|09:56:42.008] QBFT: handle final committed             address=0xe090A28b8a9D0a69EC259CB745036d5D1030e3Ea current.round=0 current.sequence=59 state="Accept request"
INFO [06-23|09:56:42.008] QBFT: initialize new round               address=0xe090A28b8a9D0a69EC259CB745036d5D1030e3Ea current.round=0 current.sequence=59 target.round=0 lastProposal.number=59 lastProposal.hash=4819d4..e9f2d8
INFO [06-23|09:56:42.008] QBFT: start new round                    address=0xe090A28b8a9D0a69EC259CB745036d5D1030e3Ea old.round=0  old.sequence=59 old.state="Accept request" old.proposer=0x98C1334496614aED49d2E81526D089f7264fED9C next.round=0 next.seq=60 next.proposer=0xcE412f988377e31F4d0fF12d74df73B51C42d0cA next.valSet="[0x27A97C9AaF04f18f3014c32e036dD0Ac76Da5f18 0x93917cADBace5dFCE132B991732c6Cda9bcC5B8a 0x98C1334496614aED49d2E81526D089f7264fED9C 0xcE412f988377e31F4d0fF12d74df73B51C42d0cA]" next.size=4 next.IsProposer=false
INFO [06-23|09:56:42.008] Commit new mining work                   number=60 sealhash=9e48c6..8bd0bb uncles=0 txs=0 gas=0 fees=0 elapsed="238.7µs"
WARN [06-23|09:56:42.008] Block sealing failed                     err=unauthorized
INFO [06-23|09:56:44.007] Imported new chain segment               blocks=1 txs=0 mgas=0.000 elapsed="577.3µs" mgasps=0.000 number=60 hash=1d8d27..9f04b9 dirty=2.09KiB
INFO [06-23|09:56:44.007] QBFT: initialize new round               address=0xe090A28b8a9D0a69EC259CB745036d5D1030e3Ea current.round=0 current.sequence=60 target.round=0 lastProposal.number=60 lastProposal.hash=1d8d27..9f04b9
INFO [06-23|09:56:44.007] QBFT: start new round                    address=0xe090A28b8a9D0a69EC259CB745036d5D1030e3Ea old.round=0  old.sequence=60 old.state="Accept request" old.proposer=0xcE412f988377e31F4d0fF12d74df73B51C42d0cA next.round=0 next.seq=61 next.proposer=0x27A97C9AaF04f18f3014c32e036dD0Ac76Da5f18 next.valSet="[0x27A97C9AaF04f18f3014c32e036dD0Ac76Da5f18 0x93917cADBace5dFCE132B991732c6Cda9bcC5B8a 0x98C1334496614aED49d2E81526D089f7264fED9C 0xcE412f988377e31F4d0fF12d74df73B51C42d0cA]" next.size=4 next.IsProposer=false
WARN [06-23|09:56:44.007] Block sealing failed                     err=unauthorized
INFO [06-23|09:56:46.005] Imported new chain segment               blocks=1 txs=0 mgas=0.000 elapsed="657.3µs" mgasps=0.000 number=61 hash=4b6b04..2920da dirty=2.09KiB
INFO [06-23|09:56:46.006] Commit new mining work                   number=62 sealhash=7701b0..0f439a uncles=0 txs=0 gas=0 fees=0 elapsed="230.2µs"
INFO [06-23|09:56:48.006] Imported new chain segment               blocks=1 txs=0 mgas=0.000 elapsed="651.5µs" mgasps=0.000 number=62 hash=e91131..2bd118 dirty=2.09KiB
INFO [06-23|09:56:48.006] Commit new mining work                   number=63 sealhash=7fdbd7..c7ff8c uncles=0 txs=0 gas=0 fees=0 elapsed="232.1µs"
WARN [06-23|09:56:48.006] Block sealing failed                     err=unauthorized
INFO [06-23|09:56:48.006] QBFT: handle final committed             address=0xe090A28b8a9D0a69EC259CB745036d5D1030e3Ea current.round=0 current.sequence=62 state="Accept request"
INFO [06-23|09:56:48.006] QBFT: initialize new round               address=0xe090A28b8a9D0a69EC259CB745036d5D1030e3Ea current.round=0 current.sequence=62 target.round=0 lastProposal.number=62 lastProposal.hash=e91131..2bd118
INFO [06-23|09:56:48.006] QBFT: start new round                    address=0xe090A28b8a9D0a69EC259CB745036d5D1030e3Ea old.round=0  old.sequence=62 old.state="Accept request" old.proposer=0x93917cADBace5dFCE132B991732c6Cda9bcC5B8a next.round=0 next.seq=63 next.proposer=0x98C1334496614aED49d2E81526D089f7264fED9C next.valSet="[0x27A97C9AaF04f18f3014c32e036dD0Ac76Da5f18 0x93917cADBace5dFCE132B991732c6Cda9bcC5B8a 0x98C1334496614aED49d2E81526D089f7264fED9C 0xcE412f988377e31F4d0fF12d74df73B51C42d0cA]" next.size=4 next.IsProposer=false
INFO [06-23|09:56:50.005] Imported new chain segment               blocks=1 txs=0 mgas=0.000 elapsed="579.8µs" mgasps=0.000 number=63 hash=933407..9617c6 dirty=2.09KiB
INFO [06-23|09:56:50.005] Commit new mining work                   number=64 sealhash=9323bf..50d500 uncles=0 txs=0 gas=0 fees=0 elapsed="210.6µs"
WARN [06-23|09:56:50.005] Block sealing failed                     err=unauthorized
INFO [06-23|09:56:50.005] QBFT: handle final committed             address=0xe090A28b8a9D0a69EC259CB745036d5D1030e3Ea current.round=0 current.sequence=63 state="Accept request"
INFO [06-23|09:56:50.005] QBFT: initialize new round               address=0xe090A28b8a9D0a69EC259CB745036d5D1030e3Ea current.round=0 current.sequence=63 target.round=0 lastProposal.number=63 lastProposal.hash=933407..9617c6
INFO [06-23|09:56:50.005] QBFT: start new round                    address=0xe090A28b8a9D0a69EC259CB745036d5D1030e3Ea old.round=0  old.sequence=63 old.state="Accept request" old.proposer=0x98C1334496614aED49d2E81526D089f7264fED9C next.round=0 next.seq=64 next.proposer=0xcE412f988377e31F4d0fF12d74df73B51C42d0cA next.valSet="[0x27A97C9AaF04f18f3014c32e036dD0Ac76Da5f18 0x93917cADBace5dFCE132B991732c6Cda9bcC5B8a 0x98C1334496614aED49d2E81526D089f7264fED9C 0xcE412f988377e31F4d0fF12d74df73B51C42d0cA]" next.size=4 next.IsProposer=false
INFO [06-23|09:56:54.007] Imported new chain segment               blocks=1 txs=0 mgas=0.000 elapsed="596.6µs" mgasps=0.000 number=65 hash=9072e5..4a9f04 dirty=2.09KiB
INFO [06-23|09:56:54.008] QBFT: start new round                    address=0xe090A28b8a9D0a69EC259CB745036d5D1030e3Ea old.round=0  old.sequence=65 old.state="Accept request" old.proposer=0x27A97C9AaF04f18f3014c32e036dD0Ac76Da5f18 next.round=0 next.seq=66 next.proposer=0x93917cADBace5dFCE132B991732c6Cda9bcC5B8a next.valSet="[0x27A97C9AaF04f18f3014c32e036dD0Ac76Da5f18 0x93917cADBace5dFCE132B991732c6Cda9bcC5B8a 0x98C1334496614aED49d2E81526D089f7264fED9C 0xcE412f988377e31F4d0fF12d74df73B51C42d0cA]" next.size=4 next.IsProposer=false
INFO [06-23|09:56:56.006] Imported new chain segment               blocks=1 txs=0 mgas=0.000 elapsed="645.5µs" mgasps=0.000 number=66 hash=0389f6..935404 dirty=2.09KiB
INFO [06-23|09:56:58.006] Imported new chain segment               blocks=1 txs=0 mgas=0.000 elapsed="609.2µs" mgasps=0.000 number=67 hash=0d271e..a0308e dirty=2.09KiB
INFO [06-23|09:56:58.006] Commit new mining work                   number=68 sealhash=a138ef..204a9a uncles=0 txs=0 gas=0 fees=0 elapsed="263.6µs"
INFO [06-23|09:56:58.006] QBFT: handle final committed             address=0xe090A28b8a9D0a69EC259CB745036d5D1030e3Ea current.round=0 current.sequence=67 state="Accept request"
INFO [06-23|09:56:58.006] QBFT: initialize new round               address=0xe090A28b8a9D0a69EC259CB745036d5D1030e3Ea current.round=0 current.sequence=67 target.round=0 lastProposal.number=67 lastProposal.hash=0d271e..a0308e
INFO [06-23|09:56:58.006] QBFT: start new round                    address=0xe090A28b8a9D0a69EC259CB745036d5D1030e3Ea old.round=0  old.sequence=67 old.state="Accept request" old.proposer=0x98C1334496614aED49d2E81526D089f7264fED9C next.round=0 next.seq=68 next.proposer=0xcE412f988377e31F4d0fF12d74df73B51C42d0cA next.valSet="[0x27A97C9AaF04f18f3014c32e036dD0Ac76Da5f18 0x93917cADBace5dFCE132B991732c6Cda9bcC5B8a 0x98C1334496614aED49d2E81526D089f7264fED9C 0xcE412f988377e31F4d0fF12d74df73B51C42d0cA]" next.size=4 next.IsProposer=false
WARN [06-23|09:56:58.007] Block sealing failed                     err=unauthorized
INFO [06-23|09:57:00.006] QBFT: initialize new round               address=0xe090A28b8a9D0a69EC259CB745036d5D1030e3Ea current.round=0 current.sequence=68 target.round=0 lastProposal.number=68 lastProposal.hash=29ee09..efbf8f
WARN [06-23|09:57:00.006] Block sealing failed                     err=unauthorized
INFO [06-23|09:57:00.006] QBFT: start new round                    address=0xe090A28b8a9D0a69EC259CB745036d5D1030e3Ea old.round=0  old.sequence=68 old.state="Accept request" old.proposer=0xcE412f988377e31F4d0fF12d74df73B51C42d0cA next.round=0 next.seq=69 next.proposer=0x27A97C9AaF04f18f3014c32e036dD0Ac76Da5f18 next.valSet="[0x27A97C9AaF04f18f3014c32e036dD0Ac76Da5f18 0x93917cADBace5dFCE132B991732c6Cda9bcC5B8a 0x98C1334496614aED49d2E81526D089f7264fED9C 0xcE412f988377e31F4d0fF12d74df73B51C42d0cA]" next.size=4 next.IsProposer=false
INFO [06-23|09:57:02.006] QBFT: initialize new round               address=0xe090A28b8a9D0a69EC259CB745036d5D1030e3Ea current.round=0 current.sequence=69 target.round=0 lastProposal.number=69 lastProposal.hash=1e543b..08f5a6
INFO [06-23|09:57:02.006] QBFT: start new round                    address=0xe090A28b8a9D0a69EC259CB745036d5D1030e3Ea old.round=0  old.sequence=69 old.state="Accept request" old.proposer=0x27A97C9AaF04f18f3014c32e036dD0Ac76Da5f18 next.round=0 next.seq=70 next.proposer=0x93917cADBace5dFCE132B991732c6Cda9bcC5B8a next.valSet="[0x27A97C9AaF04f18f3014c32e036dD0Ac76Da5f18 0x93917cADBace5dFCE132B991732c6Cda9bcC5B8a 0x98C1334496614aED49d2E81526D089f7264fED9C 0xcE412f988377e31F4d0fF12d74df73B51C42d0cA]" next.size=4 next.IsProposer=false
INFO [06-23|09:57:02.006] Commit new mining work                   number=70 sealhash=b4bc5a..d0f879 uncles=0 txs=0 gas=0 fees=0 elapsed="231.6µs"
INFO [06-23|09:57:04.007] Imported new chain segment               blocks=1 txs=0 mgas=0.000 elapsed=1.063ms   mgasps=0.000 number=70 hash=234942..9813b3 dirty=2.09KiB
INFO [06-23|09:57:04.007] QBFT: handle final committed             address=0xe090A28b8a9D0a69EC259CB745036d5D1030e3Ea current.round=0 current.sequence=70 state="Accept request"
INFO [06-23|09:57:04.007] QBFT: initialize new round               address=0xe090A28b8a9D0a69EC259CB745036d5D1030e3Ea current.round=0 current.sequence=70 target.round=0 lastProposal.number=70 lastProposal.hash=234942..9813b3
INFO [06-23|09:57:04.007] Commit new mining work                   number=71 sealhash=fb725f..7bc7ef uncles=0 txs=0 gas=0 fees=0 elapsed="204.5µs"
INFO [06-23|09:57:04.007] QBFT: start new round                    address=0xe090A28b8a9D0a69EC259CB745036d5D1030e3Ea old.round=0  old.sequence=70 old.state="Accept request" old.proposer=0x93917cADBace5dFCE132B991732c6Cda9bcC5B8a next.round=0 next.seq=71 next.proposer=0x98C1334496614aED49d2E81526D089f7264fED9C next.valSet="[0x27A97C9AaF04f18f3014c32e036dD0Ac76Da5f18 0x93917cADBace5dFCE132B991732c6Cda9bcC5B8a 0x98C1334496614aED49d2E81526D089f7264fED9C 0xcE412f988377e31F4d0fF12d74df73B51C42d0cA]" next.size=4 next.IsProposer=false
INFO [06-23|09:57:06.006] Imported new chain segment               blocks=1 txs=0 mgas=0.000 elapsed="600.1µs" mgasps=0.000 number=71 hash=a00024..9df825 dirty=2.09KiB
INFO [06-23|09:57:06.006] QBFT: handle final committed             address=0xe090A28b8a9D0a69EC259CB745036d5D1030e3Ea current.round=0 current.sequence=71 state="Accept request"
INFO [06-23|09:57:06.006] QBFT: initialize new round               address=0xe090A28b8a9D0a69EC259CB745036d5D1030e3Ea current.round=0 current.sequence=71 target.round=0 lastProposal.number=71 lastProposal.hash=a00024..9df825
INFO [06-23|09:57:06.006] Commit new mining work                   number=72 sealhash=95edf5..a97554 uncles=0 txs=0 gas=0 fees=0 elapsed="254.4µs"
INFO [06-23|09:57:06.006] QBFT: start new round                    address=0xe090A28b8a9D0a69EC259CB745036d5D1030e3Ea old.round=0  old.sequence=71 old.state="Accept request" old.proposer=0x98C1334496614aED49d2E81526D089f7264fED9C next.round=0 next.seq=72 next.proposer=0xcE412f988377e31F4d0fF12d74df73B51C42d0cA next.valSet="[0x27A97C9AaF04f18f3014c32e036dD0Ac76Da5f18 0x93917cADBace5dFCE132B991732c6Cda9bcC5B8a 0x98C1334496614aED49d2E81526D089f7264fED9C 0xcE412f988377e31F4d0fF12d74df73B51C42d0cA]" next.size=4 next.IsProposer=false
WARN [06-23|09:57:06.007] Block sealing failed                     err=unauthorized
INFO [06-23|09:57:08.006] Imported new chain segment               blocks=1 txs=0 mgas=0.000 elapsed="752.3µs" mgasps=0.000 number=72 hash=95c844..74a803 dirty=2.09KiB
INFO [06-23|09:57:08.006] QBFT: handle final committed             address=0xe090A28b8a9D0a69EC259CB745036d5D1030e3Ea current.round=0 current.sequence=72 state="Accept request"
INFO [06-23|09:57:08.006] QBFT: initialize new round               address=0xe090A28b8a9D0a69EC259CB745036d5D1030e3Ea current.round=0 current.sequence=72 target.round=0 lastProposal.number=72 lastProposal.hash=95c844..74a803
INFO [06-23|09:57:08.006] QBFT: start new round                    address=0xe090A28b8a9D0a69EC259CB745036d5D1030e3Ea old.round=0  old.sequence=72 old.state="Accept request" old.proposer=0xcE412f988377e31F4d0fF12d74df73B51C42d0cA next.round=0 next.seq=73 next.proposer=0x27A97C9AaF04f18f3014c32e036dD0Ac76Da5f18 next.valSet="[0x27A97C9AaF04f18f3014c32e036dD0Ac76Da5f18 0x93917cADBace5dFCE132B991732c6Cda9bcC5B8a 0x98C1334496614aED49d2E81526D089f7264fED9C 0xcE412f988377e31F4d0fF12d74df73B51C42d0cA]" next.size=4 next.IsProposer=false
INFO [06-23|09:57:08.006] Commit new mining work                   number=73 sealhash=f9a10b..bc430c uncles=0 txs=0 gas=0 fees=0 elapsed="231.8µs"
WARN [06-23|09:57:08.006] Block sealing failed                     err=unauthorized
INFO [06-23|09:57:10.007] Imported new chain segment               blocks=1 txs=0 mgas=0.000 elapsed="589.7µs" mgasps=0.000 number=73 hash=ae4f45..8fe37c dirty=2.09KiB
INFO [06-23|09:57:10.007] QBFT: initialize new round               address=0xe090A28b8a9D0a69EC259CB745036d5D1030e3Ea current.round=0 current.sequence=73 target.round=0 lastProposal.number=73 lastProposal.hash=ae4f45..8fe37c
INFO [06-23|09:57:10.007] Commit new mining work                   number=74 sealhash=cb8813..bec076 uncles=0 txs=0 gas=0 fees=0 elapsed="194.5µs"
WARN [06-23|09:57:10.007] Block sealing failed                     err=unauthorized
INFO [06-23|09:57:12.007] QBFT: start new round                    address=0xe090A28b8a9D0a69EC259CB745036d5D1030e3Ea old.round=0  old.sequence=74 old.state="Accept request" old.proposer=0x93917cADBace5dFCE132B991732c6Cda9bcC5B8a next.round=0 next.seq=75 next.proposer=0x98C1334496614aED49d2E81526D089f7264fED9C next.valSet="[0x27A97C9AaF04f18f3014c32e036dD0Ac76Da5f18 0x93917cADBace5dFCE132B991732c6Cda9bcC5B8a 0x98C1334496614aED49d2E81526D089f7264fED9C 0xcE412f988377e31F4d0fF12d74df73B51C42d0cA]" next.size=4 next.IsProposer=false
INFO [06-23|09:57:14.005] Imported new chain segment               blocks=1 txs=0 mgas=0.000 elapsed="962.9µs" mgasps=0.000 number=75 hash=e64c4f..41f447 dirty=2.09KiB
INFO [06-23|09:57:14.006] QBFT: handle final committed             address=0xe090A28b8a9D0a69EC259CB745036d5D1030e3Ea current.round=0 current.sequence=75 state="Accept request"
INFO [06-23|09:57:14.006] QBFT: initialize new round               address=0xe090A28b8a9D0a69EC259CB745036d5D1030e3Ea current.round=0 current.sequence=75 target.round=0 lastProposal.number=75 lastProposal.hash=e64c4f..41f447
INFO [06-23|09:57:16.006] QBFT: start new round                    address=0xe090A28b8a9D0a69EC259CB745036d5D1030e3Ea old.round=0  old.sequence=76 old.state="Accept request" old.proposer=0xcE412f988377e31F4d0fF12d74df73B51C42d0cA next.round=0 next.seq=77 next.proposer=0x27A97C9AaF04f18f3014c32e036dD0Ac76Da5f18 next.valSet="[0x27A97C9AaF04f18f3014c32e036dD0Ac76Da5f18 0x93917cADBace5dFCE132B991732c6Cda9bcC5B8a 0x98C1334496614aED49d2E81526D089f7264fED9C 0xcE412f988377e31F4d0fF12d74df73B51C42d0cA]" next.size=4 next.IsProposer=false
INFO [06-23|09:57:16.006] Commit new mining work                   number=77 sealhash=6fdfe1..c154f1 uncles=0 txs=0 gas=0 fees=0 elapsed="209.4µs"
INFO [06-23|09:57:18.006] Imported new chain segment               blocks=1 txs=0 mgas=0.000 elapsed="654.1µs" mgasps=0.000 number=77 hash=90529c..7dec11 dirty=2.09KiB
INFO [06-23|09:57:18.006] QBFT: initialize new round               address=0xe090A28b8a9D0a69EC259CB745036d5D1030e3Ea current.round=0 current.sequence=77 target.round=0 lastProposal.number=77 lastProposal.hash=90529c..7dec11
INFO [06-23|09:57:18.006] Commit new mining work                   number=78 sealhash=44323c..97ad43 uncles=0 txs=0 gas=0 fees=0 elapsed="200.7µs"
INFO [06-23|09:57:18.006] QBFT: start new round                    address=0xe090A28b8a9D0a69EC259CB745036d5D1030e3Ea old.round=0  old.sequence=77 old.state="Accept request" old.proposer=0x27A97C9AaF04f18f3014c32e036dD0Ac76Da5f18 next.round=0 next.seq=78 next.proposer=0x93917cADBace5dFCE132B991732c6Cda9bcC5B8a next.valSet="[0x27A97C9AaF04f18f3014c32e036dD0Ac76Da5f18 0x93917cADBace5dFCE132B991732c6Cda9bcC5B8a 0x98C1334496614aED49d2E81526D089f7264fED9C 0xcE412f988377e31F4d0fF12d74df73B51C42d0cA]" next.size=4 next.IsProposer=false
WARN [06-23|09:57:18.006] Block sealing failed                     err=unauthorized
INFO [06-23|09:57:20.006] Imported new chain segment               blocks=1 txs=0 mgas=0.000 elapsed="982.1µs" mgasps=0.000 number=78 hash=99b409..5a7df1 dirty=2.09KiB
INFO [06-23|09:57:20.006] Commit new mining work                   number=79 sealhash=34e49d..23eec3 uncles=0 txs=0 gas=0 fees=0 elapsed="172.1µs"
INFO [06-23|09:57:20.006] QBFT: handle final committed             address=0xe090A28b8a9D0a69EC259CB745036d5D1030e3Ea current.round=0 current.sequence=78 state="Accept request"
WARN [06-23|09:57:20.006] Block sealing failed                     err=unauthorized
INFO [06-23|09:57:20.007] QBFT: start new round                    address=0xe090A28b8a9D0a69EC259CB745036d5D1030e3Ea old.round=0  old.sequence=78 old.state="Accept request" old.proposer=0x93917cADBace5dFCE132B991732c6Cda9bcC5B8a next.round=0 next.seq=79 next.proposer=0x98C1334496614aED49d2E81526D089f7264fED9C next.valSet="[0x27A97C9AaF04f18f3014c32e036dD0Ac76Da5f18 0x93917cADBace5dFCE132B991732c6Cda9bcC5B8a 0x98C1334496614aED49d2E81526D089f7264fED9C 0xcE412f988377e31F4d0fF12d74df73B51C42d0cA]" next.size=4 next.IsProposer=false
INFO [06-23|09:57:22.006] QBFT: start new round                    address=0xe090A28b8a9D0a69EC259CB745036d5D1030e3Ea old.round=0  old.sequence=79 old.state="Accept request" old.proposer=0x98C1334496614aED49d2E81526D089f7264fED9C next.round=0 next.seq=80 next.proposer=0xcE412f988377e31F4d0fF12d74df73B51C42d0cA next.valSet="[0x27A97C9AaF04f18f3014c32e036dD0Ac76Da5f18 0x93917cADBace5dFCE132B991732c6Cda9bcC5B8a 0x98C1334496614aED49d2E81526D089f7264fED9C 0xcE412f988377e31F4d0fF12d74df73B51C42d0cA]" next.size=4 next.IsProposer=false
INFO [06-23|09:57:24.005] QBFT: handle final committed             address=0xe090A28b8a9D0a69EC259CB745036d5D1030e3Ea current.round=0 current.sequence=80 state="Accept request"
INFO [06-23|09:57:24.006] QBFT: initialize new round               address=0xe090A28b8a9D0a69EC259CB745036d5D1030e3Ea current.round=0 current.sequence=80 target.round=0 lastProposal.number=80 lastProposal.hash=c807f3..a6bb3b
INFO [06-23|09:57:24.006] QBFT: start new round                    address=0xe090A28b8a9D0a69EC259CB745036d5D1030e3Ea old.round=0  old.sequence=80 old.state="Accept request" old.proposer=0xcE412f988377e31F4d0fF12d74df73B51C42d0cA next.round=0 next.seq=81 next.proposer=0x27A97C9AaF04f18f3014c32e036dD0Ac76Da5f18 next.valSet="[0x27A97C9AaF04f18f3014c32e036dD0Ac76Da5f18 0x93917cADBace5dFCE132B991732c6Cda9bcC5B8a 0x98C1334496614aED49d2E81526D089f7264fED9C 0xcE412f988377e31F4d0fF12d74df73B51C42d0cA]" next.size=4 next.IsProposer=false
INFO [06-23|09:57:26.007] QBFT: initialize new round               address=0xe090A28b8a9D0a69EC259CB745036d5D1030e3Ea current.round=0 current.sequence=81 target.round=0 lastProposal.number=81 lastProposal.hash=3b0928..0bf8ed
INFO [06-23|09:57:26.007] Commit new mining work                   number=82 sealhash=947a8f..5df236 uncles=0 txs=0 gas=0 fees=0 elapsed="210.8µs"
INFO [06-23|09:57:28.008] Imported new chain segment               blocks=1 txs=0 mgas=0.000 elapsed="594.2µs" mgasps=0.000 number=82 hash=1459fd..fafef1 dirty=2.09KiB
INFO [06-23|09:57:30.006] QBFT: handle final committed             address=0xe090A28b8a9D0a69EC259CB745036d5D1030e3Ea current.round=0 current.sequence=83 state="Accept request"
INFO [06-23|09:57:30.006] QBFT: initialize new round               address=0xe090A28b8a9D0a69EC259CB745036d5D1030e3Ea current.round=0 current.sequence=83 target.round=0 lastProposal.number=83 lastProposal.hash=a891b2..782bd7
INFO [06-23|09:57:30.006] QBFT: start new round                    address=0xe090A28b8a9D0a69EC259CB745036d5D1030e3Ea old.round=0  old.sequence=83 old.state="Accept request" old.proposer=0x98C1334496614aED49d2E81526D089f7264fED9C next.round=0 next.seq=84 next.proposer=0xcE412f988377e31F4d0fF12d74df73B51C42d0cA next.valSet="[0x27A97C9AaF04f18f3014c32e036dD0Ac76Da5f18 0x93917cADBace5dFCE132B991732c6Cda9bcC5B8a 0x98C1334496614aED49d2E81526D089f7264fED9C 0xcE412f988377e31F4d0fF12d74df73B51C42d0cA]" next.size=4 next.IsProposer=false
INFO [06-23|09:57:31.911] Got interrupt, shutting down... 
INFO [06-23|09:57:31.912] HTTP server stopped                      endpoint=[::]:8545
INFO [06-23|09:57:31.914] IPC endpoint closed                      url=/data/geth.ipc
INFO [06-23|09:57:31.914] Stopping all plugins                     count=0
INFO [06-23|09:57:31.914] All plugins stopped                      errors=[]
INFO [06-23|09:57:31.914] extension service: stopping 
INFO [06-23|09:57:31.914] extension service: stopped 
INFO [06-23|09:57:31.914] Ethereum protocol stopped 
INFO [06-23|09:57:31.914] Transaction pool stopped 
INFO [06-23|09:57:31.914] BFT: deactivate 
INFO [06-23|09:57:31.914] QBFT: stopping...                        address=0xe090A28b8a9D0a69EC259CB745036d5D1030e3Ea
INFO [06-23|09:57:31.914] QBFT: stopped                            address=0xe090A28b8a9D0a69EC259CB745036d5D1030e3Ea
INFO [06-23|09:57:31.914] Writing cached state to disk             block=83 hash=a891b2..782bd7 root=438469..faad5b
INFO [06-23|09:57:31.914] Persisted trie from memory database      nodes=4 size=686.00B time="82.4µs"  gcnodes=0 gcsize=0.00B gctime=0s livenodes=5 livesize=686.00B
INFO [06-23|09:57:31.914] Writing cached state to disk             block=82 hash=1459fd..fafef1 root=438469..faad5b
INFO [06-23|09:57:31.914] Persisted trie from memory database      nodes=0 size=0.00B   time="2.1µs"   gcnodes=0 gcsize=0.00B gctime=0s livenodes=5 livesize=686.00B
INFO [06-23|09:57:31.914] Writing snapshot state to disk           root=d7d9af..f2e575
INFO [06-23|09:57:31.914] Persisted trie from memory database      nodes=0 size=0.00B   time=800ns     gcnodes=0 gcsize=0.00B gctime=0s livenodes=5 livesize=686.00B
INFO [06-23|09:57:31.915] Writing clean trie cache to disk         path=/data/geth/triecache threads=12
INFO [06-23|09:57:31.917] Persisted the clean trie cache           path=/data/geth/triecache elapsed=2.084ms
INFO [06-23|09:57:31.917] Blockchain stopped 
