INFO [06-23|09:54:53.057] Starting pprof server                    addr=http://0.0.0.0:9545/debug/pprof
INFO [06-23|09:54:53.077] Target Private Tx Manager                name=Tessera distributionVersion=22.10.1
INFO [06-23|09:54:53.081] Enabling recording of key preimages since archive mode is used 
INFO [06-23|09:54:53.081] Set global gas cap                       cap=25,000,000
INFO [06-23|09:54:53.092] Tessera API version: 5.0 
WARN [06-23|09:54:53.092] Sanitizing invalid miner gas price       provided=0 updated=0
INFO [06-23|09:54:53.092] Allocated trie memory caches             clean=154.00MiB dirty=256.00MiB
INFO [06-23|09:54:53.159] Opened ancient database                  database=/data/geth/chaindata/ancient readonly=false
INFO [06-23|09:54:53.160] Initialised chain configuration          config="{ChainID: 1337 Homestead: 0 DAO: <nil> DAOSupport: false EIP150: 0 EIP155: 0 EIP158: 0 Byzantium: 0 IsQuorum: true Constantinople: 0 TransactionSizeLimit: 64 MaxCodeSize: 0 Petersburg: 0 Istanbul: 0, Muir Glacier: <nil>, Berlin: <nil>  Catalyst: <nil> YOLO v3: <nil> PrivacyEnhancements: <nil> PrivacyPrecompile: <nil> EnableGasPriceBlock: <nil> Engine: unknown}"
INFO [06-23|09:54:53.163] Initialising Ethereum protocol           network=1337 dbversion=<nil>
INFO [06-23|09:54:53.163] Initialising Quorum consensus protocol   name=istanbul versions="[100 99 64]" network=1337 dbversion=<nil>
INFO [06-23|09:54:53.164] Using SegregatedCacheProvider. 
INFO [06-23|09:54:53.164] Loaded most recent local header          number=0 hash=736d99..5e9f20 td=1 age=2y11mo2w
INFO [06-23|09:54:53.164] Loaded most recent local full block      number=0 hash=736d99..5e9f20 td=1 age=2y11mo2w
WARN [06-23|09:54:53.164] Failed to load snapshot, regenerating    err="missing or corrupted snapshot"
INFO [06-23|09:54:53.164] Rebuilding state snapshot 
INFO [06-23|09:54:53.165] Resuming state snapshot generation       root=d7d9af..f2e575 accounts=0 slots=0 storage=0.00B elapsed="250.6µs"
INFO [06-23|09:54:53.165] Regenerated local transaction journal    transactions=0 accounts=0
INFO [06-23|09:54:53.165] Generated state snapshot                 accounts=11 slots=0 storage=544.00B elapsed="793.9µs"
INFO [06-23|09:54:53.165] BFT: Initialising snap with extradata    validators="[0x93917cADBace5dFCE132B991732c6Cda9bcC5B8a 0x27A97C9AaF04f18f3014c32e036dD0Ac76Da5f18 0xcE412f988377e31F4d0fF12d74df73B51C42d0cA 0x98C1334496614aED49d2E81526D089f7264fED9C]"
INFO [06-23|09:54:53.180] New local node record                    seq=1 id=7bdd9cf0154c19f3 ip=127.0.0.1 udp=0 tcp=30303
INFO [06-23|09:54:53.182] Security: TLS not enabled                endpoint=0.0.0.0:8545 reason="no TLSConfigurationSource found"
INFO [06-23|09:54:53.182] Security: TLS not enabled                endpoint=0.0.0.0:8546 reason="no TLSConfigurationSource found"
INFO [06-23|09:54:53.182] WebSocket enabled                        url=ws://[::]:8546
WARN [06-23|09:54:53.185] full p2p peer                            id=58e94810eeee14c28613b47e93917cadbace5dfce132b991732c6cda9bcc5b8a ethPeer="Peer 58e94810eeee14c2 172.16.239.11:30303"
WARN [06-23|09:54:53.185] full p2p peer                            id=2a2fe7f9e880372cfd2bda0cce412f988377e31f4d0ff12d74df73b51c42d0ca ethPeer="Peer 2a2fe7f9e880372c 172.16.239.13:30303"
WARN [06-23|09:54:53.186] full p2p peer                            id=77e699b8a5282fa3837e39b3e090a28b8a9d0a69ec259cb745036d5d1030e3ea ethPeer="Peer 77e699b8a5282fa3 172.16.239.17:30303"
WARN [06-23|09:54:53.186] full p2p peer                            id=c8f776c1d83d4fddd02782c698c1334496614aed49d2e81526d089f7264fed9c ethPeer="Peer c8f776c1d83d4fdd 172.16.239.14:30303"
INFO [06-23|09:54:53.197] Downloader queue stats                   receiptTasks=0 blockTasks=0 itemSize=408.11B throttle=8192
WARN [06-23|09:54:53.769] full p2p peer                            id=a1f75939c4a4d5c1c5241a1913a52aab892e1322e8b52506276363d4754c122e ethPeer="Peer a1f75939c4a4d5c1 172.16.239.16:42014"
INFO [06-23|09:54:54.056] Unlocked account                         address=0x0fBDc686b912d7722dc86510934589E0AAf3b55A
WARN [06-23|09:54:56.009] Block sealing failed                     err=unauthorized
INFO [06-23|09:54:56.019] QBFT: start new round                    address=0x401BDFcd9221CD790E7cd66EeCE303eD4D4B53B1 old.round=0  old.sequence=8 old.state="Accept request" old.proposer=0x93917cADBace5dFCE132B991732c6Cda9bcC5B8a next.round=0 next.seq=9 next.proposer=0x98C1334496614aED49d2E81526D089f7264fED9C next.valSet="[0x27A97C9AaF04f18f3014c32e036dD0Ac76Da5f18 0x93917cADBace5dFCE132B991732c6Cda9bcC5B8a 0x98C1334496614aED49d2E81526D089f7264fED9C 0xcE412f988377e31F4d0fF12d74df73B51C42d0cA]" next.size=4 next.IsProposer=false
INFO [06-23|09:54:58.007] Imported new chain segment               blocks=1 txs=0 mgas=0.000 elapsed="602.6µs" mgasps=0.000 number=9 hash=00ec90..fff477 dirty=0.00B
INFO [06-23|09:54:58.008] QBFT: start new round                    address=0x401BDFcd9221CD790E7cd66EeCE303eD4D4B53B1 old.round=0  old.sequence=9 old.state="Accept request" old.proposer=0x98C1334496614aED49d2E81526D089f7264fED9C next.round=0 next.seq=10 next.proposer=0xcE412f988377e31F4d0fF12d74df73B51C42d0cA next.valSet="[0x27A97C9AaF04f18f3014c32e036dD0Ac76Da5f18 0x93917cADBace5dFCE132B991732c6Cda9bcC5B8a 0x98C1334496614aED49d2E81526D089f7264fED9C 0xcE412f988377e31F4d0fF12d74df73B51C42d0cA]" next.size=4 next.IsProposer=false
INFO [06-23|09:55:04.011] Imported new chain segment               blocks=1 txs=0 mgas=0.000 elapsed="945.7µs" mgasps=0.000 number=10 hash=b82467..95ee6f dirty=0.00B
INFO [06-23|09:55:04.011] QBFT: handle final committed             address=0x401BDFcd9221CD790E7cd66EeCE303eD4D4B53B1 current.round=0 current.sequence=10 state="Accept request"
INFO [06-23|09:55:04.011] QBFT: initialize new round               address=0x401BDFcd9221CD790E7cd66EeCE303eD4D4B53B1 current.round=0 current.sequence=10 target.round=0 lastProposal.number=10 lastProposal.hash=b82467..95ee6f
INFO [06-23|09:55:04.011] QBFT: start new round                    address=0x401BDFcd9221CD790E7cd66EeCE303eD4D4B53B1 old.round=0  old.sequence=10 old.state="Accept request" old.proposer=0xcE412f988377e31F4d0fF12d74df73B51C42d0cA next.round=0 next.seq=11 next.proposer=0x93917cADBace5dFCE132B991732c6Cda9bcC5B8a next.valSet="[0x27A97C9AaF04f18f3014c32e036dD0Ac76Da5f18 0x93917cADBace5dFCE132B991732c6Cda9bcC5B8a 0x98C1334496614aED49d2E81526D089f7264fED9C 0xcE412f988377e31F4d0fF12d74df73B51C42d0cA]" next.size=4 next.IsProposer=false
INFO [06-23|09:55:04.015] Commit new mining work                   number=12 sealhash=ccb37c..f26fd8 uncles=0 txs=0 gas=0 fees=0 elapsed="207.7µs"
WARN [06-23|09:55:04.015] Block sealing failed                     err=unauthorized
INFO [06-23|09:55:04.015] QBFT: handle final committed             address=0x401BDFcd9221CD790E7cd66EeCE303eD4D4B53B1 current.round=0 current.sequence=11 state="Accept request"
INFO [06-23|09:55:04.015] QBFT: initialize new round               address=0x401BDFcd9221CD790E7cd66EeCE303eD4D4B53B1 current.round=0 current.sequence=11 target.round=0 lastProposal.number=11 lastProposal.hash=100971..a372e0
INFO [06-23|09:55:04.015] QBFT: start new round                    address=0x401BDFcd9221CD790E7cd66EeCE303eD4D4B53B1 old.round=0  old.sequence=11 old.state="Accept request" old.proposer=0x93917cADBace5dFCE132B991732c6Cda9bcC5B8a next.round=0 next.seq=12 next.proposer=0x98C1334496614aED49d2E81526D089f7264fED9C next.valSet="[0x27A97C9AaF04f18f3014c32e036dD0Ac76Da5f18 0x93917cADBace5dFCE132B991732c6Cda9bcC5B8a 0x98C1334496614aED49d2E81526D089f7264fED9C 0xcE412f988377e31F4d0fF12d74df73B51C42d0cA]" next.size=4 next.IsProposer=false
INFO [06-23|09:55:12.008] Imported new chain segment               blocks=1 txs=0 mgas=0.000 elapsed="647.5µs" mgasps=0.000 number=13 hash=36853b..b225d3 dirty=0.00B
INFO [06-23|09:55:12.008] QBFT: initialize new round               address=0x401BDFcd9221CD790E7cd66EeCE303eD4D4B53B1 current.round=0 current.sequence=13 target.round=0 lastProposal.number=13 lastProposal.hash=36853b..b225d3
INFO [06-23|09:55:12.008] QBFT: start new round                    address=0x401BDFcd9221CD790E7cd66EeCE303eD4D4B53B1 old.round=0  old.sequence=13 old.state="Accept request" old.proposer=0xcE412f988377e31F4d0fF12d74df73B51C42d0cA next.round=0 next.seq=14 next.proposer=0x93917cADBace5dFCE132B991732c6Cda9bcC5B8a next.valSet="[0x27A97C9AaF04f18f3014c32e036dD0Ac76Da5f18 0x93917cADBace5dFCE132B991732c6Cda9bcC5B8a 0x98C1334496614aED49d2E81526D089f7264fED9C 0xcE412f988377e31F4d0fF12d74df73B51C42d0cA]" next.size=4 next.IsProposer=false
WARN [06-23|09:55:12.008] Block sealing failed                     err=unauthorized
INFO [06-23|09:55:12.016] Commit new mining work                   number=15 sealhash=7528a5..5dd4ca uncles=0 txs=0 gas=0 fees=0 elapsed="241.4µs"
WARN [06-23|09:55:12.016] Block sealing failed                     err=unauthorized
INFO [06-23|09:55:12.017] QBFT: handle final committed             address=0x401BDFcd9221CD790E7cd66EeCE303eD4D4B53B1 current.round=0 current.sequence=14 state="Accept request"
INFO [06-23|09:55:12.017] QBFT: initialize new round               address=0x401BDFcd9221CD790E7cd66EeCE303eD4D4B53B1 current.round=0 current.sequence=14 target.round=0 lastProposal.number=14 lastProposal.hash=4355c5..b0779f
INFO [06-23|09:55:12.017] QBFT: start new round                    address=0x401BDFcd9221CD790E7cd66EeCE303eD4D4B53B1 old.round=0  old.sequence=14 old.state="Accept request" old.proposer=0x93917cADBace5dFCE132B991732c6Cda9bcC5B8a next.round=0 next.seq=15 next.proposer=0x98C1334496614aED49d2E81526D089f7264fED9C next.valSet="[0x27A97C9AaF04f18f3014c32e036dD0Ac76Da5f18 0x93917cADBace5dFCE132B991732c6Cda9bcC5B8a 0x98C1334496614aED49d2E81526D089f7264fED9C 0xcE412f988377e31F4d0fF12d74df73B51C42d0cA]" next.size=4 next.IsProposer=false
INFO [06-23|09:55:14.008] QBFT: handle final committed             address=0x401BDFcd9221CD790E7cd66EeCE303eD4D4B53B1 current.round=0 current.sequence=15 state="Accept request"
INFO [06-23|09:55:14.008] QBFT: initialize new round               address=0x401BDFcd9221CD790E7cd66EeCE303eD4D4B53B1 current.round=0 current.sequence=15 target.round=0 lastProposal.number=15 lastProposal.hash=40671d..508287
WARN [06-23|09:55:14.008] Block sealing failed                     err=unauthorized
INFO [06-23|09:55:14.008] QBFT: start new round                    address=0x401BDFcd9221CD790E7cd66EeCE303eD4D4B53B1 old.round=0  old.sequence=15 old.state="Accept request" old.proposer=0x98C1334496614aED49d2E81526D089f7264fED9C next.round=0 next.seq=16 next.proposer=0xcE412f988377e31F4d0fF12d74df73B51C42d0cA next.valSet="[0x27A97C9AaF04f18f3014c32e036dD0Ac76Da5f18 0x93917cADBace5dFCE132B991732c6Cda9bcC5B8a 0x98C1334496614aED49d2E81526D089f7264fED9C 0xcE412f988377e31F4d0fF12d74df73B51C42d0cA]" next.size=4 next.IsProposer=false
INFO [06-23|09:55:14.008] Commit new mining work                   number=16 sealhash=75f0dd..103796 uncles=0 txs=0 gas=0 fees=0 elapsed="162.2µs"
INFO [06-23|09:55:16.005] Imported new chain segment               blocks=1 txs=0 mgas=0.000 elapsed="601µs"   mgasps=0.000 number=16 hash=9c54ba..45185e dirty=0.00B
INFO [06-23|09:55:16.005] QBFT: handle final committed             address=0x401BDFcd9221CD790E7cd66EeCE303eD4D4B53B1 current.round=0 current.sequence=16 state="Accept request"
INFO [06-23|09:55:16.006] QBFT: initialize new round               address=0x401BDFcd9221CD790E7cd66EeCE303eD4D4B53B1 current.round=0 current.sequence=16 target.round=0 lastProposal.number=16 lastProposal.hash=9c54ba..45185e
WARN [06-23|09:55:16.006] Block sealing failed                     err=unauthorized
INFO [06-23|09:55:16.006] QBFT: start new round                    address=0x401BDFcd9221CD790E7cd66EeCE303eD4D4B53B1 old.round=0  old.sequence=16 old.state="Accept request" old.proposer=0xcE412f988377e31F4d0fF12d74df73B51C42d0cA next.round=0 next.seq=17 next.proposer=0x27A97C9AaF04f18f3014c32e036dD0Ac76Da5f18 next.valSet="[0x27A97C9AaF04f18f3014c32e036dD0Ac76Da5f18 0x93917cADBace5dFCE132B991732c6Cda9bcC5B8a 0x98C1334496614aED49d2E81526D089f7264fED9C 0xcE412f988377e31F4d0fF12d74df73B51C42d0cA]" next.size=4 next.IsProposer=false
INFO [06-23|09:55:16.006] Commit new mining work                   number=17 sealhash=d46af9..fa87ab uncles=0 txs=0 gas=0 fees=0 elapsed="220.9µs"
INFO [06-23|09:55:20.010] Imported new chain segment               blocks=1 txs=0 mgas=0.000 elapsed="619.6µs" mgasps=0.000 number=18 hash=2c8c15..cab0c7 dirty=0.00B
INFO [06-23|09:55:20.010] QBFT: start new round                    address=0x401BDFcd9221CD790E7cd66EeCE303eD4D4B53B1 old.round=0  old.sequence=18 old.state="Accept request" old.proposer=0x93917cADBace5dFCE132B991732c6Cda9bcC5B8a next.round=0 next.seq=19 next.proposer=0x98C1334496614aED49d2E81526D089f7264fED9C next.valSet="[0x27A97C9AaF04f18f3014c32e036dD0Ac76Da5f18 0x93917cADBace5dFCE132B991732c6Cda9bcC5B8a 0x98C1334496614aED49d2E81526D089f7264fED9C 0xcE412f988377e31F4d0fF12d74df73B51C42d0cA]" next.size=4 next.IsProposer=false
INFO [06-23|09:55:22.008] QBFT: start new round                    address=0x401BDFcd9221CD790E7cd66EeCE303eD4D4B53B1 old.round=0  old.sequence=19 old.state="Accept request" old.proposer=0x98C1334496614aED49d2E81526D089f7264fED9C next.round=0 next.seq=20 next.proposer=0xcE412f988377e31F4d0fF12d74df73B51C42d0cA next.valSet="[0x27A97C9AaF04f18f3014c32e036dD0Ac76Da5f18 0x93917cADBace5dFCE132B991732c6Cda9bcC5B8a 0x98C1334496614aED49d2E81526D089f7264fED9C 0xcE412f988377e31F4d0fF12d74df73B51C42d0cA]" next.size=4 next.IsProposer=false
INFO [06-23|09:55:22.008] Commit new mining work                   number=20 sealhash=078821..6676d1 uncles=0 txs=0 gas=0 fees=0 elapsed="253.4µs"
WARN [06-23|09:55:22.008] Block sealing failed                     err=unauthorized
INFO [06-23|09:55:24.006] Imported new chain segment               blocks=1 txs=0 mgas=0.000 elapsed="987.3µs" mgasps=0.000 number=20 hash=0c9b4d..c9ced7 dirty=0.00B
INFO [06-23|09:55:24.006] Commit new mining work                   number=21 sealhash=5423ec..20236d uncles=0 txs=0 gas=0 fees=0 elapsed="161.2µs"
INFO [06-23|09:55:24.006] QBFT: handle final committed             address=0x401BDFcd9221CD790E7cd66EeCE303eD4D4B53B1 current.round=0 current.sequence=20 state="Accept request"
INFO [06-23|09:55:26.008] QBFT: handle final committed             address=0x401BDFcd9221CD790E7cd66EeCE303eD4D4B53B1 current.round=0 current.sequence=21 state="Accept request"
INFO [06-23|09:55:26.008] QBFT: initialize new round               address=0x401BDFcd9221CD790E7cd66EeCE303eD4D4B53B1 current.round=0 current.sequence=21 target.round=0 lastProposal.number=21 lastProposal.hash=8177a7..323a8a
INFO [06-23|09:55:26.008] Commit new mining work                   number=22 sealhash=8a3dbd..cb7df2 uncles=0 txs=0 gas=0 fees=0 elapsed="590µs"
INFO [06-23|09:55:26.009] QBFT: start new round                    address=0x401BDFcd9221CD790E7cd66EeCE303eD4D4B53B1 old.round=0  old.sequence=21 old.state="Accept request" old.proposer=0x27A97C9AaF04f18f3014c32e036dD0Ac76Da5f18 next.round=0 next.seq=22 next.proposer=0x93917cADBace5dFCE132B991732c6Cda9bcC5B8a next.valSet="[0x27A97C9AaF04f18f3014c32e036dD0Ac76Da5f18 0x93917cADBace5dFCE132B991732c6Cda9bcC5B8a 0x98C1334496614aED49d2E81526D089f7264fED9C 0xcE412f988377e31F4d0fF12d74df73B51C42d0cA]" next.size=4 next.IsProposer=false
WARN [06-23|09:55:26.009] Block sealing failed                     err=unauthorized
INFO [06-23|09:55:28.006] Commit new mining work                   number=23 sealhash=d7ca97..b73445 uncles=0 txs=0 gas=0 fees=0 elapsed="180.5µs"
INFO [06-23|09:55:28.007] QBFT: start new round                    address=0x401BDFcd9221CD790E7cd66EeCE303eD4D4B53B1 old.round=0  old.sequence=22 old.state="Accept request" old.proposer=0x93917cADBace5dFCE132B991732c6Cda9bcC5B8a next.round=0 next.seq=23 next.proposer=0x98C1334496614aED49d2E81526D089f7264fED9C next.valSet="[0x27A97C9AaF04f18f3014c32e036dD0Ac76Da5f18 0x93917cADBace5dFCE132B991732c6Cda9bcC5B8a 0x98C1334496614aED49d2E81526D089f7264fED9C 0xcE412f988377e31F4d0fF12d74df73B51C42d0cA]" next.size=4 next.IsProposer=false
INFO [06-23|09:55:32.507] Imported new chain segment               blocks=1 txs=0 mgas=0.000 elapsed="484.7µs" mgasps=0.000 number=24 hash=3d2604..070200 dirty=0.00B
INFO [06-23|09:55:32.507] QBFT: handle final committed             address=0x401BDFcd9221CD790E7cd66EeCE303eD4D4B53B1 current.round=0 current.sequence=24 state="Accept request"
INFO [06-23|09:55:32.507] QBFT: initialize new round               address=0x401BDFcd9221CD790E7cd66EeCE303eD4D4B53B1 current.round=0 current.sequence=24 target.round=0 lastProposal.number=24 lastProposal.hash=3d2604..070200
INFO [06-23|09:55:34.009] Imported new chain segment               blocks=1 txs=0 mgas=0.000 elapsed="625.8µs" mgasps=0.000 number=25 hash=a8b77c..9e7917 dirty=0.00B
INFO [06-23|09:55:34.009] Commit new mining work                   number=26 sealhash=2a41d0..ce1368 uncles=0 txs=0 gas=0 fees=0 elapsed="216.3µs"
INFO [06-23|09:55:34.010] QBFT: start new round                    address=0x401BDFcd9221CD790E7cd66EeCE303eD4D4B53B1 old.round=0  old.sequence=25 old.state="Accept request" old.proposer=0x27A97C9AaF04f18f3014c32e036dD0Ac76Da5f18 next.round=0 next.seq=26 next.proposer=0x93917cADBace5dFCE132B991732c6Cda9bcC5B8a next.valSet="[0x27A97C9AaF04f18f3014c32e036dD0Ac76Da5f18 0x93917cADBace5dFCE132B991732c6Cda9bcC5B8a 0x98C1334496614aED49d2E81526D089f7264fED9C 0xcE412f988377e31F4d0fF12d74df73B51C42d0cA]" next.size=4 next.IsProposer=false
INFO [06-23|09:55:36.006] Imported new chain segment               blocks=1 txs=0 mgas=0.000 elapsed="613µs"   mgasps=0.000 number=26 hash=b56ec1..7dc431 dirty=0.00B
INFO [06-23|09:55:40.005] Imported new chain segment               blocks=1 txs=0 mgas=0.000 elapsed="587µs"   mgasps=0.000 number=28 hash=e73f8c..03c2f3 dirty=0.00B
INFO [06-23|09:55:40.006] Commit new mining work                   number=29 sealhash=22e452..ea421b uncles=0 txs=0 gas=0 fees=0 elapsed="205.5µs"
INFO [06-23|09:55:40.006] QBFT: handle final committed             address=0x401BDFcd9221CD790E7cd66EeCE303eD4D4B53B1 current.round=0 current.sequence=28 state="Accept request"
INFO [06-23|09:55:40.006] QBFT: initialize new round               address=0x401BDFcd9221CD790E7cd66EeCE303eD4D4B53B1 current.round=0 current.sequence=28 target.round=0 lastProposal.number=28 lastProposal.hash=e73f8c..03c2f3
INFO [06-23|09:55:40.006] QBFT: start new round                    address=0x401BDFcd9221CD790E7cd66EeCE303eD4D4B53B1 old.round=0  old.sequence=28 old.state="Accept request" old.proposer=0xcE412f988377e31F4d0fF12d74df73B51C42d0cA next.round=0 next.seq=29 next.proposer=0x27A97C9AaF04f18f3014c32e036dD0Ac76Da5f18 next.valSet="[0x27A97C9AaF04f18f3014c32e036dD0Ac76Da5f18 0x93917cADBace5dFCE132B991732c6Cda9bcC5B8a 0x98C1334496614aED49d2E81526D089f7264fED9C 0xcE412f988377e31F4d0fF12d74df73B51C42d0cA]" next.size=4 next.IsProposer=false
WARN [06-23|09:55:40.006] Block sealing failed                     err=unauthorized
INFO [06-23|09:55:42.007] Imported new chain segment               blocks=1 txs=0 mgas=0.000 elapsed="564.9µs" mgasps=0.000 number=29 hash=067459..2529e2 dirty=0.00B
INFO [06-23|09:55:42.007] QBFT: handle final committed             address=0x401BDFcd9221CD790E7cd66EeCE303eD4D4B53B1 current.round=0 current.sequence=29 state="Accept request"
INFO [06-23|09:55:42.007] QBFT: initialize new round               address=0x401BDFcd9221CD790E7cd66EeCE303eD4D4B53B1 current.round=0 current.sequence=29 target.round=0 lastProposal.number=29 lastProposal.hash=067459..2529e2
INFO [06-23|09:55:42.007] Commit new mining work                   number=30 sealhash=6f471c..93307c uncles=0 txs=0 gas=0 fees=0 elapsed="176.9µs"
INFO [06-23|09:55:42.008] QBFT: start new round                    address=0x401BDFcd9221CD790E7cd66EeCE303eD4D4B53B1 old.round=0  old.sequence=29 old.state="Accept request" old.proposer=0x27A97C9AaF04f18f3014c32e036dD0Ac76Da5f18 next.round=0 next.seq=30 next.proposer=0x93917cADBace5dFCE132B991732c6Cda9bcC5B8a next.valSet="[0x27A97C9AaF04f18f3014c32e036dD0Ac76Da5f18 0x93917cADBace5dFCE132B991732c6Cda9bcC5B8a 0x98C1334496614aED49d2E81526D089f7264fED9C 0xcE412f988377e31F4d0fF12d74df73B51C42d0cA]" next.size=4 next.IsProposer=false
WARN [06-23|09:55:42.008] Block sealing failed                     err=unauthorized
INFO [06-23|09:55:46.008] Imported new chain segment               blocks=1 txs=0 mgas=0.000 elapsed="609.5µs" mgasps=0.000 number=31 hash=63ede2..9f456c dirty=0.00B
INFO [06-23|09:55:46.008] QBFT: handle final committed             address=0x401BDFcd9221CD790E7cd66EeCE303eD4D4B53B1 current.round=0 current.sequence=31 state="Accept request"
INFO [06-23|09:55:48.009] Imported new chain segment               blocks=1 txs=0 mgas=0.000 elapsed="837.7µs" mgasps=0.000 number=32 hash=d37702..09e4af dirty=0.00B
INFO [06-23|09:55:48.009] QBFT: handle final committed             address=0x401BDFcd9221CD790E7cd66EeCE303eD4D4B53B1 current.round=0 current.sequence=32 state="Accept request"
INFO [06-23|09:55:48.009] QBFT: initialize new round               address=0x401BDFcd9221CD790E7cd66EeCE303eD4D4B53B1 current.round=0 current.sequence=32 target.round=0 lastProposal.number=32 lastProposal.hash=d37702..09e4af
INFO [06-23|09:55:48.009] QBFT: start new round                    address=0x401BDFcd9221CD790E7cd66EeCE303eD4D4B53B1 old.round=0  old.sequence=32 old.state="Accept request" old.proposer=0xcE412f988377e31F4d0fF12d74df73B51C42d0cA next.round=0 next.seq=33 next.proposer=0x27A97C9AaF04f18f3014c32e036dD0Ac76Da5f18 next.valSet="[0x27A97C9AaF04f18f3014c32e036dD0Ac76Da5f18 0x93917cADBace5dFCE132B991732c6Cda9bcC5B8a 0x98C1334496614aED49d2E81526D089f7264fED9C 0xcE412f988377e31F4d0fF12d74df73B51C42d0cA]" next.size=4 next.IsProposer=false
INFO [06-23|09:55:50.007] Commit new mining work                   number=34 sealhash=1cb57b..b830e2 uncles=0 txs=0 gas=0 fees=0 elapsed="211.1µs"
INFO [06-23|09:55:52.009] Imported new chain segment               blocks=1 txs=0 mgas=0.000 elapsed="925.6µs" mgasps=0.000 number=34 hash=f9dac1..366e8a dirty=0.00B
INFO [06-23|09:55:52.010] QBFT: handle final committed             address=0x401BDFcd9221CD790E7cd66EeCE303eD4D4B53B1 current.round=0 current.sequence=34 state="Accept request"
INFO [06-23|09:55:52.010] QBFT: initialize new round               address=0x401BDFcd9221CD790E7cd66EeCE303eD4D4B53B1 current.round=0 current.sequence=34 target.round=0 lastProposal.number=34 lastProposal.hash=f9dac1..366e8a
WARN [06-23|09:55:54.007] Block sealing failed                     err=unauthorized
INFO [06-23|09:55:54.007] QBFT: start new round                    address=0x401BDFcd9221CD790E7cd66EeCE303eD4D4B53B1 old.round=0  old.sequence=35 old.state="Accept request" old.proposer=0x98C1334496614aED49d2E81526D089f7264fED9C next.round=0 next.seq=36 next.proposer=0xcE412f988377e31F4d0fF12d74df73B51C42d0cA next.valSet="[0x27A97C9AaF04f18f3014c32e036dD0Ac76Da5f18 0x93917cADBace5dFCE132B991732c6Cda9bcC5B8a 0x98C1334496614aED49d2E81526D089f7264fED9C 0xcE412f988377e31F4d0fF12d74df73B51C42d0cA]" next.size=4 next.IsProposer=false
INFO [06-23|09:55:58.009] Imported new chain segment               blocks=1 txs=0 mgas=0.000 elapsed="695.4µs" mgasps=0.000 number=37 hash=0849e0..f128e8 dirty=0.00B
INFO [06-23|09:55:58.120] QUORUM-CHECKPOINT                        name=TX-COMPLETED tx=0x5401eda226603dc6a3e11b5d31fc59dc1e149328f3da82af0c415e3af1d04603 time=109.4789ms
INFO [06-23|09:55:58.120] Commit new mining work                   number=38 sealhash=727bf1..f3bfcf uncles=0 txs=1 gas=0 fees=0 elapsed=110.388ms
INFO [06-23|09:56:00.007] QBFT: handle final committed             address=0x401BDFcd9221CD790E7cd66EeCE303eD4D4B53B1 current.round=0 current.sequence=38 state="Accept request"
INFO [06-23|09:56:00.007] QBFT: initialize new round               address=0x401BDFcd9221CD790E7cd66EeCE303eD4D4B53B1 current.round=0 current.sequence=38 target.round=0 lastProposal.number=38 lastProposal.hash=44d419..c31296
INFO [06-23|09:56:00.007] QBFT: start new round                    address=0x401BDFcd9221CD790E7cd66EeCE303eD4D4B53B1 old.round=0  old.sequence=38 old.state="Accept request" old.proposer=0x93917cADBace5dFCE132B991732c6Cda9bcC5B8a next.round=0 next.seq=39 next.proposer=0x98C1334496614aED49d2E81526D089f7264fED9C next.valSet="[0x27A97C9AaF04f18f3014c32e036dD0Ac76Da5f18 0x93917cADBace5dFCE132B991732c6Cda9bcC5B8a 0x98C1334496614aED49d2E81526D089f7264fED9C 0xcE412f988377e31F4d0fF12d74df73B51C42d0cA]" next.size=4 next.IsProposer=false
INFO [06-23|09:56:00.007] Commit new mining work                   number=39 sealhash=b21d2b..ce117b uncles=0 txs=0 gas=0 fees=0 elapsed="233.1µs"
WARN [06-23|09:56:00.007] Block sealing failed                     err=unauthorized
INFO [06-23|09:56:02.008] QBFT: handle final committed             address=0x401BDFcd9221CD790E7cd66EeCE303eD4D4B53B1 current.round=0 current.sequence=39 state="Accept request"
INFO [06-23|09:56:02.008] QBFT: initialize new round               address=0x401BDFcd9221CD790E7cd66EeCE303eD4D4B53B1 current.round=0 current.sequence=39 target.round=0 lastProposal.number=39 lastProposal.hash=70c570..414e29
INFO [06-23|09:56:02.008] QBFT: start new round                    address=0x401BDFcd9221CD790E7cd66EeCE303eD4D4B53B1 old.round=0  old.sequence=39 old.state="Accept request" old.proposer=0x98C1334496614aED49d2E81526D089f7264fED9C next.round=0 next.seq=40 next.proposer=0xcE412f988377e31F4d0fF12d74df73B51C42d0cA next.valSet="[0x27A97C9AaF04f18f3014c32e036dD0Ac76Da5f18 0x93917cADBace5dFCE132B991732c6Cda9bcC5B8a 0x98C1334496614aED49d2E81526D089f7264fED9C 0xcE412f988377e31F4d0fF12d74df73B51C42d0cA]" next.size=4 next.IsProposer=false
INFO [06-23|09:56:02.008] Commit new mining work                   number=40 sealhash=a53161..583888 uncles=0 txs=0 gas=0 fees=0 elapsed="236.2µs"
WARN [06-23|09:56:02.008] Block sealing failed                     err=unauthorized
INFO [06-23|09:56:04.005] Imported new chain segment               blocks=1 txs=0 mgas=0.000 elapsed="600.9µs" mgasps=0.000 number=40 hash=858be8..1999cd dirty=1.04KiB
INFO [06-23|09:56:04.006] Commit new mining work                   number=41 sealhash=e55f76..a4a578 uncles=0 txs=0 gas=0 fees=0 elapsed="222.1µs"
WARN [06-23|09:56:04.006] Block sealing failed                     err=unauthorized
INFO [06-23|09:56:04.006] QBFT: handle final committed             address=0x401BDFcd9221CD790E7cd66EeCE303eD4D4B53B1 current.round=0 current.sequence=40 state="Accept request"
INFO [06-23|09:56:04.006] QBFT: initialize new round               address=0x401BDFcd9221CD790E7cd66EeCE303eD4D4B53B1 current.round=0 current.sequence=40 target.round=0 lastProposal.number=40 lastProposal.hash=858be8..1999cd
INFO [06-23|09:56:04.006] QBFT: start new round                    address=0x401BDFcd9221CD790E7cd66EeCE303eD4D4B53B1 old.round=0  old.sequence=40 old.state="Accept request" old.proposer=0xcE412f988377e31F4d0fF12d74df73B51C42d0cA next.round=0 next.seq=41 next.proposer=0x27A97C9AaF04f18f3014c32e036dD0Ac76Da5f18 next.valSet="[0x27A97C9AaF04f18f3014c32e036dD0Ac76Da5f18 0x93917cADBace5dFCE132B991732c6Cda9bcC5B8a 0x98C1334496614aED49d2E81526D089f7264fED9C 0xcE412f988377e31F4d0fF12d74df73B51C42d0cA]" next.size=4 next.IsProposer=false
INFO [06-23|09:56:06.006] Imported new chain segment               blocks=1 txs=0 mgas=0.000 elapsed="668.6µs" mgasps=0.000 number=41 hash=be64cb..528558 dirty=1.04KiB
INFO [06-23|09:56:06.006] QBFT: handle final committed             address=0x401BDFcd9221CD790E7cd66EeCE303eD4D4B53B1 current.round=0 current.sequence=41 state="Accept request"
INFO [06-23|09:56:06.006] Commit new mining work                   number=42 sealhash=302e43..310777 uncles=0 txs=0 gas=0 fees=0 elapsed="249.4µs"
INFO [06-23|09:56:08.007] Imported new chain segment               blocks=1 txs=0 mgas=0.000 elapsed="630µs"   mgasps=0.000 number=42 hash=f31a7f..923d0e dirty=1.04KiB
INFO [06-23|09:56:08.007] Commit new mining work                   number=43 sealhash=783d2e..c23ae7 uncles=0 txs=0 gas=0 fees=0 elapsed="209.3µs"
WARN [06-23|09:56:08.007] Block sealing failed                     err=unauthorized
INFO [06-23|09:56:08.007] QBFT: handle final committed             address=0x401BDFcd9221CD790E7cd66EeCE303eD4D4B53B1 current.round=0 current.sequence=42 state="Accept request"
INFO [06-23|09:56:08.007] QBFT: initialize new round               address=0x401BDFcd9221CD790E7cd66EeCE303eD4D4B53B1 current.round=0 current.sequence=42 target.round=0 lastProposal.number=42 lastProposal.hash=f31a7f..923d0e
INFO [06-23|09:56:08.007] QBFT: start new round                    address=0x401BDFcd9221CD790E7cd66EeCE303eD4D4B53B1 old.round=0  old.sequence=42 old.state="Accept request" old.proposer=0x93917cADBace5dFCE132B991732c6Cda9bcC5B8a next.round=0 next.seq=43 next.proposer=0x98C1334496614aED49d2E81526D089f7264fED9C next.valSet="[0x27A97C9AaF04f18f3014c32e036dD0Ac76Da5f18 0x93917cADBace5dFCE132B991732c6Cda9bcC5B8a 0x98C1334496614aED49d2E81526D089f7264fED9C 0xcE412f988377e31F4d0fF12d74df73B51C42d0cA]" next.size=4 next.IsProposer=false
INFO [06-23|09:56:10.007] Imported new chain segment               blocks=1 txs=0 mgas=0.000 elapsed=1.704ms   mgasps=0.000 number=43 hash=934906..a696af dirty=1.04KiB
INFO [06-23|09:56:12.009] Imported new chain segment               blocks=1 txs=0 mgas=0.000 elapsed="917.8µs" mgasps=0.000 number=44 hash=898aec..2a2dc3 dirty=1.04KiB
INFO [06-23|09:56:12.009] QBFT: handle final committed             address=0x401BDFcd9221CD790E7cd66EeCE303eD4D4B53B1 current.round=0 current.sequence=44 state="Accept request"
INFO [06-23|09:56:12.009] QBFT: start new round                    address=0x401BDFcd9221CD790E7cd66EeCE303eD4D4B53B1 old.round=0  old.sequence=44 old.state="Accept request" old.proposer=0xcE412f988377e31F4d0fF12d74df73B51C42d0cA next.round=0 next.seq=45 next.proposer=0x27A97C9AaF04f18f3014c32e036dD0Ac76Da5f18 next.valSet="[0x27A97C9AaF04f18f3014c32e036dD0Ac76Da5f18 0x93917cADBace5dFCE132B991732c6Cda9bcC5B8a 0x98C1334496614aED49d2E81526D089f7264fED9C 0xcE412f988377e31F4d0fF12d74df73B51C42d0cA]" next.size=4 next.IsProposer=false
INFO [06-23|09:56:12.028] QUORUM-CHECKPOINT                        name=TX-COMPLETED tx=0x14cb26b69b53437d566fec9a88d7dc3d1530cfd70d75662dab8c97c01cfc80f6 time=18.6057ms
INFO [06-23|09:56:12.028] Commit new mining work                   number=45 sealhash=06a935..0b9851 uncles=0 txs=1 gas=0 fees=0 elapsed=19.227ms
INFO [06-23|09:56:14.008] Imported new chain segment               blocks=1 txs=1 mgas=0.000 elapsed=1.082ms   mgasps=0.000 number=45 hash=ec6486..9999da dirty=2.09KiB
INFO [06-23|09:56:14.008] QBFT: handle final committed             address=0x401BDFcd9221CD790E7cd66EeCE303eD4D4B53B1 current.round=0 current.sequence=45 state="Accept request"
INFO [06-23|09:56:14.008] QBFT: initialize new round               address=0x401BDFcd9221CD790E7cd66EeCE303eD4D4B53B1 current.round=0 current.sequence=45 target.round=0 lastProposal.number=45 lastProposal.hash=ec6486..9999da
INFO [06-23|09:56:14.009] QBFT: start new round                    address=0x401BDFcd9221CD790E7cd66EeCE303eD4D4B53B1 old.round=0  old.sequence=45 old.state="Accept request" old.proposer=0x27A97C9AaF04f18f3014c32e036dD0Ac76Da5f18 next.round=0 next.seq=46 next.proposer=0x93917cADBace5dFCE132B991732c6Cda9bcC5B8a next.valSet="[0x27A97C9AaF04f18f3014c32e036dD0Ac76Da5f18 0x93917cADBace5dFCE132B991732c6Cda9bcC5B8a 0x98C1334496614aED49d2E81526D089f7264fED9C 0xcE412f988377e31F4d0fF12d74df73B51C42d0cA]" next.size=4 next.IsProposer=false
WARN [06-23|09:56:14.009] Block sealing failed                     err=unauthorized
INFO [06-23|09:56:16.006] QBFT: handle final committed             address=0x401BDFcd9221CD790E7cd66EeCE303eD4D4B53B1 current.round=0 current.sequence=46 state="Accept request"
INFO [06-23|09:56:16.006] QBFT: initialize new round               address=0x401BDFcd9221CD790E7cd66EeCE303eD4D4B53B1 current.round=0 current.sequence=46 target.round=0 lastProposal.number=46 lastProposal.hash=84deef..7f77dd
INFO [06-23|09:56:16.006] QBFT: start new round                    address=0x401BDFcd9221CD790E7cd66EeCE303eD4D4B53B1 old.round=0  old.sequence=46 old.state="Accept request" old.proposer=0x93917cADBace5dFCE132B991732c6Cda9bcC5B8a next.round=0 next.seq=47 next.proposer=0x98C1334496614aED49d2E81526D089f7264fED9C next.valSet="[0x27A97C9AaF04f18f3014c32e036dD0Ac76Da5f18 0x93917cADBace5dFCE132B991732c6Cda9bcC5B8a 0x98C1334496614aED49d2E81526D089f7264fED9C 0xcE412f988377e31F4d0fF12d74df73B51C42d0cA]" next.size=4 next.IsProposer=false
INFO [06-23|09:56:18.008] Imported new chain segment               blocks=1 txs=0 mgas=0.000 elapsed="612.1µs" mgasps=0.000 number=47 hash=459787..8a0d2b dirty=2.09KiB
INFO [06-23|09:56:18.008] QBFT: handle final committed             address=0x401BDFcd9221CD790E7cd66EeCE303eD4D4B53B1 current.round=0 current.sequence=47 state="Accept request"
INFO [06-23|09:56:18.008] QBFT: initialize new round               address=0x401BDFcd9221CD790E7cd66EeCE303eD4D4B53B1 current.round=0 current.sequence=47 target.round=0 lastProposal.number=47 lastProposal.hash=459787..8a0d2b
WARN [06-23|09:56:18.008] Block sealing failed                     err=unauthorized
INFO [06-23|09:56:18.008] QBFT: start new round                    address=0x401BDFcd9221CD790E7cd66EeCE303eD4D4B53B1 old.round=0  old.sequence=47 old.state="Accept request" old.proposer=0x98C1334496614aED49d2E81526D089f7264fED9C next.round=0 next.seq=48 next.proposer=0xcE412f988377e31F4d0fF12d74df73B51C42d0cA next.valSet="[0x27A97C9AaF04f18f3014c32e036dD0Ac76Da5f18 0x93917cADBace5dFCE132B991732c6Cda9bcC5B8a 0x98C1334496614aED49d2E81526D089f7264fED9C 0xcE412f988377e31F4d0fF12d74df73B51C42d0cA]" next.size=4 next.IsProposer=false
INFO [06-23|09:56:18.008] Commit new mining work                   number=48 sealhash=62ea00..6aff62 uncles=0 txs=0 gas=0 fees=0 elapsed="194.5µs"
INFO [06-23|09:56:20.008] Imported new chain segment               blocks=1 txs=0 mgas=0.000 elapsed="467.4µs" mgasps=0.000 number=48 hash=59ba3d..41b2be dirty=2.09KiB
INFO [06-23|09:56:20.008] Commit new mining work                   number=49 sealhash=ce0bcc..e92844 uncles=0 txs=0 gas=0 fees=0 elapsed="154.2µs"
INFO [06-23|09:56:20.008] QBFT: initialize new round               address=0x401BDFcd9221CD790E7cd66EeCE303eD4D4B53B1 current.round=0 current.sequence=48 target.round=0 lastProposal.number=48 lastProposal.hash=59ba3d..41b2be
INFO [06-23|09:56:22.007] Imported new chain segment               blocks=1 txs=0 mgas=0.000 elapsed="785.3µs" mgasps=0.000 number=49 hash=00ab4d..77df0e dirty=2.09KiB
INFO [06-23|09:56:22.007] Commit new mining work                   number=50 sealhash=2f9089..20a419 uncles=0 txs=0 gas=0 fees=0 elapsed="240.4µs"
WARN [06-23|09:56:22.007] Block sealing failed                     err=unauthorized
INFO [06-23|09:56:22.008] QBFT: handle final committed             address=0x401BDFcd9221CD790E7cd66EeCE303eD4D4B53B1 current.round=0 current.sequence=49 state="Accept request"
INFO [06-23|09:56:22.008] QBFT: initialize new round               address=0x401BDFcd9221CD790E7cd66EeCE303eD4D4B53B1 current.round=0 current.sequence=49 target.round=0 lastProposal.number=49 lastProposal.hash=00ab4d..77df0e
INFO [06-23|09:56:22.008] QBFT: start new round                    address=0x401BDFcd9221CD790E7cd66EeCE303eD4D4B53B1 old.round=0  old.sequence=49 old.state="Accept request" old.proposer=0x27A97C9AaF04f18f3014c32e036dD0Ac76Da5f18 next.round=0 next.seq=50 next.proposer=0x93917cADBace5dFCE132B991732c6Cda9bcC5B8a next.valSet="[0x27A97C9AaF04f18f3014c32e036dD0Ac76Da5f18 0x93917cADBace5dFCE132B991732c6Cda9bcC5B8a 0x98C1334496614aED49d2E81526D089f7264fED9C 0xcE412f988377e31F4d0fF12d74df73B51C42d0cA]" next.size=4 next.IsProposer=false
INFO [06-23|09:56:24.007] Imported new chain segment               blocks=1 txs=0 mgas=0.000 elapsed="654.8µs" mgasps=0.000 number=50 hash=8de39c..3c02bb dirty=2.09KiB
INFO [06-23|09:56:24.008] Commit new mining work                   number=51 sealhash=e6092f..256690 uncles=0 txs=0 gas=0 fees=0 elapsed="198.7µs"
WARN [06-23|09:56:24.008] Block sealing failed                     err=unauthorized
INFO [06-23|09:56:24.008] QBFT: start new round                    address=0x401BDFcd9221CD790E7cd66EeCE303eD4D4B53B1 old.round=0  old.sequence=50 old.state="Accept request" old.proposer=0x93917cADBace5dFCE132B991732c6Cda9bcC5B8a next.round=0 next.seq=51 next.proposer=0x98C1334496614aED49d2E81526D089f7264fED9C next.valSet="[0x27A97C9AaF04f18f3014c32e036dD0Ac76Da5f18 0x93917cADBace5dFCE132B991732c6Cda9bcC5B8a 0x98C1334496614aED49d2E81526D089f7264fED9C 0xcE412f988377e31F4d0fF12d74df73B51C42d0cA]" next.size=4 next.IsProposer=false
INFO [06-23|09:56:26.006] Imported new chain segment               blocks=1 txs=0 mgas=0.000 elapsed="624.3µs" mgasps=0.000 number=51 hash=2fb331..c67fbc dirty=2.09KiB
INFO [06-23|09:56:26.007] Commit new mining work                   number=52 sealhash=bf9819..8363b6 uncles=0 txs=0 gas=0 fees=0 elapsed="209.5µs"
INFO [06-23|09:56:28.006] QBFT: handle final committed             address=0x401BDFcd9221CD790E7cd66EeCE303eD4D4B53B1 current.round=0 current.sequence=52 state="Accept request"
INFO [06-23|09:56:28.006] Commit new mining work                   number=53 sealhash=5a9488..0ad4c6 uncles=0 txs=0 gas=0 fees=0 elapsed="240.5µs"
WARN [06-23|09:56:28.006] Block sealing failed                     err=unauthorized
INFO [06-23|09:56:28.006] QBFT: start new round                    address=0x401BDFcd9221CD790E7cd66EeCE303eD4D4B53B1 old.round=0  old.sequence=52 old.state="Accept request" old.proposer=0xcE412f988377e31F4d0fF12d74df73B51C42d0cA next.round=0 next.seq=53 next.proposer=0x27A97C9AaF04f18f3014c32e036dD0Ac76Da5f18 next.valSet="[0x27A97C9AaF04f18f3014c32e036dD0Ac76Da5f18 0x93917cADBace5dFCE132B991732c6Cda9bcC5B8a 0x98C1334496614aED49d2E81526D089f7264fED9C 0xcE412f988377e31F4d0fF12d74df73B51C42d0cA]" next.size=4 next.IsProposer=false
WARN [06-23|09:56:30.009] Block sealing failed                     err=unauthorized
INFO [06-23|09:56:32.006] QBFT: initialize new round               address=0x401BDFcd9221CD790E7cd66EeCE303eD4D4B53B1 current.round=0 current.sequence=54 target.round=0 lastProposal.number=54 lastProposal.hash=129d5d..c770e3
INFO [06-23|09:56:32.006] QBFT: start new round                    address=0x401BDFcd9221CD790E7cd66EeCE303eD4D4B53B1 old.round=0  old.sequence=54 old.state="Accept request" old.proposer=0x93917cADBace5dFCE132B991732c6Cda9bcC5B8a next.round=0 next.seq=55 next.proposer=0x98C1334496614aED49d2E81526D089f7264fED9C next.valSet="[0x27A97C9AaF04f18f3014c32e036dD0Ac76Da5f18 0x93917cADBace5dFCE132B991732c6Cda9bcC5B8a 0x98C1334496614aED49d2E81526D089f7264fED9C 0xcE412f988377e31F4d0fF12d74df73B51C42d0cA]" next.size=4 next.IsProposer=false
INFO [06-23|09:56:34.507] Imported new chain segment               blocks=1 txs=0 mgas=0.000 elapsed="747µs"   mgasps=0.000 number=55 hash=360c8f..f57c75 dirty=2.09KiB
INFO [06-23|09:56:34.507] QBFT: handle final committed             address=0x401BDFcd9221CD790E7cd66EeCE303eD4D4B53B1 current.round=0 current.sequence=55 state="Accept request"
INFO [06-23|09:56:34.507] QBFT: start new round                    address=0x401BDFcd9221CD790E7cd66EeCE303eD4D4B53B1 old.round=0  old.sequence=55 old.state="Accept request" old.proposer=0x98C1334496614aED49d2E81526D089f7264fED9C next.round=0 next.seq=56 next.proposer=0xcE412f988377e31F4d0fF12d74df73B51C42d0cA next.valSet="[0x27A97C9AaF04f18f3014c32e036dD0Ac76Da5f18 0x93917cADBace5dFCE132B991732c6Cda9bcC5B8a 0x98C1334496614aED49d2E81526D089f7264fED9C 0xcE412f988377e31F4d0fF12d74df73B51C42d0cA]" next.size=4 next.IsProposer=false
INFO [06-23|09:56:34.507] Commit new mining work                   number=56 sealhash=73af2a..3b13ad uncles=0 txs=0 gas=0 fees=0 elapsed="213.9µs"
INFO [06-23|09:56:36.007] QBFT: start new round                    address=0x401BDFcd9221CD790E7cd66EeCE303eD4D4B53B1 old.round=0  old.sequence=56 old.state="Accept request" old.proposer=0xcE412f988377e31F4d0fF12d74df73B51C42d0cA next.round=0 next.seq=57 next.proposer=0x27A97C9AaF04f18f3014c32e036dD0Ac76Da5f18 next.valSet="[0x27A97C9AaF04f18f3014c32e036dD0Ac76Da5f18 0x93917cADBace5dFCE132B991732c6Cda9bcC5B8a 0x98C1334496614aED49d2E81526D089f7264fED9C 0xcE412f988377e31F4d0fF12d74df73B51C42d0cA]" next.size=4 next.IsProposer=false
INFO [06-23|09:56:36.007] Commit new mining work                   number=57 sealhash=f2c1fb..082e2b uncles=0 txs=0 gas=0 fees=0 elapsed="194.9µs"
WARN [06-23|09:56:36.007] Block sealing failed                     err=unauthorized
INFO [06-23|09:56:38.006] Imported new chain segment               blocks=1 txs=0 mgas=0.000 elapsed="617.4µs" mgasps=0.000 number=57 hash=6436f3..b7663b dirty=2.09KiB
INFO [06-23|09:56:40.006] QBFT: handle final committed             address=0x401BDFcd9221CD790E7cd66EeCE303eD4D4B53B1 current.round=0 current.sequence=58 state="Accept request"
INFO [06-23|09:56:40.006] QBFT: initialize new round               address=0x401BDFcd9221CD790E7cd66EeCE303eD4D4B53B1 current.round=0 current.sequence=58 target.round=0 lastProposal.number=58 lastProposal.hash=affa19..7fde48
INFO [06-23|09:56:40.006] QBFT: start new round                    address=0x401BDFcd9221CD790E7cd66EeCE303eD4D4B53B1 old.round=0  old.sequence=58 old.state="Accept request" old.proposer=0x93917cADBace5dFCE132B991732c6Cda9bcC5B8a next.round=0 next.seq=59 next.proposer=0x98C1334496614aED49d2E81526D089f7264fED9C next.valSet="[0x27A97C9AaF04f18f3014c32e036dD0Ac76Da5f18 0x93917cADBace5dFCE132B991732c6Cda9bcC5B8a 0x98C1334496614aED49d2E81526D089f7264fED9C 0xcE412f988377e31F4d0fF12d74df73B51C42d0cA]" next.size=4 next.IsProposer=false
INFO [06-23|09:56:42.006] Imported new chain segment               blocks=1 txs=0 mgas=0.000 elapsed="574.2µs" mgasps=0.000 number=59 hash=4819d4..e9f2d8 dirty=2.09KiB
INFO [06-23|09:56:42.006] Commit new mining work                   number=60 sealhash=322880..e33304 uncles=0 txs=0 gas=0 fees=0 elapsed="199.5µs"
WARN [06-23|09:56:42.006] Block sealing failed                     err=unauthorized
INFO [06-23|09:56:42.006] QBFT: handle final committed             address=0x401BDFcd9221CD790E7cd66EeCE303eD4D4B53B1 current.round=0 current.sequence=59 state="Accept request"
INFO [06-23|09:56:42.006] QBFT: initialize new round               address=0x401BDFcd9221CD790E7cd66EeCE303eD4D4B53B1 current.round=0 current.sequence=59 target.round=0 lastProposal.number=59 lastProposal.hash=4819d4..e9f2d8
INFO [06-23|09:56:42.006] QBFT: start new round                    address=0x401BDFcd9221CD790E7cd66EeCE303eD4D4B53B1 old.round=0  old.sequence=59 old.state="Accept request" old.proposer=0x98C1334496614aED49d2E81526D089f7264fED9C next.round=0 next.seq=60 next.proposer=0xcE412f988377e31F4d0fF12d74df73B51C42d0cA next.valSet="[0x27A97C9AaF04f18f3014c32e036dD0Ac76Da5f18 0x93917cADBace5dFCE132B991732c6Cda9bcC5B8a 0x98C1334496614aED49d2E81526D089f7264fED9C 0xcE412f988377e31F4d0fF12d74df73B51C42d0cA]" next.size=4 next.IsProposer=false
INFO [06-23|09:56:44.006] Imported new chain segment               blocks=1 txs=0 mgas=0.000 elapsed="595.3µs" mgasps=0.000 number=60 hash=1d8d27..9f04b9 dirty=2.09KiB
INFO [06-23|09:56:46.005] Imported new chain segment               blocks=1 txs=0 mgas=0.000 elapsed="697.9µs" mgasps=0.000 number=61 hash=4b6b04..2920da dirty=2.09KiB
INFO [06-23|09:56:46.006] Commit new mining work                   number=62 sealhash=b7ad85..11a6a8 uncles=0 txs=0 gas=0 fees=0 elapsed="192.9µs"
INFO [06-23|09:56:48.007] Imported new chain segment               blocks=1 txs=0 mgas=0.000 elapsed="604.3µs" mgasps=0.000 number=62 hash=e91131..2bd118 dirty=2.09KiB
INFO [06-23|09:56:48.007] QBFT: initialize new round               address=0x401BDFcd9221CD790E7cd66EeCE303eD4D4B53B1 current.round=0 current.sequence=62 target.round=0 lastProposal.number=62 lastProposal.hash=e91131..2bd118
INFO [06-23|09:56:48.007] QBFT: start new round                    address=0x401BDFcd9221CD790E7cd66EeCE303eD4D4B53B1 old.round=0  old.sequence=62 old.state="Accept request" old.proposer=0x93917cADBace5dFCE132B991732c6Cda9bcC5B8a next.round=0 next.seq=63 next.proposer=0x98C1334496614aED49d2E81526D089f7264fED9C next.valSet="[0x27A97C9AaF04f18f3014c32e036dD0Ac76Da5f18 0x93917cADBace5dFCE132B991732c6Cda9bcC5B8a 0x98C1334496614aED49d2E81526D089f7264fED9C 0xcE412f988377e31F4d0fF12d74df73B51C42d0cA]" next.size=4 next.IsProposer=false
INFO [06-23|09:56:48.008] Commit new mining work                   number=63 sealhash=2a1585..cd8793 uncles=0 txs=0 gas=0 fees=0 elapsed="253.4µs"
INFO [06-23|09:56:50.007] Imported new chain segment               blocks=1 txs=0 mgas=0.000 elapsed="526.6µs" mgasps=0.000 number=63 hash=933407..9617c6 dirty=2.09KiB
INFO [06-23|09:56:50.007] QBFT: start new round                    address=0x401BDFcd9221CD790E7cd66EeCE303eD4D4B53B1 old.round=0  old.sequence=63 old.state="Accept request" old.proposer=0x98C1334496614aED49d2E81526D089f7264fED9C next.round=0 next.seq=64 next.proposer=0xcE412f988377e31F4d0fF12d74df73B51C42d0cA next.valSet="[0x27A97C9AaF04f18f3014c32e036dD0Ac76Da5f18 0x93917cADBace5dFCE132B991732c6Cda9bcC5B8a 0x98C1334496614aED49d2E81526D089f7264fED9C 0xcE412f988377e31F4d0fF12d74df73B51C42d0cA]" next.size=4 next.IsProposer=false
INFO [06-23|09:56:52.008] QBFT: start new round                    address=0x401BDFcd9221CD790E7cd66EeCE303eD4D4B53B1 old.round=0  old.sequence=64 old.state="Accept request" old.proposer=0xcE412f988377e31F4d0fF12d74df73B51C42d0cA next.round=0 next.seq=65 next.proposer=0x27A97C9AaF04f18f3014c32e036dD0Ac76Da5f18 next.valSet="[0x27A97C9AaF04f18f3014c32e036dD0Ac76Da5f18 0x93917cADBace5dFCE132B991732c6Cda9bcC5B8a 0x98C1334496614aED49d2E81526D089f7264fED9C 0xcE412f988377e31F4d0fF12d74df73B51C42d0cA]" next.size=4 next.IsProposer=false
INFO [06-23|09:56:52.008] Commit new mining work                   number=65 sealhash=492b71..060986 uncles=0 txs=0 gas=0 fees=0 elapsed="176.6µs"
WARN [06-23|09:56:52.008] Block sealing failed                     err=unauthorized
INFO [06-23|09:56:56.006] Imported new chain segment               blocks=1 txs=0 mgas=0.000 elapsed="635.1µs" mgasps=0.000 number=66 hash=0389f6..935404 dirty=2.09KiB
INFO [06-23|09:56:56.006] QBFT: handle final committed             address=0x401BDFcd9221CD790E7cd66EeCE303eD4D4B53B1 current.round=0 current.sequence=66 state="Accept request"
INFO [06-23|09:56:56.006] QBFT: initialize new round               address=0x401BDFcd9221CD790E7cd66EeCE303eD4D4B53B1 current.round=0 current.sequence=66 target.round=0 lastProposal.number=66 lastProposal.hash=0389f6..935404
WARN [06-23|09:56:56.006] Block sealing failed                     err=unauthorized
INFO [06-23|09:56:56.006] Commit new mining work                   number=67 sealhash=5f9ab6..1b74d2 uncles=0 txs=0 gas=0 fees=0 elapsed="193.4µs"
INFO [06-23|09:56:58.007] QBFT: handle final committed             address=0x401BDFcd9221CD790E7cd66EeCE303eD4D4B53B1 current.round=0 current.sequence=67 state="Accept request"
INFO [06-23|09:56:58.007] QBFT: initialize new round               address=0x401BDFcd9221CD790E7cd66EeCE303eD4D4B53B1 current.round=0 current.sequence=67 target.round=0 lastProposal.number=67 lastProposal.hash=0d271e..a0308e
INFO [06-23|09:56:58.007] Commit new mining work                   number=68 sealhash=9b93fa..58d03a uncles=0 txs=0 gas=0 fees=0 elapsed="307.7µs"
INFO [06-23|09:57:00.006] QBFT: initialize new round               address=0x401BDFcd9221CD790E7cd66EeCE303eD4D4B53B1 current.round=0 current.sequence=68 target.round=0 lastProposal.number=68 lastProposal.hash=29ee09..efbf8f
INFO [06-23|09:57:00.007] QBFT: start new round                    address=0x401BDFcd9221CD790E7cd66EeCE303eD4D4B53B1 old.round=0  old.sequence=68 old.state="Accept request" old.proposer=0xcE412f988377e31F4d0fF12d74df73B51C42d0cA next.round=0 next.seq=69 next.proposer=0x27A97C9AaF04f18f3014c32e036dD0Ac76Da5f18 next.valSet="[0x27A97C9AaF04f18f3014c32e036dD0Ac76Da5f18 0x93917cADBace5dFCE132B991732c6Cda9bcC5B8a 0x98C1334496614aED49d2E81526D089f7264fED9C 0xcE412f988377e31F4d0fF12d74df73B51C42d0cA]" next.size=4 next.IsProposer=false
INFO [06-23|09:57:02.006] QBFT: initialize new round               address=0x401BDFcd9221CD790E7cd66EeCE303eD4D4B53B1 current.round=0 current.sequence=69 target.round=0 lastProposal.number=69 lastProposal.hash=1e543b..08f5a6
INFO [06-23|09:57:04.006] Imported new chain segment               blocks=1 txs=0 mgas=0.000 elapsed="653.2µs" mgasps=0.000 number=70 hash=234942..9813b3 dirty=2.09KiB
INFO [06-23|09:57:04.007] Commit new mining work                   number=71 sealhash=0559b6..109abe uncles=0 txs=0 gas=0 fees=0 elapsed="223.2µs"
WARN [06-23|09:57:04.007] Block sealing failed                     err=unauthorized
INFO [06-23|09:57:04.007] QBFT: handle final committed             address=0x401BDFcd9221CD790E7cd66EeCE303eD4D4B53B1 current.round=0 current.sequence=70 state="Accept request"
INFO [06-23|09:57:04.007] QBFT: initialize new round               address=0x401BDFcd9221CD790E7cd66EeCE303eD4D4B53B1 current.round=0 current.sequence=70 target.round=0 lastProposal.number=70 lastProposal.hash=234942..9813b3
INFO [06-23|09:57:04.007] QBFT: start new round                    address=0x401BDFcd9221CD790E7cd66EeCE303eD4D4B53B1 old.round=0  old.sequence=70 old.state="Accept request" old.proposer=0x93917cADBace5dFCE132B991732c6Cda9bcC5B8a next.round=0 next.seq=71 next.proposer=0x98C1334496614aED49d2E81526D089f7264fED9C next.valSet="[0x27A97C9AaF04f18f3014c32e036dD0Ac76Da5f18 0x93917cADBace5dFCE132B991732c6Cda9bcC5B8a 0x98C1334496614aED49d2E81526D089f7264fED9C 0xcE412f988377e31F4d0fF12d74df73B51C42d0cA]" next.size=4 next.IsProposer=false
INFO [06-23|09:57:06.006] Imported new chain segment               blocks=1 txs=0 mgas=0.000 elapsed="597.3µs" mgasps=0.000 number=71 hash=a00024..9df825 dirty=2.09KiB
INFO [06-23|09:57:06.006] QBFT: handle final committed             address=0x401BDFcd9221CD790E7cd66EeCE303eD4D4B53B1 current.round=0 current.sequence=71 state="Accept request"
INFO [06-23|09:57:06.006] QBFT: initialize new round               address=0x401BDFcd9221CD790E7cd66EeCE303eD4D4B53B1 current.round=0 current.sequence=71 target.round=0 lastProposal.number=71 lastProposal.hash=a00024..9df825
INFO [06-23|09:57:08.006] QBFT: handle final committed             address=0x401BDFcd9221CD790E7cd66EeCE303eD4D4B53B1 current.round=0 current.sequence=72 state="Accept request"
INFO [06-23|09:57:08.006] QBFT: initialize new round               address=0x401BDFcd9221CD790E7cd66EeCE303eD4D4B53B1 current.round=0 current.sequence=72 target.round=0 lastProposal.number=72 lastProposal.hash=95c844..74a803
INFO [06-23|09:57:08.007] QBFT: start new round                    address=0x401BDFcd9221CD790E7cd66EeCE303eD4D4B53B1 old.round=0  old.sequence=72 old.state="Accept request" old.proposer=0xcE412f988377e31F4d0fF12d74df73B51C42d0cA next.round=0 next.seq=73 next.proposer=0x27A97C9AaF04f18f3014c32e036dD0Ac76Da5f18 next.valSet="[0x27A97C9AaF04f18f3014c32e036dD0Ac76Da5f18 0x93917cADBace5dFCE132B991732c6Cda9bcC5B8a 0x98C1334496614aED49d2E81526D089f7264fED9C 0xcE412f988377e31F4d0fF12d74df73B51C42d0cA]" next.size=4 next.IsProposer=false
WARN [06-23|09:57:08.007] Block sealing failed                     err=unauthorized
INFO [06-23|09:57:10.005] Imported new chain segment               blocks=1 txs=0 mgas=0.000 elapsed="596.3µs" mgasps=0.000 number=73 hash=ae4f45..8fe37c dirty=2.09KiB
WARN [06-23|09:57:10.006] Block sealing failed                     err=unauthorized
INFO [06-23|09:57:10.006] QBFT: handle final committed             address=0x401BDFcd9221CD790E7cd66EeCE303eD4D4B53B1 current.round=0 current.sequence=73 state="Accept request"
INFO [06-23|09:57:14.507] Imported new chain segment               blocks=1 txs=0 mgas=0.000 elapsed="521.6µs" mgasps=0.000 number=75 hash=e64c4f..41f447 dirty=2.09KiB
INFO [06-23|09:57:14.507] QBFT: handle final committed             address=0x401BDFcd9221CD790E7cd66EeCE303eD4D4B53B1 current.round=0 current.sequence=75 state="Accept request"
WARN [06-23|09:57:14.507] Block sealing failed                     err=unauthorized
INFO [06-23|09:57:16.006] Imported new chain segment               blocks=1 txs=0 mgas=0.000 elapsed="617µs"   mgasps=0.000 number=76 hash=da795b..3c2dc8 dirty=2.09KiB
INFO [06-23|09:57:16.006] Commit new mining work                   number=77 sealhash=9d7af3..e12db1 uncles=0 txs=0 gas=0 fees=0 elapsed="113.9µs"
INFO [06-23|09:57:16.007] QBFT: start new round                    address=0x401BDFcd9221CD790E7cd66EeCE303eD4D4B53B1 old.round=0  old.sequence=76 old.state="Accept request" old.proposer=0xcE412f988377e31F4d0fF12d74df73B51C42d0cA next.round=0 next.seq=77 next.proposer=0x27A97C9AaF04f18f3014c32e036dD0Ac76Da5f18 next.valSet="[0x27A97C9AaF04f18f3014c32e036dD0Ac76Da5f18 0x93917cADBace5dFCE132B991732c6Cda9bcC5B8a 0x98C1334496614aED49d2E81526D089f7264fED9C 0xcE412f988377e31F4d0fF12d74df73B51C42d0cA]" next.size=4 next.IsProposer=false
INFO [06-23|09:57:18.006] QBFT: start new round                    address=0x401BDFcd9221CD790E7cd66EeCE303eD4D4B53B1 old.round=0  old.sequence=77 old.state="Accept request" old.proposer=0x27A97C9AaF04f18f3014c32e036dD0Ac76Da5f18 next.round=0 next.seq=78 next.proposer=0x93917cADBace5dFCE132B991732c6Cda9bcC5B8a next.valSet="[0x27A97C9AaF04f18f3014c32e036dD0Ac76Da5f18 0x93917cADBace5dFCE132B991732c6Cda9bcC5B8a 0x98C1334496614aED49d2E81526D089f7264fED9C 0xcE412f988377e31F4d0fF12d74df73B51C42d0cA]" next.size=4 next.IsProposer=false
INFO [06-23|09:57:20.006] Imported new chain segment               blocks=1 txs=0 mgas=0.000 elapsed="676.7µs" mgasps=0.000 number=78 hash=99b409..5a7df1 dirty=2.09KiB
INFO [06-23|09:57:20.006] QBFT: handle final committed             address=0x401BDFcd9221CD790E7cd66EeCE303eD4D4B53B1 current.round=0 current.sequence=78 state="Accept request"
INFO [06-23|09:57:20.006] QBFT: initialize new round               address=0x401BDFcd9221CD790E7cd66EeCE303eD4D4B53B1 current.round=0 current.sequence=78 target.round=0 lastProposal.number=78 lastProposal.hash=99b409..5a7df1
INFO [06-23|09:57:20.006] QBFT: start new round                    address=0x401BDFcd9221CD790E7cd66EeCE303eD4D4B53B1 old.round=0  old.sequence=78 old.state="Accept request" old.proposer=0x93917cADBace5dFCE132B991732c6Cda9bcC5B8a next.round=0 next.seq=79 next.proposer=0x98C1334496614aED49d2E81526D089f7264fED9C next.valSet="[0x27A97C9AaF04f18f3014c32e036dD0Ac76Da5f18 0x93917cADBace5dFCE132B991732c6Cda9bcC5B8a 0x98C1334496614aED49d2E81526D089f7264fED9C 0xcE412f988377e31F4d0fF12d74df73B51C42d0cA]" next.size=4 next.IsProposer=false
INFO [06-23|09:57:20.006] Commit new mining work                   number=79 sealhash=533b65..6cc387 uncles=0 txs=0 gas=0 fees=0 elapsed="191.3µs"
WARN [06-23|09:57:20.006] Block sealing failed                     err=unauthorized
INFO [06-23|09:57:22.008] Imported new chain segment               blocks=1 txs=0 mgas=0.000 elapsed="643.4µs" mgasps=0.000 number=79 hash=4305a0..61d0ba dirty=2.09KiB
INFO [06-23|09:57:22.008] QBFT: handle final committed             address=0x401BDFcd9221CD790E7cd66EeCE303eD4D4B53B1 current.round=0 current.sequence=79 state="Accept request"
INFO [06-23|09:57:22.008] QBFT: initialize new round               address=0x401BDFcd9221CD790E7cd66EeCE303eD4D4B53B1 current.round=0 current.sequence=79 target.round=0 lastProposal.number=79 lastProposal.hash=4305a0..61d0ba
INFO [06-23|09:57:22.008] Commit new mining work                   number=80 sealhash=f48255..c04823 uncles=0 txs=0 gas=0 fees=0 elapsed="222.4µs"
INFO [06-23|09:57:24.007] Imported new chain segment               blocks=1 txs=0 mgas=0.000 elapsed="501.5µs" mgasps=0.000 number=80 hash=c807f3..a6bb3b dirty=2.09KiB
INFO [06-23|09:57:24.008] QBFT: handle final committed             address=0x401BDFcd9221CD790E7cd66EeCE303eD4D4B53B1 current.round=0 current.sequence=80 state="Accept request"
INFO [06-23|09:57:26.006] Imported new chain segment               blocks=1 txs=0 mgas=0.000 elapsed="822.8µs" mgasps=0.000 number=81 hash=3b0928..0bf8ed dirty=2.09KiB
WARN [06-23|09:57:26.007] Block sealing failed                     err=unauthorized
INFO [06-23|09:57:26.007] QBFT: handle final committed             address=0x401BDFcd9221CD790E7cd66EeCE303eD4D4B53B1 current.round=0 current.sequence=81 state="Accept request"
INFO [06-23|09:57:26.007] QBFT: start new round                    address=0x401BDFcd9221CD790E7cd66EeCE303eD4D4B53B1 old.round=0  old.sequence=81 old.state="Accept request" old.proposer=0x27A97C9AaF04f18f3014c32e036dD0Ac76Da5f18 next.round=0 next.seq=82 next.proposer=0x93917cADBace5dFCE132B991732c6Cda9bcC5B8a next.valSet="[0x27A97C9AaF04f18f3014c32e036dD0Ac76Da5f18 0x93917cADBace5dFCE132B991732c6Cda9bcC5B8a 0x98C1334496614aED49d2E81526D089f7264fED9C 0xcE412f988377e31F4d0fF12d74df73B51C42d0cA]" next.size=4 next.IsProposer=false
INFO [06-23|09:57:28.006] Imported new chain segment               blocks=1 txs=0 mgas=0.000 elapsed="568.9µs" mgasps=0.000 number=82 hash=1459fd..fafef1 dirty=2.09KiB
INFO [06-23|09:57:28.007] QBFT: initialize new round               address=0x401BDFcd9221CD790E7cd66EeCE303eD4D4B53B1 current.round=0 current.sequence=82 target.round=0 lastProposal.number=82 lastProposal.hash=1459fd..fafef1
INFO [06-23|09:57:28.007] QBFT: start new round                    address=0x401BDFcd9221CD790E7cd66EeCE303eD4D4B53B1 old.round=0  old.sequence=82 old.state="Accept request" old.proposer=0x93917cADBace5dFCE132B991732c6Cda9bcC5B8a next.round=0 next.seq=83 next.proposer=0x98C1334496614aED49d2E81526D089f7264fED9C next.valSet="[0x27A97C9AaF04f18f3014c32e036dD0Ac76Da5f18 0x93917cADBace5dFCE132B991732c6Cda9bcC5B8a 0x98C1334496614aED49d2E81526D089f7264fED9C 0xcE412f988377e31F4d0fF12d74df73B51C42d0cA]" next.size=4 next.IsProposer=false
WARN [06-23|09:57:28.007] Block sealing failed                     err=unauthorized
INFO [06-23|09:57:28.007] Commit new mining work                   number=83 sealhash=ff8202..65573e uncles=0 txs=0 gas=0 fees=0 elapsed="218.3µs"
INFO [06-23|09:57:30.006] QBFT: handle final committed             address=0x401BDFcd9221CD790E7cd66EeCE303eD4D4B53B1 current.round=0 current.sequence=83 state="Accept request"
INFO [06-23|09:57:30.006] Commit new mining work                   number=84 sealhash=921e08..960b9a uncles=0 txs=0 gas=0 fees=0 elapsed="210.7µs"
INFO [06-23|09:57:31.909] Got interrupt, shutting down... 
INFO [06-23|09:57:31.910] HTTP server stopped                      endpoint=[::]:8545
INFO [06-23|09:57:31.912] HTTP server stopped                      endpoint=[::]:8546
INFO [06-23|09:57:31.912] IPC endpoint closed                      url=/data/geth.ipc
