INFO [06-23|09:54:53.668] Starting pprof server                    addr=http://0.0.0.0:9545/debug/pprof
INFO [06-23|09:54:53.688] Tessera API version: 5.0 
INFO [06-23|09:54:53.690] Maximum peer count                       ETH=50 LES=0 total=50
WARN [06-23|09:54:53.691] Found deprecated node list file /data/static-nodes.json, please use the TOML config file instead. 
INFO [06-23|09:54:53.691] Enabling recording of key preimages since archive mode is used 
INFO [06-23|09:54:53.701] Tessera API version: 5.0 
WARN [06-23|09:54:53.701] Sanitizing invalid miner gas price       provided=0 updated=0
INFO [06-23|09:54:53.701] Allocated trie memory caches             clean=154.00MiB dirty=256.00MiB
INFO [06-23|09:54:53.746] Opened ancient database                  database=/data/geth/chaindata/ancient readonly=false
INFO [06-23|09:54:53.747] Initialised chain configuration          config="{ChainID: 1337 Homestead: 0 DAO: <nil> DAOSupport: false EIP150: 0 EIP155: 0 EIP158: 0 Byzantium: 0 IsQuorum: true Constantinople: 0 TransactionSizeLimit: 64 MaxCodeSize: 0 Petersburg: 0 Istanbul: 0, Muir Glacier: <nil>, Berlin: <nil>  Catalyst: <nil> YOLO v3: <nil> PrivacyEnhancements: <nil> PrivacyPrecompile: <nil> EnableGasPriceBlock: <nil> Engine: unknown}"
INFO [06-23|09:54:53.747] Initialising Ethereum protocol           network=1337 dbversion=<nil>
INFO [06-23|09:54:53.747] Initialising Quorum consensus protocol   name=istanbul versions="[100 99 64]" network=1337 dbversion=<nil>
INFO [06-23|09:54:53.748] Using SegregatedCacheProvider. 
INFO [06-23|09:54:53.748] Loaded most recent local header          number=0 hash=736d99..5e9f20 td=1 age=2y11mo2w
INFO [06-23|09:54:53.748] Loaded most recent local fast block      number=0 hash=736d99..5e9f20 td=1 age=2y11mo2w
WARN [06-23|09:54:53.748] Failed to load snapshot, regenerating    err="missing or corrupted snapshot"
INFO [06-23|09:54:53.748] Rebuilding state snapshot 
INFO [06-23|09:54:53.748] Resuming state snapshot generation       root=d7d9af..f2e575 accounts=0 slots=0 storage=0.00B elapsed="218.3µs"
INFO [06-23|09:54:53.749] Regenerated local transaction journal    transactions=0 accounts=0
INFO [06-23|09:54:53.749] Generated state snapshot                 accounts=11 slots=0 storage=544.00B elapsed="695.3µs"
INFO [06-23|09:54:53.749] BFT: Initialising snap with extradata    validators="[0x93917cADBace5dFCE132B991732c6Cda9bcC5B8a 0x27A97C9AaF04f18f3014c32e036dD0Ac76Da5f18 0xcE412f988377e31F4d0fF12d74df73B51C42d0cA 0x98C1334496614aED49d2E81526D089f7264fED9C]"
WARN [06-23|09:54:53.749] Error reading unclean shutdown markers   error="leveldb: not found"
INFO [06-23|09:54:53.750] Starting peer-to-peer node               instance=Geth/557721e87b24-qbft/v1.10.3-stable-93c5f781(quorum-v22.7.5)/linux-amd64/go1.16.15
INFO [06-23|09:54:53.765] IPC endpoint opened                      url=/data/geth.ipc isMultitenant=false
INFO [06-23|09:54:53.767] HTTP server started                      endpoint=[::]:8545    prefix= cors=* vhosts=* isTls=false
INFO [06-23|09:54:53.767] Security: TLS not enabled                endpoint=0.0.0.0:8546 reason="no TLSConfigurationSource found"
INFO [06-23|09:54:53.767] WebSocket enabled                        url=ws://[::]:8546
WARN [06-23|09:54:53.768] full p2p peer                            id=7bdd9cf0154c19f388ab92cf401bdfcd9221cd790e7cd66eece303ed4d4b53b1 ethPeer="Peer 7bdd9cf0154c19f3 172.16.239.18:30303"
WARN [06-23|09:54:53.769] full p2p peer                            id=133b4f32d7750cdfd4048f04df8b560be949c229c821731554c33ead5e3888a4 ethPeer="Peer 133b4f32d7750cdf 172.16.239.15:30303"
INFO [06-23|09:54:53.778] Downloader queue stats                   receiptTasks=0 blockTasks=0 itemSize=408.11B throttle=8192
INFO [06-23|09:54:53.782] Imported new chain segment               blocks=6 txs=0 mgas=0.000 elapsed=3.560ms   mgasps=0.000 number=6 hash=4fd4c7..9b65a9 dirty=0.00B
INFO [06-23|09:54:54.577] Unlocked account                         address=0xf0E2Db6C8dC6c681bB5D6aD121A107f300e9B2b5
INFO [06-23|09:54:54.577] Transaction pool price threshold not updated as gasPrice is not enabled 
INFO [06-23|09:54:54.577] BFT: activate QBFT 
INFO [06-23|09:54:54.577] QBFT: start                              address=0x13A52aaB892e1322e8b52506276363d4754c122e
INFO [06-23|09:54:54.578] QBFT: start new round                    address=0x13A52aaB892e1322e8b52506276363d4754c122e old.round=-1 old.seq=0 next.round=0 next.seq=7 next.proposer=0xcE412f988377e31F4d0fF12d74df73B51C42d0cA next.valSet="[0x27A97C9AaF04f18f3014c32e036dD0Ac76Da5f18 0x93917cADBace5dFCE132B991732c6Cda9bcC5B8a 0x98C1334496614aED49d2E81526D089f7264fED9C 0xcE412f988377e31F4d0fF12d74df73B51C42d0cA]" next.size=4 next.IsProposer=false
INFO [06-23|09:54:54.578] Commit new mining work                   number=7 sealhash=be16ab..6ae025 uncles=0 txs=0 gas=0 fees=0 elapsed="159.5µs"
WARN [06-23|09:54:54.578] Block sealing failed                     err=unauthorized
INFO [06-23|09:54:56.009] QBFT: initialize new round               address=0x13A52aaB892e1322e8b52506276363d4754c122e current.round=0 current.sequence=7 target.round=0 lastProposal.number=7 lastProposal.hash=3ec221..f9ac26
INFO [06-23|09:54:56.009] QBFT: start new round                    address=0x13A52aaB892e1322e8b52506276363d4754c122e old.round=0  old.sequence=7 old.state="Accept request" old.proposer=0xcE412f988377e31F4d0fF12d74df73B51C42d0cA next.round=0 next.seq=8 next.proposer=0x93917cADBace5dFCE132B991732c6Cda9bcC5B8a next.valSet="[0x27A97C9AaF04f18f3014c32e036dD0Ac76Da5f18 0x93917cADBace5dFCE132B991732c6Cda9bcC5B8a 0x98C1334496614aED49d2E81526D089f7264fED9C 0xcE412f988377e31F4d0fF12d74df73B51C42d0cA]" next.size=4 next.IsProposer=false
WARN [06-23|09:54:56.009] Block sealing failed                     err=unauthorized
INFO [06-23|09:54:56.019] Imported new chain segment               blocks=1 txs=0 mgas=0.000 elapsed="625.6µs" mgasps=0.000 number=8 hash=995aa3..72ad28 dirty=0.00B
INFO [06-23|09:54:56.019] QBFT: start new round                    address=0x13A52aaB892e1322e8b52506276363d4754c122e old.round=0  old.sequence=8 old.state="Accept request" old.proposer=0x93917cADBace5dFCE132B991732c6Cda9bcC5B8a next.round=0 next.seq=9 next.proposer=0x98C1334496614aED49d2E81526D089f7264fED9C next.valSet="[0x27A97C9AaF04f18f3014c32e036dD0Ac76Da5f18 0x93917cADBace5dFCE132B991732c6Cda9bcC5B8a 0x98C1334496614aED49d2E81526D089f7264fED9C 0xcE412f988377e31F4d0fF12d74df73B51C42d0cA]" next.size=4 next.IsProposer=false
INFO [06-23|09:54:56.019] Commit new mining work                   number=9 sealhash=6852ae..c7cc40 uncles=0 txs=0 gas=0 fees=0 elapsed="246.9µs"
INFO [06-23|09:54:58.007] Imported new chain segment               blocks=1 txs=0 mgas=0.000 elapsed="693.5µs" mgasps=0.000 number=9 hash=00ec90..fff477 dirty=0.00B
INFO [06-23|09:54:58.007] QBFT: handle final committed             address=0x13A52aaB892e1322e8b52506276363d4754c122e current.round=0 current.sequence=9 state="Accept request"
INFO [06-23|09:55:04.012] Imported new chain segment               blocks=1 txs=0 mgas=0.000 elapsed="725.6µs" mgasps=0.000 number=10 hash=b82467..95ee6f dirty=0.00B
INFO [06-23|09:55:04.012] QBFT: handle final committed             address=0x13A52aaB892e1322e8b52506276363d4754c122e current.round=0 current.sequence=10 state="Accept request"
INFO [06-23|09:55:04.012] QBFT: initialize new round               address=0x13A52aaB892e1322e8b52506276363d4754c122e current.round=0 current.sequence=10 target.round=0 lastProposal.number=10 lastProposal.hash=b82467..95ee6f
INFO [06-23|09:55:04.012] Commit new mining work                   number=11 sealhash=c23e8a..74e06d uncles=0 txs=0 gas=0 fees=0 elapsed="214.7µs"
INFO [06-23|09:55:04.012] QBFT: start new round                    address=0x13A52aaB892e1322e8b52506276363d4754c122e old.round=0  old.sequence=10 old.state="Accept request" old.proposer=0xcE412f988377e31F4d0fF12d74df73B51C42d0cA next.round=0 next.seq=11 next.proposer=0x93917cADBace5dFCE132B991732c6Cda9bcC5B8a next.valSet="[0x27A97C9AaF04f18f3014c32e036dD0Ac76Da5f18 0x93917cADBace5dFCE132B991732c6Cda9bcC5B8a 0x98C1334496614aED49d2E81526D089f7264fED9C 0xcE412f988377e31F4d0fF12d74df73B51C42d0cA]" next.size=4 next.IsProposer=false
WARN [06-23|09:55:04.012] Block sealing failed                     err=unauthorized
INFO [06-23|09:55:04.014] Imported new chain segment               blocks=1 txs=0 mgas=0.000 elapsed="567.6µs" mgasps=0.000 number=11 hash=100971..a372e0 dirty=0.00B
INFO [06-23|09:55:04.015] Commit new mining work                   number=12 sealhash=e40ca3..c40322 uncles=0 txs=0 gas=0 fees=0 elapsed="206.8µs"
WARN [06-23|09:55:04.015] Block sealing failed                     err=unauthorized
INFO [06-23|09:55:04.015] QBFT: handle final committed             address=0x13A52aaB892e1322e8b52506276363d4754c122e current.round=0 current.sequence=11 state="Accept request"
INFO [06-23|09:55:04.015] QBFT: initialize new round               address=0x13A52aaB892e1322e8b52506276363d4754c122e current.round=0 current.sequence=11 target.round=0 lastProposal.number=11 lastProposal.hash=100971..a372e0
INFO [06-23|09:55:04.015] QBFT: start new round                    address=0x13A52aaB892e1322e8b52506276363d4754c122e old.round=0  old.sequence=11 old.state="Accept request" old.proposer=0x93917cADBace5dFCE132B991732c6Cda9bcC5B8a next.round=0 next.seq=12 next.proposer=0x98C1334496614aED49d2E81526D089f7264fED9C next.valSet="[0x27A97C9AaF04f18f3014c32e036dD0Ac76Da5f18 0x93917cADBace5dFCE132B991732c6Cda9bcC5B8a 0x98C1334496614aED49d2E81526D089f7264fED9C 0xcE412f988377e31F4d0fF12d74df73B51C42d0cA]" next.size=4 next.IsProposer=false
INFO [06-23|09:55:06.008] Imported new chain segment               blocks=1 txs=0 mgas=0.000 elapsed="597.8µs" mgasps=0.000 number=12 hash=3288ee..2dd309 dirty=0.00B
INFO [06-23|09:55:06.008] QBFT: start new round                    address=0x13A52aaB892e1322e8b52506276363d4754c122e old.round=0  old.sequence=12 old.state="Accept request" old.proposer=0x98C1334496614aED49d2E81526D089f7264fED9C next.round=0 next.seq=13 next.proposer=0xcE412f988377e31F4d0fF12d74df73B51C42d0cA next.valSet="[0x27A97C9AaF04f18f3014c32e036dD0Ac76Da5f18 0x93917cADBace5dFCE132B991732c6Cda9bcC5B8a 0x98C1334496614aED49d2E81526D089f7264fED9C 0xcE412f988377e31F4d0fF12d74df73B51C42d0cA]" next.size=4 next.IsProposer=false
WARN [06-23|09:55:06.008] Block sealing failed                     err=unauthorized
INFO [06-23|09:55:12.009] QBFT: handle final committed             address=0x13A52aaB892e1322e8b52506276363d4754c122e current.round=0 current.sequence=13 state="Accept request"
INFO [06-23|09:55:12.009] QBFT: initialize new round               address=0x13A52aaB892e1322e8b52506276363d4754c122e current.round=0 current.sequence=13 target.round=0 lastProposal.number=13 lastProposal.hash=36853b..b225d3
INFO [06-23|09:55:12.009] QBFT: start new round                    address=0x13A52aaB892e1322e8b52506276363d4754c122e old.round=0  old.sequence=13 old.state="Accept request" old.proposer=0xcE412f988377e31F4d0fF12d74df73B51C42d0cA next.round=0 next.seq=14 next.proposer=0x93917cADBace5dFCE132B991732c6Cda9bcC5B8a next.valSet="[0x27A97C9AaF04f18f3014c32e036dD0Ac76Da5f18 0x93917cADBace5dFCE132B991732c6Cda9bcC5B8a 0x98C1334496614aED49d2E81526D089f7264fED9C 0xcE412f988377e31F4d0fF12d74df73B51C42d0cA]" next.size=4 next.IsProposer=false
INFO [06-23|09:55:12.517] Imported new chain segment               blocks=1 txs=0 mgas=0.000 elapsed="500.6µs" mgasps=0.000 number=14 hash=4355c5..b0779f dirty=0.00B
INFO [06-23|09:55:12.517] QBFT: handle final committed             address=0x13A52aaB892e1322e8b52506276363d4754c122e current.round=0 current.sequence=14 state="Accept request"
WARN [06-23|09:55:12.517] Block sealing failed                     err=unauthorized
INFO [06-23|09:55:14.007] Imported new chain segment               blocks=1 txs=0 mgas=0.000 elapsed="525.3µs" mgasps=0.000 number=15 hash=40671d..508287 dirty=0.00B
INFO [06-23|09:55:14.008] Commit new mining work                   number=16 sealhash=6bca08..4df7be uncles=0 txs=0 gas=0 fees=0 elapsed="206.2µs"
INFO [06-23|09:55:14.008] QBFT: handle final committed             address=0x13A52aaB892e1322e8b52506276363d4754c122e current.round=0 current.sequence=15 state="Accept request"
INFO [06-23|09:55:14.008] QBFT: initialize new round               address=0x13A52aaB892e1322e8b52506276363d4754c122e current.round=0 current.sequence=15 target.round=0 lastProposal.number=15 lastProposal.hash=40671d..508287
INFO [06-23|09:55:16.006] Imported new chain segment               blocks=1 txs=0 mgas=0.000 elapsed="666µs"   mgasps=0.000 number=16 hash=9c54ba..45185e dirty=0.00B
INFO [06-23|09:55:16.006] QBFT: handle final committed             address=0x13A52aaB892e1322e8b52506276363d4754c122e current.round=0 current.sequence=16 state="Accept request"
INFO [06-23|09:55:16.006] QBFT: initialize new round               address=0x13A52aaB892e1322e8b52506276363d4754c122e current.round=0 current.sequence=16 target.round=0 lastProposal.number=16 lastProposal.hash=9c54ba..45185e
INFO [06-23|09:55:16.007] QBFT: start new round                    address=0x13A52aaB892e1322e8b52506276363d4754c122e old.round=0  old.sequence=16 old.state="Accept request" old.proposer=0xcE412f988377e31F4d0fF12d74df73B51C42d0cA next.round=0 next.seq=17 next.proposer=0x27A97C9AaF04f18f3014c32e036dD0Ac76Da5f18 next.valSet="[0x27A97C9AaF04f18f3014c32e036dD0Ac76Da5f18 0x93917cADBace5dFCE132B991732c6Cda9bcC5B8a 0x98C1334496614aED49d2E81526D089f7264fED9C 0xcE412f988377e31F4d0fF12d74df73B51C42d0cA]" next.size=4 next.IsProposer=false
INFO [06-23|09:55:16.007] Commit new mining work                   number=17 sealhash=022789..76dcc8 uncles=0 txs=0 gas=0 fees=0 elapsed="279.8µs"
WARN [06-23|09:55:16.007] Block sealing failed                     err=unauthorized
INFO [06-23|09:55:18.005] Imported new chain segment               blocks=1 txs=0 mgas=0.000 elapsed="615µs"   mgasps=0.000 number=17 hash=9af988..3b8134 dirty=0.00B
INFO [06-23|09:55:18.005] QBFT: handle final committed             address=0x13A52aaB892e1322e8b52506276363d4754c122e current.round=0 current.sequence=17 state="Accept request"
INFO [06-23|09:55:18.005] QBFT: initialize new round               address=0x13A52aaB892e1322e8b52506276363d4754c122e current.round=0 current.sequence=17 target.round=0 lastProposal.number=17 lastProposal.hash=9af988..3b8134
INFO [06-23|09:55:18.006] Commit new mining work                   number=18 sealhash=58865f..ba8e6e uncles=0 txs=0 gas=0 fees=0 elapsed="149.7µs"
INFO [06-23|09:55:18.006] QBFT: start new round                    address=0x13A52aaB892e1322e8b52506276363d4754c122e old.round=0  old.sequence=17 old.state="Accept request" old.proposer=0x27A97C9AaF04f18f3014c32e036dD0Ac76Da5f18 next.round=0 next.seq=18 next.proposer=0x93917cADBace5dFCE132B991732c6Cda9bcC5B8a next.valSet="[0x27A97C9AaF04f18f3014c32e036dD0Ac76Da5f18 0x93917cADBace5dFCE132B991732c6Cda9bcC5B8a 0x98C1334496614aED49d2E81526D089f7264fED9C 0xcE412f988377e31F4d0fF12d74df73B51C42d0cA]" next.size=4 next.IsProposer=false
WARN [06-23|09:55:18.006] Block sealing failed                     err=unauthorized
INFO [06-23|09:55:20.007] Imported new chain segment               blocks=1 txs=0 mgas=0.000 elapsed="581.4µs" mgasps=0.000 number=18 hash=2c8c15..cab0c7 dirty=0.00B
INFO [06-23|09:55:20.008] QBFT: handle final committed             address=0x13A52aaB892e1322e8b52506276363d4754c122e current.round=0 current.sequence=18 state="Accept request"
INFO [06-23|09:55:20.008] QBFT: initialize new round               address=0x13A52aaB892e1322e8b52506276363d4754c122e current.round=0 current.sequence=18 target.round=0 lastProposal.number=18 lastProposal.hash=2c8c15..cab0c7
INFO [06-23|09:55:20.008] QBFT: start new round                    address=0x13A52aaB892e1322e8b52506276363d4754c122e old.round=0  old.sequence=18 old.state="Accept request" old.proposer=0x93917cADBace5dFCE132B991732c6Cda9bcC5B8a next.round=0 next.seq=19 next.proposer=0x98C1334496614aED49d2E81526D089f7264fED9C next.valSet="[0x27A97C9AaF04f18f3014c32e036dD0Ac76Da5f18 0x93917cADBace5dFCE132B991732c6Cda9bcC5B8a 0x98C1334496614aED49d2E81526D089f7264fED9C 0xcE412f988377e31F4d0fF12d74df73B51C42d0cA]" next.size=4 next.IsProposer=false
INFO [06-23|09:55:20.008] Commit new mining work                   number=19 sealhash=af3b9e..dbb2d3 uncles=0 txs=0 gas=0 fees=0 elapsed="206.6µs"
WARN [06-23|09:55:20.008] Block sealing failed                     err=unauthorized
INFO [06-23|09:55:22.007] QBFT: initialize new round               address=0x13A52aaB892e1322e8b52506276363d4754c122e current.round=0 current.sequence=19 target.round=0 lastProposal.number=19 lastProposal.hash=d1882c..490d2b
WARN [06-23|09:55:22.007] Block sealing failed                     err=unauthorized
INFO [06-23|09:55:24.020] Imported new chain segment               blocks=1 txs=0 mgas=0.000 elapsed=14.561ms  mgasps=0.000 number=20 hash=0c9b4d..c9ced7 dirty=0.00B
INFO [06-23|09:55:24.021] QBFT: handle final committed             address=0x13A52aaB892e1322e8b52506276363d4754c122e current.round=0 current.sequence=20 state="Accept request"
INFO [06-23|09:55:24.021] QBFT: initialize new round               address=0x13A52aaB892e1322e8b52506276363d4754c122e current.round=0 current.sequence=20 target.round=0 lastProposal.number=20 lastProposal.hash=0c9b4d..c9ced7
INFO [06-23|09:55:26.009] QBFT: start new round                    address=0x13A52aaB892e1322e8b52506276363d4754c122e old.round=0  old.sequence=21 old.state="Accept request" old.proposer=0x27A97C9AaF04f18f3014c32e036dD0Ac76Da5f18 next.round=0 next.seq=22 next.proposer=0x93917cADBace5dFCE132B991732c6Cda9bcC5B8a next.valSet="[0x27A97C9AaF04f18f3014c32e036dD0Ac76Da5f18 0x93917cADBace5dFCE132B991732c6Cda9bcC5B8a 0x98C1334496614aED49d2E81526D089f7264fED9C 0xcE412f988377e31F4d0fF12d74df73B51C42d0cA]" next.size=4 next.IsProposer=false
WARN [06-23|09:55:26.009] Block sealing failed                     err=unauthorized
INFO [06-23|09:55:26.009] Commit new mining work                   number=22 sealhash=0b3348..c094a7 uncles=0 txs=0 gas=0 fees=0 elapsed="212µs"
INFO [06-23|09:55:28.006] Imported new chain segment               blocks=1 txs=0 mgas=0.000 elapsed="617.8µs" mgasps=0.000 number=22 hash=2832a7..40ec6e dirty=0.00B
INFO [06-23|09:55:28.006] Commit new mining work                   number=23 sealhash=342b9e..a98244 uncles=0 txs=0 gas=0 fees=0 elapsed="194.7µs"
INFO [06-23|09:55:28.007] QBFT: handle final committed             address=0x13A52aaB892e1322e8b52506276363d4754c122e current.round=0 current.sequence=22 state="Accept request"
WARN [06-23|09:55:28.007] Block sealing failed                     err=unauthorized
INFO [06-23|09:55:28.007] QBFT: start new round                    address=0x13A52aaB892e1322e8b52506276363d4754c122e old.round=0  old.sequence=22 old.state="Accept request" old.proposer=0x93917cADBace5dFCE132B991732c6Cda9bcC5B8a next.round=0 next.seq=23 next.proposer=0x98C1334496614aED49d2E81526D089f7264fED9C next.valSet="[0x27A97C9AaF04f18f3014c32e036dD0Ac76Da5f18 0x93917cADBace5dFCE132B991732c6Cda9bcC5B8a 0x98C1334496614aED49d2E81526D089f7264fED9C 0xcE412f988377e31F4d0fF12d74df73B51C42d0cA]" next.size=4 next.IsProposer=false
INFO [06-23|09:55:32.006] Imported new chain segment               blocks=1 txs=0 mgas=0.000 elapsed="671.8µs" mgasps=0.000 number=24 hash=3d2604..070200 dirty=0.00B
INFO [06-23|09:55:32.006] QBFT: handle final committed             address=0x13A52aaB892e1322e8b52506276363d4754c122e current.round=0 current.sequence=24 state="Accept request"
INFO [06-23|09:55:32.006] QBFT: initialize new round               address=0x13A52aaB892e1322e8b52506276363d4754c122e current.round=0 current.sequence=24 target.round=0 lastProposal.number=24 lastProposal.hash=3d2604..070200
INFO [06-23|09:55:32.006] QBFT: start new round                    address=0x13A52aaB892e1322e8b52506276363d4754c122e old.round=0  old.sequence=24 old.state="Accept request" old.proposer=0xcE412f988377e31F4d0fF12d74df73B51C42d0cA next.round=0 next.seq=25 next.proposer=0x27A97C9AaF04f18f3014c32e036dD0Ac76Da5f18 next.valSet="[0x27A97C9AaF04f18f3014c32e036dD0Ac76Da5f18 0x93917cADBace5dFCE132B991732c6Cda9bcC5B8a 0x98C1334496614aED49d2E81526D089f7264fED9C 0xcE412f988377e31F4d0fF12d74df73B51C42d0cA]" next.size=4 next.IsProposer=false
INFO [06-23|09:55:32.006] Commit new mining work                   number=25 sealhash=194158..4e09c1 uncles=0 txs=0 gas=0 fees=0 elapsed="210.6µs"
WARN [06-23|09:55:32.006] Block sealing failed                     err=unauthorized
INFO [06-23|09:55:34.008] Imported new chain segment               blocks=1 txs=0 mgas=0.000 elapsed="720.3µs" mgasps=0.000 number=25 hash=a8b77c..9e7917 dirty=0.00B
INFO [06-23|09:55:34.008] QBFT: handle final committed             address=0x13A52aaB892e1322e8b52506276363d4754c122e current.round=0 current.sequence=25 state="Accept request"
INFO [06-23|09:55:34.009] QBFT: start new round                    address=0x13A52aaB892e1322e8b52506276363d4754c122e old.round=0  old.sequence=25 old.state="Accept request" old.proposer=0x27A97C9AaF04f18f3014c32e036dD0Ac76Da5f18 next.round=0 next.seq=26 next.proposer=0x93917cADBace5dFCE132B991732c6Cda9bcC5B8a next.valSet="[0x27A97C9AaF04f18f3014c32e036dD0Ac76Da5f18 0x93917cADBace5dFCE132B991732c6Cda9bcC5B8a 0x98C1334496614aED49d2E81526D089f7264fED9C 0xcE412f988377e31F4d0fF12d74df73B51C42d0cA]" next.size=4 next.IsProposer=false
INFO [06-23|09:55:34.009] Commit new mining work                   number=26 sealhash=63e4f9..3f462e uncles=0 txs=0 gas=0 fees=0 elapsed="217.1µs"
WARN [06-23|09:55:34.009] Block sealing failed                     err=unauthorized
INFO [06-23|09:55:36.007] Imported new chain segment               blocks=1 txs=0 mgas=0.000 elapsed="950.7µs" mgasps=0.000 number=26 hash=b56ec1..7dc431 dirty=0.00B
INFO [06-23|09:55:36.007] QBFT: initialize new round               address=0x13A52aaB892e1322e8b52506276363d4754c122e current.round=0 current.sequence=26 target.round=0 lastProposal.number=26 lastProposal.hash=b56ec1..7dc431
INFO [06-23|09:55:36.007] Commit new mining work                   number=27 sealhash=5e6be7..1988e7 uncles=0 txs=0 gas=0 fees=0 elapsed="225.2µs"
WARN [06-23|09:55:36.007] Block sealing failed                     err=unauthorized
INFO [06-23|09:55:40.005] Imported new chain segment               blocks=1 txs=0 mgas=0.000 elapsed="534.9µs" mgasps=0.000 number=28 hash=e73f8c..03c2f3 dirty=0.00B
INFO [06-23|09:55:40.006] Commit new mining work                   number=29 sealhash=d664e8..331ee7 uncles=0 txs=0 gas=0 fees=0 elapsed="218.3µs"
WARN [06-23|09:55:40.006] Block sealing failed                     err=unauthorized
INFO [06-23|09:55:40.006] QBFT: handle final committed             address=0x13A52aaB892e1322e8b52506276363d4754c122e current.round=0 current.sequence=28 state="Accept request"
INFO [06-23|09:55:40.006] QBFT: initialize new round               address=0x13A52aaB892e1322e8b52506276363d4754c122e current.round=0 current.sequence=28 target.round=0 lastProposal.number=28 lastProposal.hash=e73f8c..03c2f3
INFO [06-23|09:55:40.006] QBFT: start new round                    address=0x13A52aaB892e1322e8b52506276363d4754c122e old.round=0  old.sequence=28 old.state="Accept request" old.proposer=0xcE412f988377e31F4d0fF12d74df73B51C42d0cA next.round=0 next.seq=29 next.proposer=0x27A97C9AaF04f18f3014c32e036dD0Ac76Da5f18 next.valSet="[0x27A97C9AaF04f18f3014c32e036dD0Ac76Da5f18 0x93917cADBace5dFCE132B991732c6Cda9bcC5B8a 0x98C1334496614aED49d2E81526D089f7264fED9C 0xcE412f988377e31F4d0fF12d74df73B51C42d0cA]" next.size=4 next.IsProposer=false
INFO [06-23|09:55:42.006] QBFT: start new round                    address=0x13A52aaB892e1322e8b52506276363d4754c122e old.round=0  old.sequence=29 old.state="Accept request" old.proposer=0x27A97C9AaF04f18f3014c32e036dD0Ac76Da5f18 next.round=0 next.seq=30 next.proposer=0x93917cADBace5dFCE132B991732c6Cda9bcC5B8a next.valSet="[0x27A97C9AaF04f18f3014c32e036dD0Ac76Da5f18 0x93917cADBace5dFCE132B991732c6Cda9bcC5B8a 0x98C1334496614aED49d2E81526D089f7264fED9C 0xcE412f988377e31F4d0fF12d74df73B51C42d0cA]" next.size=4 next.IsProposer=false
INFO [06-23|09:55:42.006] Commit new mining work                   number=30 sealhash=e48d0e..5ebb42 uncles=0 txs=0 gas=0 fees=0 elapsed="200.6µs"
WARN [06-23|09:55:42.006] Block sealing failed                     err=unauthorized
INFO [06-23|09:55:44.006] Imported new chain segment               blocks=1 txs=0 mgas=0.000 elapsed="693.8µs" mgasps=0.000 number=30 hash=097ca1..720188 dirty=0.00B
INFO [06-23|09:55:44.006] Commit new mining work                   number=31 sealhash=18e4b8..2bdb00 uncles=0 txs=0 gas=0 fees=0 elapsed="220.5µs"
WARN [06-23|09:55:44.006] Block sealing failed                     err=unauthorized
INFO [06-23|09:55:44.007] QBFT: handle final committed             address=0x13A52aaB892e1322e8b52506276363d4754c122e current.round=0 current.sequence=30 state="Accept request"
INFO [06-23|09:55:44.007] QBFT: initialize new round               address=0x13A52aaB892e1322e8b52506276363d4754c122e current.round=0 current.sequence=30 target.round=0 lastProposal.number=30 lastProposal.hash=097ca1..720188
INFO [06-23|09:55:44.007] QBFT: start new round                    address=0x13A52aaB892e1322e8b52506276363d4754c122e old.round=0  old.sequence=30 old.state="Accept request" old.proposer=0x93917cADBace5dFCE132B991732c6Cda9bcC5B8a next.round=0 next.seq=31 next.proposer=0x98C1334496614aED49d2E81526D089f7264fED9C next.valSet="[0x27A97C9AaF04f18f3014c32e036dD0Ac76Da5f18 0x93917cADBace5dFCE132B991732c6Cda9bcC5B8a 0x98C1334496614aED49d2E81526D089f7264fED9C 0xcE412f988377e31F4d0fF12d74df73B51C42d0cA]" next.size=4 next.IsProposer=false
INFO [06-23|09:55:46.007] Commit new mining work                   number=32 sealhash=9b24b4..991d3a uncles=0 txs=0 gas=0 fees=0 elapsed="207.7µs"
WARN [06-23|09:55:46.007] Block sealing failed                     err=unauthorized
INFO [06-23|09:55:46.007] QBFT: initialize new round               address=0x13A52aaB892e1322e8b52506276363d4754c122e current.round=0 current.sequence=31 target.round=0 lastProposal.number=31 lastProposal.hash=63ede2..9f456c
INFO [06-23|09:55:48.011] Imported new chain segment               blocks=1 txs=0 mgas=0.000 elapsed="646.3µs" mgasps=0.000 number=32 hash=d37702..09e4af dirty=0.00B
INFO [06-23|09:55:48.012] QBFT: handle final committed             address=0x13A52aaB892e1322e8b52506276363d4754c122e current.round=0 current.sequence=32 state="Accept request"
INFO [06-23|09:55:50.008] Commit new mining work                   number=34 sealhash=9051c9..f559bb uncles=0 txs=0 gas=0 fees=0 elapsed="267.3µs"
WARN [06-23|09:55:50.008] Block sealing failed                     err=unauthorized
INFO [06-23|09:55:50.008] QBFT: handle final committed             address=0x13A52aaB892e1322e8b52506276363d4754c122e current.round=0 current.sequence=33 state="Accept request"
INFO [06-23|09:55:50.008] QBFT: initialize new round               address=0x13A52aaB892e1322e8b52506276363d4754c122e current.round=0 current.sequence=33 target.round=0 lastProposal.number=33 lastProposal.hash=df3684..18f13c
INFO [06-23|09:55:52.007] Imported new chain segment               blocks=1 txs=0 mgas=0.000 elapsed="653.4µs" mgasps=0.000 number=34 hash=f9dac1..366e8a dirty=0.00B
INFO [06-23|09:55:52.007] Commit new mining work                   number=35 sealhash=6ec0c5..e0c468 uncles=0 txs=0 gas=0 fees=0 elapsed="237.5µs"
WARN [06-23|09:55:52.007] Block sealing failed                     err=unauthorized
INFO [06-23|09:55:52.007] QBFT: initialize new round               address=0x13A52aaB892e1322e8b52506276363d4754c122e current.round=0 current.sequence=34 target.round=0 lastProposal.number=34 lastProposal.hash=f9dac1..366e8a
INFO [06-23|09:55:54.008] QBFT: handle final committed             address=0x13A52aaB892e1322e8b52506276363d4754c122e current.round=0 current.sequence=35 state="Accept request"
INFO [06-23|09:55:54.008] QBFT: initialize new round               address=0x13A52aaB892e1322e8b52506276363d4754c122e current.round=0 current.sequence=35 target.round=0 lastProposal.number=35 lastProposal.hash=3c3d38..e8a38a
WARN [06-23|09:55:54.008] Block sealing failed                     err=unauthorized
INFO [06-23|09:55:57.717] sent raw private signed tx               data="e52102…3aa85e" hash="e52102…3aa85e" privatefrom="BULeR8JyUWhiuuCMU/HLA0Q5pzkYT+cHII3ZKBey3Bo=" privatefor="[1iTZde/ndBHvzhcl7V68x44Vx7pl8nwx9LqnM/AfJUg=]" affectedCATxHashes=map[] merkleroot=map[] privacyflag=0 mandatoryrecipients=[]
INFO [06-23|09:55:57.718] Setting new local account                address=0xf0E2Db6C8dC6c681bB5D6aD121A107f300e9B2b5
INFO [06-23|09:55:57.718] Submitted contract creation              hash=0x5401eda226603dc6a3e11b5d31fc59dc1e149328f3da82af0c415e3af1d04603 from=0xf0E2Db6C8dC6c681bB5D6aD121A107f300e9B2b5 nonce=0 contract=0x00fFD3548725459255f1e78A61A07f1539Db0271 value=0
INFO [06-23|09:55:58.010] Commit new mining work                   number=38 sealhash=c117d2..279dcd uncles=0 txs=0 gas=0 fees=0 elapsed="241.8µs"
INFO [06-23|09:55:58.010] QUORUM-CHECKPOINT                        name=TX-COMPLETED tx=0x5401eda226603dc6a3e11b5d31fc59dc1e149328f3da82af0c415e3af1d04603 time="217.2µs"
WARN [06-23|09:55:58.010] Block sealing failed                     err=unauthorized
INFO [06-23|09:56:00.008] Imported new chain segment               blocks=1 txs=1 mgas=0.000 elapsed=1.273ms   mgasps=0.000 number=38 hash=44d419..c31296  dirty=1.04KiB
INFO [06-23|09:56:00.008] Commit new mining work                   number=39 sealhash=0f6843..e4585d uncles=0 txs=0 gas=0 fees=0 elapsed="213.7µs"
WARN [06-23|09:56:00.009] Block sealing failed                     err=unauthorized
INFO [06-23|09:56:00.009] QBFT: initialize new round               address=0x13A52aaB892e1322e8b52506276363d4754c122e current.round=0 current.sequence=38 target.round=0 lastProposal.number=38 lastProposal.hash=44d419..c31296
INFO [06-23|09:56:00.009] QBFT: start new round                    address=0x13A52aaB892e1322e8b52506276363d4754c122e old.round=0  old.sequence=38 old.state="Accept request" old.proposer=0x93917cADBace5dFCE132B991732c6Cda9bcC5B8a next.round=0 next.seq=39 next.proposer=0x98C1334496614aED49d2E81526D089f7264fED9C next.valSet="[0x27A97C9AaF04f18f3014c32e036dD0Ac76Da5f18 0x93917cADBace5dFCE132B991732c6Cda9bcC5B8a 0x98C1334496614aED49d2E81526D089f7264fED9C 0xcE412f988377e31F4d0fF12d74df73B51C42d0cA]" next.size=4 next.IsProposer=false
INFO [06-23|09:56:02.506] Imported new chain segment               blocks=1 txs=0 mgas=0.000 elapsed="480.1µs" mgasps=0.000 number=39 hash=70c570..414e29  dirty=1.04KiB
INFO [06-23|09:56:04.007] QBFT: start new round                    address=0x13A52aaB892e1322e8b52506276363d4754c122e old.round=0  old.sequence=40 old.state="Accept request" old.proposer=0xcE412f988377e31F4d0fF12d74df73B51C42d0cA next.round=0 next.seq=41 next.proposer=0x27A97C9AaF04f18f3014c32e036dD0Ac76Da5f18 next.valSet="[0x27A97C9AaF04f18f3014c32e036dD0Ac76Da5f18 0x93917cADBace5dFCE132B991732c6Cda9bcC5B8a 0x98C1334496614aED49d2E81526D089f7264fED9C 0xcE412f988377e31F4d0fF12d74df73B51C42d0cA]" next.size=4 next.IsProposer=false
INFO [06-23|09:56:04.007] Commit new mining work                   number=41 sealhash=03920f..1decca uncles=0 txs=0 gas=0 fees=0 elapsed="620.8µs"
INFO [06-23|09:56:06.007] Imported new chain segment               blocks=1 txs=0 mgas=0.000 elapsed=1.635ms   mgasps=0.000 number=41 hash=be64cb..528558  dirty=1.04KiB
INFO [06-23|09:56:06.008] QBFT: handle final committed             address=0x13A52aaB892e1322e8b52506276363d4754c122e current.round=0 current.sequence=41 state="Accept request"
INFO [06-23|09:56:06.008] QBFT: start new round                    address=0x13A52aaB892e1322e8b52506276363d4754c122e old.round=0  old.sequence=41 old.state="Accept request" old.proposer=0x27A97C9AaF04f18f3014c32e036dD0Ac76Da5f18 next.round=0 next.seq=42 next.proposer=0x93917cADBace5dFCE132B991732c6Cda9bcC5B8a next.valSet="[0x27A97C9AaF04f18f3014c32e036dD0Ac76Da5f18 0x93917cADBace5dFCE132B991732c6Cda9bcC5B8a 0x98C1334496614aED49d2E81526D089f7264fED9C 0xcE412f988377e31F4d0fF12d74df73B51C42d0cA]" next.size=4 next.IsProposer=false
INFO [06-23|09:56:08.008] Imported new chain segment               blocks=1 txs=0 mgas=0.000 elapsed="658.3µs" mgasps=0.000 number=42 hash=f31a7f..923d0e  dirty=1.04KiB
INFO [06-23|09:56:08.008] QBFT: handle final committed             address=0x13A52aaB892e1322e8b52506276363d4754c122e current.round=0 current.sequence=42 state="Accept request"
INFO [06-23|09:56:08.008] QBFT: initialize new round               address=0x13A52aaB892e1322e8b52506276363d4754c122e current.round=0 current.sequence=42 target.round=0 lastProposal.number=42 lastProposal.hash=f31a7f..923d0e
INFO [06-23|09:56:08.008] QBFT: start new round                    address=0x13A52aaB892e1322e8b52506276363d4754c122e old.round=0  old.sequence=42 old.state="Accept request" old.proposer=0x93917cADBace5dFCE132B991732c6Cda9bcC5B8a next.round=0 next.seq=43 next.proposer=0x98C1334496614aED49d2E81526D089f7264fED9C next.valSet="[0x27A97C9AaF04f18f3014c32e036dD0Ac76Da5f18 0x93917cADBace5dFCE132B991732c6Cda9bcC5B8a 0x98C1334496614aED49d2E81526D089f7264fED9C 0xcE412f988377e31F4d0fF12d74df73B51C42d0cA]" next.size=4 next.IsProposer=false
INFO [06-23|09:56:10.008] QBFT: start new round                    address=0x13A52aaB892e1322e8b52506276363d4754c122e old.round=0  old.sequence=43 old.state="Accept request" old.proposer=0x98C1334496614aED49d2E81526D089f7264fED9C next.round=0 next.seq=44 next.proposer=0xcE412f988377e31F4d0fF12d74df73B51C42d0cA next.valSet="[0x27A97C9AaF04f18f3014c32e036dD0Ac76Da5f18 0x93917cADBace5dFCE132B991732c6Cda9bcC5B8a 0x98C1334496614aED49d2E81526D089f7264fED9C 0xcE412f988377e31F4d0fF12d74df73B51C42d0cA]" next.size=4 next.IsProposer=false
INFO [06-23|09:56:10.781] sent private signed tx                   data="60fe47…00007b" hash="ee40e5…277a77" privatefrom= privatefor="[1iTZde/ndBHvzhcl7V68x44Vx7pl8nwx9LqnM/AfJUg=]" affectedCATxHashes=map[] merkleroot=map[] privacyflag=0 mandatoryrecipients=[]
INFO [06-23|09:56:10.781] Submitted transaction                    hash=0x14cb26b69b53437d566fec9a88d7dc3d1530cfd70d75662dab8c97c01cfc80f6 from=0xf0E2Db6C8dC6c681bB5D6aD121A107f300e9B2b5 nonce=1 recipient=0x00fFD3548725459255f1e78A61A07f1539Db0271 value=0
WARN [06-23|09:56:12.010] Block sealing failed                     err=unauthorized
INFO [06-23|09:56:12.010] Commit new mining work                   number=45 sealhash=55b078..e9bbe2 uncles=0 txs=1 gas=0 fees=0 elapsed="618.2µs"
INFO [06-23|09:56:14.007] Imported new chain segment               blocks=1 txs=1 mgas=0.000 elapsed=1.205ms   mgasps=0.000 number=45 hash=ec6486..9999da  dirty=2.09KiB
INFO [06-23|09:56:14.007] Commit new mining work                   number=46 sealhash=87387a..f1da94 uncles=0 txs=0 gas=0 fees=0 elapsed="225.2µs"
INFO [06-23|09:56:14.007] QBFT: handle final committed             address=0x13A52aaB892e1322e8b52506276363d4754c122e current.round=0 current.sequence=45 state="Accept request"
INFO [06-23|09:56:14.008] QBFT: start new round                    address=0x13A52aaB892e1322e8b52506276363d4754c122e old.round=0  old.sequence=45 old.state="Accept request" old.proposer=0x27A97C9AaF04f18f3014c32e036dD0Ac76Da5f18 next.round=0 next.seq=46 next.proposer=0x93917cADBace5dFCE132B991732c6Cda9bcC5B8a next.valSet="[0x27A97C9AaF04f18f3014c32e036dD0Ac76Da5f18 0x93917cADBace5dFCE132B991732c6Cda9bcC5B8a 0x98C1334496614aED49d2E81526D089f7264fED9C 0xcE412f988377e31F4d0fF12d74df73B51C42d0cA]" next.size=4 next.IsProposer=false
INFO [06-23|09:56:14.007] Commit new mining work                   number=46 sealhash=87387a..f1da94 uncles=0 txs=0 gas=0 fees=0 elapsed="586µs"
INFO [06-23|09:56:16.006] Imported new chain segment               blocks=1 txs=0 mgas=0.000 elapsed="749.8µs" mgasps=0.000 number=46 hash=84deef..7f77dd  dirty=2.09KiB
INFO [06-23|09:56:16.007] QBFT: handle final committed             address=0x13A52aaB892e1322e8b52506276363d4754c122e current.round=0 current.sequence=46 state="Accept request"
INFO [06-23|09:56:16.007] QBFT: initialize new round               address=0x13A52aaB892e1322e8b52506276363d4754c122e current.round=0 current.sequence=46 target.round=0 lastProposal.number=46 lastProposal.hash=84deef..7f77dd
INFO [06-23|09:56:16.007] QBFT: start new round                    address=0x13A52aaB892e1322e8b52506276363d4754c122e old.round=0  old.sequence=46 old.state="Accept request" old.proposer=0x93917cADBace5dFCE132B991732c6Cda9bcC5B8a next.round=0 next.seq=47 next.proposer=0x98C1334496614aED49d2E81526D089f7264fED9C next.valSet="[0x27A97C9AaF04f18f3014c32e036dD0Ac76Da5f18 0x93917cADBace5dFCE132B991732c6Cda9bcC5B8a 0x98C1334496614aED49d2E81526D089f7264fED9C 0xcE412f988377e31F4d0fF12d74df73B51C42d0cA]" next.size=4 next.IsProposer=false
WARN [06-23|09:56:16.007] Block sealing failed                     err=unauthorized
INFO [06-23|09:56:16.007] Commit new mining work                   number=47 sealhash=13f3e3..285ff3 uncles=0 txs=0 gas=0 fees=0 elapsed="305.8µs"
INFO [06-23|09:56:18.009] QBFT: handle final committed             address=0x13A52aaB892e1322e8b52506276363d4754c122e current.round=0 current.sequence=47 state="Accept request"
INFO [06-23|09:56:18.009] QBFT: initialize new round               address=0x13A52aaB892e1322e8b52506276363d4754c122e current.round=0 current.sequence=47 target.round=0 lastProposal.number=47 lastProposal.hash=459787..8a0d2b
INFO [06-23|09:56:20.008] QBFT: handle final committed             address=0x13A52aaB892e1322e8b52506276363d4754c122e current.round=0 current.sequence=48 state="Accept request"
INFO [06-23|09:56:20.008] QBFT: start new round                    address=0x13A52aaB892e1322e8b52506276363d4754c122e old.round=0  old.sequence=48 old.state="Accept request" old.proposer=0xcE412f988377e31F4d0fF12d74df73B51C42d0cA next.round=0 next.seq=49 next.proposer=0x27A97C9AaF04f18f3014c32e036dD0Ac76Da5f18 next.valSet="[0x27A97C9AaF04f18f3014c32e036dD0Ac76Da5f18 0x93917cADBace5dFCE132B991732c6Cda9bcC5B8a 0x98C1334496614aED49d2E81526D089f7264fED9C 0xcE412f988377e31F4d0fF12d74df73B51C42d0cA]" next.size=4 next.IsProposer=false
INFO [06-23|09:56:20.008] Commit new mining work                   number=49 sealhash=1ca6a0..648742 uncles=0 txs=0 gas=0 fees=0 elapsed="208.6µs"
INFO [06-23|09:56:22.007] QBFT: handle final committed             address=0x13A52aaB892e1322e8b52506276363d4754c122e current.round=0 current.sequence=49 state="Accept request"
WARN [06-23|09:56:22.008] Block sealing failed                     err=unauthorized
INFO [06-23|09:56:24.007] Imported new chain segment               blocks=1 txs=0 mgas=0.000 elapsed="651µs"   mgasps=0.000 number=50 hash=8de39c..3c02bb  dirty=2.09KiB
INFO [06-23|09:56:24.007] Commit new mining work                   number=51 sealhash=2cc166..698b42 uncles=0 txs=0 gas=0 fees=0 elapsed="214.5µs"
INFO [06-23|09:56:24.008] QBFT: initialize new round               address=0x13A52aaB892e1322e8b52506276363d4754c122e current.round=0 current.sequence=50 target.round=0 lastProposal.number=50 lastProposal.hash=8de39c..3c02bb
INFO [06-23|09:56:28.005] Imported new chain segment               blocks=1 txs=0 mgas=0.000 elapsed="648.2µs" mgasps=0.000 number=52 hash=d95a96..ce22c5  dirty=2.09KiB
WARN [06-23|09:56:28.006] Block sealing failed                     err=unauthorized
INFO [06-23|09:56:28.006] QBFT: start new round                    address=0x13A52aaB892e1322e8b52506276363d4754c122e old.round=0  old.sequence=52 old.state="Accept request" old.proposer=0xcE412f988377e31F4d0fF12d74df73B51C42d0cA next.round=0 next.seq=53 next.proposer=0x27A97C9AaF04f18f3014c32e036dD0Ac76Da5f18 next.valSet="[0x27A97C9AaF04f18f3014c32e036dD0Ac76Da5f18 0x93917cADBace5dFCE132B991732c6Cda9bcC5B8a 0x98C1334496614aED49d2E81526D089f7264fED9C 0xcE412f988377e31F4d0fF12d74df73B51C42d0cA]" next.size=4 next.IsProposer=false
INFO [06-23|09:56:28.006] Commit new mining work                   number=53 sealhash=ac1c67..dfacfa uncles=0 txs=0 gas=0 fees=0 elapsed="214.2µs"
INFO [06-23|09:56:30.007] Commit new mining work                   number=54 sealhash=e65f7f..ca5680 uncles=0 txs=0 gas=0 fees=0 elapsed="229.2µs"
WARN [06-23|09:56:30.007] Block sealing failed                     err=unauthorized
INFO [06-23|09:56:30.007] QBFT: handle final committed             address=0x13A52aaB892e1322e8b52506276363d4754c122e current.round=0 current.sequence=53 state="Accept request"
INFO [06-23|09:56:30.007] QBFT: initialize new round               address=0x13A52aaB892e1322e8b52506276363d4754c122e current.round=0 current.sequence=53 target.round=0 lastProposal.number=53 lastProposal.hash=44f834..82ac46
INFO [06-23|09:56:30.007] QBFT: start new round                    address=0x13A52aaB892e1322e8b52506276363d4754c122e old.round=0  old.sequence=53 old.state="Accept request" old.proposer=0x27A97C9AaF04f18f3014c32e036dD0Ac76Da5f18 next.round=0 next.seq=54 next.proposer=0x93917cADBace5dFCE132B991732c6Cda9bcC5B8a next.valSet="[0x27A97C9AaF04f18f3014c32e036dD0Ac76Da5f18 0x93917cADBace5dFCE132B991732c6Cda9bcC5B8a 0x98C1334496614aED49d2E81526D089f7264fED9C 0xcE412f988377e31F4d0fF12d74df73B51C42d0cA]" next.size=4 next.IsProposer=false
INFO [06-23|09:56:32.006] Imported new chain segment               blocks=1 txs=0 mgas=0.000 elapsed="577.3µs" mgasps=0.000 number=54 hash=129d5d..c770e3  dirty=2.09KiB
WARN [06-23|09:56:32.007] Block sealing failed                     err=unauthorized
INFO [06-23|09:56:32.007] QBFT: start new round                    address=0x13A52aaB892e1322e8b52506276363d4754c122e old.round=0  old.sequence=54 old.state="Accept request" old.proposer=0x93917cADBace5dFCE132B991732c6Cda9bcC5B8a next.round=0 next.seq=55 next.proposer=0x98C1334496614aED49d2E81526D089f7264fED9C next.valSet="[0x27A97C9AaF04f18f3014c32e036dD0Ac76Da5f18 0x93917cADBace5dFCE132B991732c6Cda9bcC5B8a 0x98C1334496614aED49d2E81526D089f7264fED9C 0xcE412f988377e31F4d0fF12d74df73B51C42d0cA]" next.size=4 next.IsProposer=false
INFO [06-23|09:56:34.006] Imported new chain segment               blocks=1 txs=0 mgas=0.000 elapsed="643µs"   mgasps=0.000 number=55 hash=360c8f..f57c75  dirty=2.09KiB
INFO [06-23|09:56:34.006] Commit new mining work                   number=56 sealhash=f85409..f6d91c uncles=0 txs=0 gas=0 fees=0 elapsed="200.9µs"
INFO [06-23|09:56:34.006] QBFT: handle final committed             address=0x13A52aaB892e1322e8b52506276363d4754c122e current.round=0 current.sequence=55 state="Accept request"
INFO [06-23|09:56:34.006] QBFT: initialize new round               address=0x13A52aaB892e1322e8b52506276363d4754c122e current.round=0 current.sequence=55 target.round=0 lastProposal.number=55 lastProposal.hash=360c8f..f57c75
WARN [06-23|09:56:34.007] Block sealing failed                     err=unauthorized
INFO [06-23|09:56:36.006] Imported new chain segment               blocks=1 txs=0 mgas=0.000 elapsed="683.1µs" mgasps=0.000 number=56 hash=4cf87a..4d5f7b  dirty=2.09KiB
INFO [06-23|09:56:36.006] QBFT: handle final committed             address=0x13A52aaB892e1322e8b52506276363d4754c122e current.round=0 current.sequence=56 state="Accept request"
INFO [06-23|09:56:36.006] QBFT: initialize new round               address=0x13A52aaB892e1322e8b52506276363d4754c122e current.round=0 current.sequence=56 target.round=0 lastProposal.number=56 lastProposal.hash=4cf87a..4d5f7b
INFO [06-23|09:56:38.006] QBFT: start new round                    address=0x13A52aaB892e1322e8b52506276363d4754c122e old.round=0  old.sequence=57 old.state="Accept request" old.proposer=0x27A97C9AaF04f18f3014c32e036dD0Ac76Da5f18 next.round=0 next.seq=58 next.proposer=0x93917cADBace5dFCE132B991732c6Cda9bcC5B8a next.valSet="[0x27A97C9AaF04f18f3014c32e036dD0Ac76Da5f18 0x93917cADBace5dFCE132B991732c6Cda9bcC5B8a 0x98C1334496614aED49d2E81526D089f7264fED9C 0xcE412f988377e31F4d0fF12d74df73B51C42d0cA]" next.size=4 next.IsProposer=false
INFO [06-23|09:56:40.006] Imported new chain segment               blocks=1 txs=0 mgas=0.000 elapsed="923.7µs" mgasps=0.000 number=58 hash=affa19..7fde48  dirty=2.09KiB
INFO [06-23|09:56:40.006] QBFT: handle final committed             address=0x13A52aaB892e1322e8b52506276363d4754c122e current.round=0 current.sequence=58 state="Accept request"
INFO [06-23|09:56:40.006] QBFT: initialize new round               address=0x13A52aaB892e1322e8b52506276363d4754c122e current.round=0 current.sequence=58 target.round=0 lastProposal.number=58 lastProposal.hash=affa19..7fde48
INFO [06-23|09:56:40.006] QBFT: start new round                    address=0x13A52aaB892e1322e8b52506276363d4754c122e old.round=0  old.sequence=58 old.state="Accept request" old.proposer=0x93917cADBace5dFCE132B991732c6Cda9bcC5B8a next.round=0 next.seq=59 next.proposer=0x98C1334496614aED49d2E81526D089f7264fED9C next.valSet="[0x27A97C9AaF04f18f3014c32e036dD0Ac76Da5f18 0x93917cADBace5dFCE132B991732c6Cda9bcC5B8a 0x98C1334496614aED49d2E81526D089f7264fED9C 0xcE412f988377e31F4d0fF12d74df73B51C42d0cA]" next.size=4 next.IsProposer=false
INFO [06-23|09:56:40.006] Commit new mining work                   number=59 sealhash=6197b1..18b5ef uncles=0 txs=0 gas=0 fees=0 elapsed="205.3µs"
WARN [06-23|09:56:40.006] Block sealing failed                     err=unauthorized
INFO [06-23|09:56:42.006] Imported new chain segment               blocks=1 txs=0 mgas=0.000 elapsed="643.5µs" mgasps=0.000 number=59 hash=4819d4..e9f2d8  dirty=2.09KiB
INFO [06-23|09:56:42.006] QBFT: handle final committed             address=0x13A52aaB892e1322e8b52506276363d4754c122e current.round=0 current.sequence=59 state="Accept request"
INFO [06-23|09:56:42.006] QBFT: initialize new round               address=0x13A52aaB892e1322e8b52506276363d4754c122e current.round=0 current.sequence=59 target.round=0 lastProposal.number=59 lastProposal.hash=4819d4..e9f2d8
INFO [06-23|09:56:42.006] QBFT: start new round                    address=0x13A52aaB892e1322e8b52506276363d4754c122e old.round=0  old.sequence=59 old.state="Accept request" old.proposer=0x98C1334496614aED49d2E81526D089f7264fED9C next.round=0 next.seq=60 next.proposer=0xcE412f988377e31F4d0fF12d74df73B51C42d0cA next.valSet="[0x27A97C9AaF04f18f3014c32e036dD0Ac76Da5f18 0x93917cADBace5dFCE132B991732c6Cda9bcC5B8a 0x98C1334496614aED49d2E81526D089f7264fED9C 0xcE412f988377e31F4d0fF12d74df73B51C42d0cA]" next.size=4 next.IsProposer=false
INFO [06-23|09:56:42.006] Commit new mining work                   number=60 sealhash=224345..a8d3ae uncles=0 txs=0 gas=0 fees=0 elapsed="431.6µs"
WARN [06-23|09:56:42.006] Block sealing failed                     err=unauthorized
INFO [06-23|09:56:44.006] Imported new chain segment               blocks=1 txs=0 mgas=0.000 elapsed="615.5µs" mgasps=0.000 number=60 hash=1d8d27..9f04b9  dirty=2.09KiB
INFO [06-23|09:56:44.006] Commit new mining work                   number=61 sealhash=8dec21..24791e uncles=0 txs=0 gas=0 fees=0 elapsed="182.9µs"
WARN [06-23|09:56:44.006] Block sealing failed                     err=unauthorized
INFO [06-23|09:56:44.006] QBFT: handle final committed             address=0x13A52aaB892e1322e8b52506276363d4754c122e current.round=0 current.sequence=60 state="Accept request"
INFO [06-23|09:56:44.006] QBFT: initialize new round               address=0x13A52aaB892e1322e8b52506276363d4754c122e current.round=0 current.sequence=60 target.round=0 lastProposal.number=60 lastProposal.hash=1d8d27..9f04b9
INFO [06-23|09:56:44.006] QBFT: start new round                    address=0x13A52aaB892e1322e8b52506276363d4754c122e old.round=0  old.sequence=60 old.state="Accept request" old.proposer=0xcE412f988377e31F4d0fF12d74df73B51C42d0cA next.round=0 next.seq=61 next.proposer=0x27A97C9AaF04f18f3014c32e036dD0Ac76Da5f18 next.valSet="[0x27A97C9AaF04f18f3014c32e036dD0Ac76Da5f18 0x93917cADBace5dFCE132B991732c6Cda9bcC5B8a 0x98C1334496614aED49d2E81526D089f7264fED9C 0xcE412f988377e31F4d0fF12d74df73B51C42d0cA]" next.size=4 next.IsProposer=false
INFO [06-23|09:56:46.006] QBFT: initialize new round               address=0x13A52aaB892e1322e8b52506276363d4754c122e current.round=0 current.sequence=61 target.round=0 lastProposal.number=61 lastProposal.hash=4b6b04..2920da
INFO [06-23|09:56:46.006] QBFT: start new round                    address=0x13A52aaB892e1322e8b52506276363d4754c122e old.round=0  old.sequence=61 old.state="Accept request" old.proposer=0x27A97C9AaF04f18f3014c32e036dD0Ac76Da5f18 next.round=0 next.seq=62 next.proposer=0x93917cADBace5dFCE132B991732c6Cda9bcC5B8a next.valSet="[0x27A97C9AaF04f18f3014c32e036dD0Ac76Da5f18 0x93917cADBace5dFCE132B991732c6Cda9bcC5B8a 0x98C1334496614aED49d2E81526D089f7264fED9C 0xcE412f988377e31F4d0fF12d74df73B51C42d0cA]" next.size=4 next.IsProposer=false
INFO [06-23|09:56:46.006] Commit new mining work                   number=62 sealhash=e8631f..a01d5b uncles=0 txs=0 gas=0 fees=0 elapsed="203.8µs"
WARN [06-23|09:56:46.006] Block sealing failed                     err=unauthorized
INFO [06-23|09:56:48.006] QBFT: initialize new round               address=0x13A52aaB892e1322e8b52506276363d4754c122e current.round=0 current.sequence=62 target.round=0 lastProposal.number=62 lastProposal.hash=e91131..2bd118
INFO [06-23|09:56:48.006] QBFT: start new round                    address=0x13A52aaB892e1322e8b52506276363d4754c122e old.round=0  old.sequence=62 old.state="Accept request" old.proposer=0x93917cADBace5dFCE132B991732c6Cda9bcC5B8a next.round=0 next.seq=63 next.proposer=0x98C1334496614aED49d2E81526D089f7264fED9C next.valSet="[0x27A97C9AaF04f18f3014c32e036dD0Ac76Da5f18 0x93917cADBace5dFCE132B991732c6Cda9bcC5B8a 0x98C1334496614aED49d2E81526D089f7264fED9C 0xcE412f988377e31F4d0fF12d74df73B51C42d0cA]" next.size=4 next.IsProposer=false
WARN [06-23|09:56:48.006] Block sealing failed                     err=unauthorized
INFO [06-23|09:56:48.006] Commit new mining work                   number=63 sealhash=03b1cf..51c53a uncles=0 txs=0 gas=0 fees=0 elapsed="194.5µs"
INFO [06-23|09:56:50.006] Imported new chain segment               blocks=1 txs=0 mgas=0.000 elapsed="650.9µs" mgasps=0.000 number=63 hash=933407..9617c6  dirty=2.09KiB
INFO [06-23|09:56:50.006] QBFT: handle final committed             address=0x13A52aaB892e1322e8b52506276363d4754c122e current.round=0 current.sequence=63 state="Accept request"
INFO [06-23|09:56:50.006] QBFT: initialize new round               address=0x13A52aaB892e1322e8b52506276363d4754c122e current.round=0 current.sequence=63 target.round=0 lastProposal.number=63 lastProposal.hash=933407..9617c6
INFO [06-23|09:56:52.005] QBFT: initialize new round               address=0x13A52aaB892e1322e8b52506276363d4754c122e current.round=0 current.sequence=64 target.round=0 lastProposal.number=64 lastProposal.hash=41b737..11d790
INFO [06-23|09:56:52.006] QBFT: start new round                    address=0x13A52aaB892e1322e8b52506276363d4754c122e old.round=0  old.sequence=64 old.state="Accept request" old.proposer=0xcE412f988377e31F4d0fF12d74df73B51C42d0cA next.round=0 next.seq=65 next.proposer=0x27A97C9AaF04f18f3014c32e036dD0Ac76Da5f18 next.valSet="[0x27A97C9AaF04f18f3014c32e036dD0Ac76Da5f18 0x93917cADBace5dFCE132B991732c6Cda9bcC5B8a 0x98C1334496614aED49d2E81526D089f7264fED9C 0xcE412f988377e31F4d0fF12d74df73B51C42d0cA]" next.size=4 next.IsProposer=false
INFO [06-23|09:56:54.007] QBFT: initialize new round               address=0x13A52aaB892e1322e8b52506276363d4754c122e current.round=0 current.sequence=65 target.round=0 lastProposal.number=65 lastProposal.hash=9072e5..4a9f04
INFO [06-23|09:56:54.007] Commit new mining work                   number=66 sealhash=9e5213..07d7dc uncles=0 txs=0 gas=0 fees=0 elapsed="461.4µs"
WARN [06-23|09:56:54.007] Block sealing failed                     err=unauthorized
INFO [06-23|09:56:56.007] Imported new chain segment               blocks=1 txs=0 mgas=0.000 elapsed=1.749ms   mgasps=0.000 number=66 hash=0389f6..935404  dirty=2.09KiB
INFO [06-23|09:56:58.507] Imported new chain segment               blocks=1 txs=0 mgas=0.000 elapsed="458.9µs" mgasps=0.000 number=67 hash=0d271e..a0308e  dirty=2.09KiB
INFO [06-23|09:56:58.508] QBFT: initialize new round               address=0x13A52aaB892e1322e8b52506276363d4754c122e current.round=0 current.sequence=67 target.round=0 lastProposal.number=67 lastProposal.hash=0d271e..a0308e
INFO [06-23|09:56:58.508] QBFT: start new round                    address=0x13A52aaB892e1322e8b52506276363d4754c122e old.round=0  old.sequence=67 old.state="Accept request" old.proposer=0x98C1334496614aED49d2E81526D089f7264fED9C next.round=0 next.seq=68 next.proposer=0xcE412f988377e31F4d0fF12d74df73B51C42d0cA next.valSet="[0x27A97C9AaF04f18f3014c32e036dD0Ac76Da5f18 0x93917cADBace5dFCE132B991732c6Cda9bcC5B8a 0x98C1334496614aED49d2E81526D089f7264fED9C 0xcE412f988377e31F4d0fF12d74df73B51C42d0cA]" next.size=4 next.IsProposer=false
WARN [06-23|09:56:58.508] Block sealing failed                     err=unauthorized
INFO [06-23|09:57:00.006] QBFT: handle final committed             address=0x13A52aaB892e1322e8b52506276363d4754c122e current.round=0 current.sequence=68 state="Accept request"
INFO [06-23|09:57:00.006] QBFT: initialize new round               address=0x13A52aaB892e1322e8b52506276363d4754c122e current.round=0 current.sequence=68 target.round=0 lastProposal.number=68 lastProposal.hash=29ee09..efbf8f
INFO [06-23|09:57:00.007] Commit new mining work                   number=69 sealhash=7b3918..af214d uncles=0 txs=0 gas=0 fees=0 elapsed="190.1µs"
WARN [06-23|09:57:00.007] Block sealing failed                     err=unauthorized
INFO [06-23|09:57:02.007] Imported new chain segment               blocks=1 txs=0 mgas=0.000 elapsed="731µs"   mgasps=0.000 number=69 hash=1e543b..08f5a6  dirty=2.09KiB
INFO [06-23|09:57:02.007] QBFT: handle final committed             address=0x13A52aaB892e1322e8b52506276363d4754c122e current.round=0 current.sequence=69 state="Accept request"
INFO [06-23|09:57:02.007] QBFT: initialize new round               address=0x13A52aaB892e1322e8b52506276363d4754c122e current.round=0 current.sequence=69 target.round=0 lastProposal.number=69 lastProposal.hash=1e543b..08f5a6
INFO [06-23|09:57:02.007] Commit new mining work                   number=70 sealhash=4321c2..3820ff uncles=0 txs=0 gas=0 fees=0 elapsed="234.1µs"
INFO [06-23|09:57:04.006] Imported new chain segment               blocks=1 txs=0 mgas=0.000 elapsed="673.1µs" mgasps=0.000 number=70 hash=234942..9813b3  dirty=2.09KiB
INFO [06-23|09:57:04.007] QBFT: handle final committed             address=0x13A52aaB892e1322e8b52506276363d4754c122e current.round=0 current.sequence=70 state="Accept request"
INFO [06-23|09:57:04.007] QBFT: initialize new round               address=0x13A52aaB892e1322e8b52506276363d4754c122e current.round=0 current.sequence=70 target.round=0 lastProposal.number=70 lastProposal.hash=234942..9813b3
INFO [06-23|09:57:04.007] Commit new mining work                   number=71 sealhash=caf392..a89df3 uncles=0 txs=0 gas=0 fees=0 elapsed="191.9µs"
INFO [06-23|09:57:04.007] QBFT: start new round                    address=0x13A52aaB892e1322e8b52506276363d4754c122e old.round=0  old.sequence=70 old.state="Accept request" old.proposer=0x93917cADBace5dFCE132B991732c6Cda9bcC5B8a next.round=0 next.seq=71 next.proposer=0x98C1334496614aED49d2E81526D089f7264fED9C next.valSet="[0x27A97C9AaF04f18f3014c32e036dD0Ac76Da5f18 0x93917cADBace5dFCE132B991732c6Cda9bcC5B8a 0x98C1334496614aED49d2E81526D089f7264fED9C 0xcE412f988377e31F4d0fF12d74df73B51C42d0cA]" next.size=4 next.IsProposer=false
WARN [06-23|09:57:04.007] Block sealing failed                     err=unauthorized
INFO [06-23|09:57:06.007] Imported new chain segment               blocks=1 txs=0 mgas=0.000 elapsed="589.7µs" mgasps=0.000 number=71 hash=a00024..9df825  dirty=2.09KiB
INFO [06-23|09:57:06.007] QBFT: start new round                    address=0x13A52aaB892e1322e8b52506276363d4754c122e old.round=0  old.sequence=71 old.state="Accept request" old.proposer=0x98C1334496614aED49d2E81526D089f7264fED9C next.round=0 next.seq=72 next.proposer=0xcE412f988377e31F4d0fF12d74df73B51C42d0cA next.valSet="[0x27A97C9AaF04f18f3014c32e036dD0Ac76Da5f18 0x93917cADBace5dFCE132B991732c6Cda9bcC5B8a 0x98C1334496614aED49d2E81526D089f7264fED9C 0xcE412f988377e31F4d0fF12d74df73B51C42d0cA]" next.size=4 next.IsProposer=false
INFO [06-23|09:57:06.008] Commit new mining work                   number=72 sealhash=8c7e01..c58a03 uncles=0 txs=0 gas=0 fees=0 elapsed="226.6µs"
INFO [06-23|09:57:08.007] Imported new chain segment               blocks=1 txs=0 mgas=0.000 elapsed="581.9µs" mgasps=0.000 number=72 hash=95c844..74a803  dirty=2.09KiB
INFO [06-23|09:57:08.007] QBFT: handle final committed             address=0x13A52aaB892e1322e8b52506276363d4754c122e current.round=0 current.sequence=72 state="Accept request"
INFO [06-23|09:57:08.007] QBFT: initialize new round               address=0x13A52aaB892e1322e8b52506276363d4754c122e current.round=0 current.sequence=72 target.round=0 lastProposal.number=72 lastProposal.hash=95c844..74a803
INFO [06-23|09:57:08.007] QBFT: start new round                    address=0x13A52aaB892e1322e8b52506276363d4754c122e old.round=0  old.sequence=72 old.state="Accept request" old.proposer=0xcE412f988377e31F4d0fF12d74df73B51C42d0cA next.round=0 next.seq=73 next.proposer=0x27A97C9AaF04f18f3014c32e036dD0Ac76Da5f18 next.valSet="[0x27A97C9AaF04f18f3014c32e036dD0Ac76Da5f18 0x93917cADBace5dFCE132B991732c6Cda9bcC5B8a 0x98C1334496614aED49d2E81526D089f7264fED9C 0xcE412f988377e31F4d0fF12d74df73B51C42d0cA]" next.size=4 next.IsProposer=false
WARN [06-23|09:57:08.007] Block sealing failed                     err=unauthorized
INFO [06-23|09:57:10.506] QBFT: initialize new round               address=0x13A52aaB892e1322e8b52506276363d4754c122e current.round=0 current.sequence=73 target.round=0 lastProposal.number=73 lastProposal.hash=ae4f45..8fe37c
INFO [06-23|09:57:12.007] QBFT: start new round                    address=0x13A52aaB892e1322e8b52506276363d4754c122e old.round=0  old.sequence=74 old.state="Accept request" old.proposer=0x93917cADBace5dFCE132B991732c6Cda9bcC5B8a next.round=0 next.seq=75 next.proposer=0x98C1334496614aED49d2E81526D089f7264fED9C next.valSet="[0x27A97C9AaF04f18f3014c32e036dD0Ac76Da5f18 0x93917cADBace5dFCE132B991732c6Cda9bcC5B8a 0x98C1334496614aED49d2E81526D089f7264fED9C 0xcE412f988377e31F4d0fF12d74df73B51C42d0cA]" next.size=4 next.IsProposer=false
INFO [06-23|09:57:12.007] Commit new mining work                   number=75 sealhash=2b33ea..17c847 uncles=0 txs=0 gas=0 fees=0 elapsed="209.6µs"
WARN [06-23|09:57:12.007] Block sealing failed                     err=unauthorized
INFO [06-23|09:57:14.507] Imported new chain segment               blocks=1 txs=0 mgas=0.000 elapsed="564.2µs" mgasps=0.000 number=75 hash=e64c4f..41f447  dirty=2.09KiB
INFO [06-23|09:57:14.507] QBFT: handle final committed             address=0x13A52aaB892e1322e8b52506276363d4754c122e current.round=0 current.sequence=75 state="Accept request"
INFO [06-23|09:57:14.507] QBFT: start new round                    address=0x13A52aaB892e1322e8b52506276363d4754c122e old.round=0  old.sequence=75 old.state="Accept request" old.proposer=0x98C1334496614aED49d2E81526D089f7264fED9C next.round=0 next.seq=76 next.proposer=0xcE412f988377e31F4d0fF12d74df73B51C42d0cA next.valSet="[0x27A97C9AaF04f18f3014c32e036dD0Ac76Da5f18 0x93917cADBace5dFCE132B991732c6Cda9bcC5B8a 0x98C1334496614aED49d2E81526D089f7264fED9C 0xcE412f988377e31F4d0fF12d74df73B51C42d0cA]" next.size=4 next.IsProposer=false
INFO [06-23|09:57:16.007] Commit new mining work                   number=77 sealhash=ad8846..adb0c7 uncles=0 txs=0 gas=0 fees=0 elapsed="211.5µs"
WARN [06-23|09:57:16.007] Block sealing failed                     err=unauthorized
INFO [06-23|09:57:16.007] QBFT: initialize new round               address=0x13A52aaB892e1322e8b52506276363d4754c122e current.round=0 current.sequence=76 target.round=0 lastProposal.number=76 lastProposal.hash=da795b..3c2dc8
INFO [06-23|09:57:18.007] Imported new chain segment               blocks=1 txs=0 mgas=0.000 elapsed="483.6µs" mgasps=0.000 number=77 hash=90529c..7dec11  dirty=2.09KiB
WARN [06-23|09:57:20.006] Block sealing failed                     err=unauthorized
INFO [06-23|09:57:22.007] Imported new chain segment               blocks=1 txs=0 mgas=0.000 elapsed="709.5µs" mgasps=0.000 number=79 hash=4305a0..61d0ba  dirty=2.09KiB
INFO [06-23|09:57:22.007] QBFT: start new round                    address=0x13A52aaB892e1322e8b52506276363d4754c122e old.round=0  old.sequence=79 old.state="Accept request" old.proposer=0x98C1334496614aED49d2E81526D089f7264fED9C next.round=0 next.seq=80 next.proposer=0xcE412f988377e31F4d0fF12d74df73B51C42d0cA next.valSet="[0x27A97C9AaF04f18f3014c32e036dD0Ac76Da5f18 0x93917cADBace5dFCE132B991732c6Cda9bcC5B8a 0x98C1334496614aED49d2E81526D089f7264fED9C 0xcE412f988377e31F4d0fF12d74df73B51C42d0cA]" next.size=4 next.IsProposer=false
INFO [06-23|09:57:22.008] Commit new mining work                   number=80 sealhash=869747..828f79 uncles=0 txs=0 gas=0 fees=0 elapsed="230.9µs"
INFO [06-23|09:57:24.506] Imported new chain segment               blocks=1 txs=0 mgas=0.000 elapsed="560.9µs" mgasps=0.000 number=80 hash=c807f3..a6bb3b  dirty=2.09KiB
INFO [06-23|09:57:24.506] QBFT: handle final committed             address=0x13A52aaB892e1322e8b52506276363d4754c122e current.round=0 current.sequence=80 state="Accept request"
INFO [06-23|09:57:24.506] Commit new mining work                   number=81 sealhash=4436d2..ee6f56 uncles=0 txs=0 gas=0 fees=0 elapsed="176.2µs"
INFO [06-23|09:57:26.007] QBFT: start new round                    address=0x13A52aaB892e1322e8b52506276363d4754c122e old.round=0  old.sequence=81 old.state="Accept request" old.proposer=0x27A97C9AaF04f18f3014c32e036dD0Ac76Da5f18 next.round=0 next.seq=82 next.proposer=0x93917cADBace5dFCE132B991732c6Cda9bcC5B8a next.valSet="[0x27A97C9AaF04f18f3014c32e036dD0Ac76Da5f18 0x93917cADBace5dFCE132B991732c6Cda9bcC5B8a 0x98C1334496614aED49d2E81526D089f7264fED9C 0xcE412f988377e31F4d0fF12d74df73B51C42d0cA]" next.size=4 next.IsProposer=false
INFO [06-23|09:57:26.007] Commit new mining work                   number=82 sealhash=739f0e..2b90dc uncles=0 txs=0 gas=0 fees=0 elapsed="632.4µs"
INFO [06-23|09:57:28.007] Imported new chain segment               blocks=1 txs=0 mgas=0.000 elapsed="603.4µs" mgasps=0.000 number=82 hash=1459fd..fafef1  dirty=2.09KiB
INFO [06-23|09:57:28.008] QBFT: handle final committed             address=0x13A52aaB892e1322e8b52506276363d4754c122e current.round=0 current.sequence=82 state="Accept request"
WARN [06-23|09:57:28.008] Block sealing failed                     err=unauthorized
INFO [06-23|09:57:30.006] Imported new chain segment               blocks=1 txs=0 mgas=0.000 elapsed="616.9µs" mgasps=0.000 number=83 hash=a891b2..782bd7  dirty=2.09KiB
INFO [06-23|09:57:30.006] QBFT: handle final committed             address=0x13A52aaB892e1322e8b52506276363d4754c122e current.round=0 current.sequence=83 state="Accept request"
INFO [06-23|09:57:30.006] QBFT: initialize new round               address=0x13A52aaB892e1322e8b52506276363d4754c122e current.round=0 current.sequence=83 target.round=0 lastProposal.number=83 lastProposal.hash=a891b2..782bd7
INFO [06-23|09:57:30.006] QBFT: start new round                    address=0x13A52aaB892e1322e8b52506276363d4754c122e old.round=0  old.sequence=83 old.state="Accept request" old.proposer=0x98C1334496614aED49d2E81526D089f7264fED9C next.round=0 next.seq=84 next.proposer=0xcE412f988377e31F4d0fF12d74df73B51C42d0cA next.valSet="[0x27A97C9AaF04f18f3014c32e036dD0Ac76Da5f18 0x93917cADBace5dFCE132B991732c6Cda9bcC5B8a 0x98C1334496614aED49d2E81526D089f7264fED9C 0xcE412f988377e31F4d0fF12d74df73B51C42d0cA]" next.size=4 next.IsProposer=false
INFO [06-23|09:57:31.948] Got interrupt, shutting down... 
INFO [06-23|09:57:31.951] HTTP server stopped                      endpoint=[::]:8546
INFO [06-23|09:57:31.951] IPC endpoint closed                      url=/data/geth.ipc
INFO [06-23|09:57:31.951] Stopping all plugins                     count=0
INFO [06-23|09:57:31.951] Ethereum protocol stopped 
INFO [06-23|09:57:31.952] Transaction pool stopped 
INFO [06-23|09:57:31.952] QBFT: stopping...                        address=0x13A52aaB892e1322e8b52506276363d4754c122e
INFO [06-23|09:57:31.952] QBFT: stopped                            address=0x13A52aaB892e1322e8b52506276363d4754c122e
INFO [06-23|09:57:31.954] Persisted the clean trie cache           path=/data/geth/triecache elapsed=1.765ms
INFO [06-23|09:57:31.955] Blockchain stopped 
